running egg_info
creating ../../build/rw_distance_sensors/rw_distance_sensors.egg-info
writing ../../build/rw_distance_sensors/rw_distance_sensors.egg-info/PKG-INFO
writing dependency_links to ../../build/rw_distance_sensors/rw_distance_sensors.egg-info/dependency_links.txt
writing entry points to ../../build/rw_distance_sensors/rw_distance_sensors.egg-info/entry_points.txt
writing requirements to ../../build/rw_distance_sensors/rw_distance_sensors.egg-info/requires.txt
writing top-level names to ../../build/rw_distance_sensors/rw_distance_sensors.egg-info/top_level.txt
writing manifest file '../../build/rw_distance_sensors/rw_distance_sensors.egg-info/SOURCES.txt'
reading manifest file '../../build/rw_distance_sensors/rw_distance_sensors.egg-info/SOURCES.txt'
writing manifest file '../../build/rw_distance_sensors/rw_distance_sensors.egg-info/SOURCES.txt'
running build
running build_py
creating /mnt/c/ROS2/robotic-waitress/build/rw_distance_sensors/build
creating /mnt/c/ROS2/robotic-waitress/build/rw_distance_sensors/build/lib
creating /mnt/c/ROS2/robotic-waitress/build/rw_distance_sensors/build/lib/rw_distance_sensors
copying rw_distance_sensors/ROS_sonar.py -> /mnt/c/ROS2/robotic-waitress/build/rw_distance_sensors/build/lib/rw_distance_sensors
copying rw_distance_sensors/Sonar.py -> /mnt/c/ROS2/robotic-waitress/build/rw_distance_sensors/build/lib/rw_distance_sensors
copying rw_distance_sensors/__init__.py -> /mnt/c/ROS2/robotic-waitress/build/rw_distance_sensors/build/lib/rw_distance_sensors
running install
running install_lib
creating /mnt/c/ROS2/robotic-waitress/install/rw_distance_sensors/lib/python3.10/site-packages/rw_distance_sensors
copying /mnt/c/ROS2/robotic-waitress/build/rw_distance_sensors/build/lib/rw_distance_sensors/ROS_sonar.py -> /mnt/c/ROS2/robotic-waitress/install/rw_distance_sensors/lib/python3.10/site-packages/rw_distance_sensors
copying /mnt/c/ROS2/robotic-waitress/build/rw_distance_sensors/build/lib/rw_distance_sensors/Sonar.py -> /mnt/c/ROS2/robotic-waitress/install/rw_distance_sensors/lib/python3.10/site-packages/rw_distance_sensors
copying /mnt/c/ROS2/robotic-waitress/build/rw_distance_sensors/build/lib/rw_distance_sensors/__init__.py -> /mnt/c/ROS2/robotic-waitress/install/rw_distance_sensors/lib/python3.10/site-packages/rw_distance_sensors
byte-compiling /mnt/c/ROS2/robotic-waitress/install/rw_distance_sensors/lib/python3.10/site-packages/rw_distance_sensors/ROS_sonar.py to ROS_sonar.cpython-310.pyc
byte-compiling /mnt/c/ROS2/robotic-waitress/install/rw_distance_sensors/lib/python3.10/site-packages/rw_distance_sensors/Sonar.py to Sonar.cpython-310.pyc
byte-compiling /mnt/c/ROS2/robotic-waitress/install/rw_distance_sensors/lib/python3.10/site-packages/rw_distance_sensors/__init__.py to __init__.cpython-310.pyc
running install_data
copying resource/rw_distance_sensors -> /mnt/c/ROS2/robotic-waitress/install/rw_distance_sensors/share/ament_index/resource_index/packages
copying package.xml -> /mnt/c/ROS2/robotic-waitress/install/rw_distance_sensors/share/rw_distance_sensors
running install_egg_info
Copying ../../build/rw_distance_sensors/rw_distance_sensors.egg-info to /mnt/c/ROS2/robotic-waitress/install/rw_distance_sensors/lib/python3.10/site-packages/rw_distance_sensors-0.0.0-py3.10.egg-info
running install_scripts
Installing sonar script to /mnt/c/ROS2/robotic-waitress/install/rw_distance_sensors/lib/rw_distance_sensors
writing list of installed files to '/mnt/c/ROS2/robotic-waitress/build/rw_distance_sensors/install.log'
