gmake: Warning: File 'Makefile' has modification time 0.55 s in the future
gmake[1]: Warning: File 'CMakeFiles/Makefile2' has modification time 1.4 s in the future
gmake[2]: Warning: File 'CMakeFiles/ament_cmake_python_copy_rw_interfaces.dir/progress.make' has modification time 1 s in the future
gmake[2]: Warning: File 'CMakeFiles/rw_interfaces__cpp.dir/progress.make' has modification time 1 s in the future
gmake[2]: Warning: File 'CMakeFiles/rw_interfaces__rosidl_generator_c.dir/progress.make' has modification time 1.1 s in the future
gmake[2]: warning:  Clock skew detected.  Your build may be incomplete.
gmake[2]: warning:  Clock skew detected.  Your build may be incomplete.
gmake[2]: Warning: File 'CMakeFiles/ament_cmake_python_copy_rw_interfaces.dir/progress.make' has modification time 0.93 s in the future
gmake[2]: Warning: File 'CMakeFiles/rw_interfaces__cpp.dir/progress.make' has modification time 0.95 s in the future
gmake[2]: warning:  Clock skew detected.  Your build may be incomplete.
gmake[2]: Warning: File 'CMakeFiles/ament_cmake_python_build_rw_interfaces_egg.dir/progress.make' has modification time 0.71 s in the future
gmake[2]: warning:  Clock skew detected.  Your build may be incomplete.
gmake[2]: Warning: File 'CMakeFiles/ament_cmake_python_build_rw_interfaces_egg.dir/progress.make' has modification time 0.65 s in the future
gmake[2]: warning:  Clock skew detected.  Your build may be incomplete.
gmake[2]: warning:  Clock skew detected.  Your build may be incomplete.
gmake[2]: warning:  Clock skew detected.  Your build may be incomplete.
gmake[2]: Warning: File 'rosidl_generator_c/rw_interfaces/msg/detail/ultrasonic__functions.c' has modification time 1.2 s in the future
gmake[2]: Warning: File 'rosidl_typesupport_cpp/rw_interfaces/msg/ultrasonic__type_support.cpp' has modification time 1.3 s in the future
gmake[2]: Warning: File 'rosidl_typesupport_fastrtps_cpp/rw_interfaces/msg/detail/dds_fastrtps/ultrasonic__type_support.cpp' has modification time 0.95 s in the future
gmake[2]: Warning: File 'rosidl_typesupport_introspection_cpp/rw_interfaces/msg/detail/ultrasonic__type_support.cpp' has modification time 1.4 s in the future
gmake[2]: warning:  Clock skew detected.  Your build may be incomplete.
gmake[2]: Warning: File 'rosidl_typesupport_fastrtps_c/rw_interfaces/msg/detail/ultrasonic__type_support_c.cpp' has modification time 1.3 s in the future
gmake[2]: warning:  Clock skew detected.  Your build may be incomplete.
gmake[2]: Warning: File 'rosidl_typesupport_introspection_c/rw_interfaces/msg/detail/ultrasonic__type_support.c' has modification time 1.4 s in the future
gmake[2]: warning:  Clock skew detected.  Your build may be incomplete.
gmake[2]: warning:  Clock skew detected.  Your build may be incomplete.
gmake[2]: Warning: File 'rosidl_typesupport_c/rw_interfaces/msg/ultrasonic__type_support.cpp' has modification time 1.4 s in the future
gmake[2]: warning:  Clock skew detected.  Your build may be incomplete.
gmake[2]: warning:  Clock skew detected.  Your build may be incomplete.
gmake[2]: warning:  Clock skew detected.  Your build may be incomplete.
gmake[2]: Warning: File 'rosidl_generator_py/rw_interfaces/msg/_ultrasonic_s.c' has modification time 1.6 s in the future
gmake[2]: warning:  Clock skew detected.  Your build may be incomplete.
gmake[2]: Warning: File 'rosidl_generator_py/rw_interfaces/_rw_interfaces_s.ep.rosidl_typesupport_fastrtps_c.c' has modification time 0.11 s in the future
gmake[2]: Warning: File 'rosidl_generator_py/rw_interfaces/_rw_interfaces_s.ep.rosidl_typesupport_introspection_c.c' has modification time 0.22 s in the future
gmake[2]: Warning: File 'rosidl_generator_py/rw_interfaces/_rw_interfaces_s.ep.rosidl_typesupport_c.c' has modification time 0.22 s in the future
gmake[2]: warning:  Clock skew detected.  Your build may be incomplete.
gmake[2]: warning:  Clock skew detected.  Your build may be incomplete.
gmake[2]: warning:  Clock skew detected.  Your build may be incomplete.
gmake[1]: warning:  Clock skew detected.  Your build may be incomplete.
gmake: warning:  Clock skew detected.  Your build may be incomplete.
