-- The C compiler identification is GNU 11.3.0
-- The CXX compiler identification is GNU 11.3.0
-- Detecting C compiler ABI info
-- Detecting C compiler ABI info - done
-- Check for working C compiler: /usr/bin/cc - skipped
-- Detecting C compile features
-- Detecting C compile features - done
-- Detecting CXX compiler ABI info
-- Detecting CXX compiler ABI info - done
-- Check for working CXX compiler: /usr/bin/c++ - skipped
-- Detecting CXX compile features
-- Detecting CXX compile features - done
-- Found ament_cmake: 1.3.3 (/opt/ros/humble/share/ament_cmake/cmake)
-- Found Python3: /usr/bin/python3.10 (found version "3.10.6") found components: Interpreter 
-- Found rosidl_default_generators: 1.2.0 (/opt/ros/humble/share/rosidl_default_generators/cmake)
-- Using all available rosidl_typesupport_c: rosidl_typesupport_fastrtps_c;rosidl_typesupport_introspection_c
-- Found rosidl_adapter: 3.1.4 (/opt/ros/humble/share/rosidl_adapter/cmake)
-- Using all available rosidl_typesupport_cpp: rosidl_typesupport_fastrtps_cpp;rosidl_typesupport_introspection_cpp
-- Found std_msgs: 4.2.3 (/opt/ros/humble/share/std_msgs/cmake)
-- Found irobot_create_msgs: 2.1.0 (/opt/ros/humble/share/irobot_create_msgs/cmake)
-- Found ament_cmake_ros: 0.10.0 (/opt/ros/humble/share/ament_cmake_ros/cmake)
-- Using all available rosidl_typesupport_c: rosidl_typesupport_fastrtps_c;rosidl_typesupport_introspection_c
-- Using all available rosidl_typesupport_cpp: rosidl_typesupport_fastrtps_cpp;rosidl_typesupport_introspection_cpp
-- Found PythonInterp: /usr/bin/python3 (found suitable version "3.10.6", minimum required is "3.6") 
-- Found python_cmake_module: 0.10.0 (/opt/ros/humble/share/python_cmake_module/cmake)
-- Found PythonLibs: /usr/lib/x86_64-linux-gnu/libpython3.10.so (found suitable version "3.10.6", minimum required is "3.5") 
-- Using PYTHON_EXECUTABLE: /usr/bin/python3
-- Using PYTHON_INCLUDE_DIRS: /usr/include/python3.10
-- Using PYTHON_LIBRARIES: /usr/lib/x86_64-linux-gnu/libpython3.10.so
-- Found PythonExtra: .so  
-- Found ament_lint_auto: 0.12.5 (/opt/ros/humble/share/ament_lint_auto/cmake)
-- Added test 'lint_cmake' to check CMake code style
-- Added test 'xmllint' to check XML markup files
-- Configuring done
-- Generating done
-- Build files have been written to: /mnt/c/ROS2/robotic-waitress/build/rw_interfaces
gmake: Warning: File 'Makefile' has modification time 0.55 s in the future
gmake[1]: Warning: File 'CMakeFiles/Makefile2' has modification time 1.4 s in the future
gmake[2]: Warning: File 'CMakeFiles/ament_cmake_python_copy_rw_interfaces.dir/progress.make' has modification time 1 s in the future
gmake[2]: Warning: File 'CMakeFiles/rw_interfaces__cpp.dir/progress.make' has modification time 1 s in the future
gmake[2]: Warning: File 'CMakeFiles/rw_interfaces__rosidl_generator_c.dir/progress.make' has modification time 1.1 s in the future
gmake[2]: warning:  Clock skew detected.  Your build may be incomplete.
gmake[2]: warning:  Clock skew detected.  Your build may be incomplete.
gmake[2]: Warning: File 'CMakeFiles/ament_cmake_python_copy_rw_interfaces.dir/progress.make' has modification time 0.93 s in the future
gmake[2]: Warning: File 'CMakeFiles/rw_interfaces__cpp.dir/progress.make' has modification time 0.95 s in the future
[  2%] [34m[1mGenerating C code for ROS interfaces[0m
[  5%] [34m[1mGenerating C++ code for ROS interfaces[0m
gmake[2]: warning:  Clock skew detected.  Your build may be incomplete.
[  5%] Built target ament_cmake_python_copy_rw_interfaces
gmake[2]: Warning: File 'CMakeFiles/ament_cmake_python_build_rw_interfaces_egg.dir/progress.make' has modification time 0.71 s in the future
gmake[2]: warning:  Clock skew detected.  Your build may be incomplete.
gmake[2]: Warning: File 'CMakeFiles/ament_cmake_python_build_rw_interfaces_egg.dir/progress.make' has modification time 0.65 s in the future
running egg_info
creating rw_interfaces.egg-info
writing rw_interfaces.egg-info/PKG-INFO
writing dependency_links to rw_interfaces.egg-info/dependency_links.txt
writing top-level names to rw_interfaces.egg-info/top_level.txt
writing manifest file 'rw_interfaces.egg-info/SOURCES.txt'
reading manifest file 'rw_interfaces.egg-info/SOURCES.txt'
writing manifest file 'rw_interfaces.egg-info/SOURCES.txt'
gmake[2]: warning:  Clock skew detected.  Your build may be incomplete.
[  5%] Built target ament_cmake_python_build_rw_interfaces_egg
gmake[2]: warning:  Clock skew detected.  Your build may be incomplete.
[  5%] Built target rw_interfaces__cpp
[ 10%] [34m[1mGenerating C++ introspection for ROS interfaces[0m
[ 10%] [34m[1mGenerating C++ type support for eProsima Fast-RTPS[0m
gmake[2]: warning:  Clock skew detected.  Your build may be incomplete.
[ 12%] [34m[1mGenerating C++ type support dispatch for ROS interfaces[0m
gmake[2]: Warning: File 'rosidl_generator_c/rw_interfaces/msg/detail/ultrasonic__functions.c' has modification time 1.2 s in the future
[ 15%] [32mBuilding C object CMakeFiles/rw_interfaces__rosidl_generator_c.dir/rosidl_generator_c/rw_interfaces/msg/detail/ultrasonic__functions.c.o[0m
[ 17%] [32mBuilding C object CMakeFiles/rw_interfaces__rosidl_generator_c.dir/rosidl_generator_c/rw_interfaces/msg/detail/detections_vector__functions.c.o[0m
gmake[2]: Warning: File 'rosidl_typesupport_cpp/rw_interfaces/msg/ultrasonic__type_support.cpp' has modification time 1.3 s in the future
[ 20%] [32mBuilding CXX object CMakeFiles/rw_interfaces__rosidl_typesupport_cpp.dir/rosidl_typesupport_cpp/rw_interfaces/msg/ultrasonic__type_support.cpp.o[0m
gmake[2]: Warning: File 'rosidl_typesupport_fastrtps_cpp/rw_interfaces/msg/detail/dds_fastrtps/ultrasonic__type_support.cpp' has modification time 0.95 s in the future
[ 23%] [32mBuilding CXX object CMakeFiles/rw_interfaces__rosidl_typesupport_fastrtps_cpp.dir/rosidl_typesupport_fastrtps_cpp/rw_interfaces/msg/detail/dds_fastrtps/ultrasonic__type_support.cpp.o[0m
[ 25%] [32m[1mLinking C shared library librw_interfaces__rosidl_generator_c.so[0m
gmake[2]: Warning: File 'rosidl_typesupport_introspection_cpp/rw_interfaces/msg/detail/ultrasonic__type_support.cpp' has modification time 1.4 s in the future
[ 28%] [32mBuilding CXX object CMakeFiles/rw_interfaces__rosidl_typesupport_introspection_cpp.dir/rosidl_typesupport_introspection_cpp/rw_interfaces/msg/detail/ultrasonic__type_support.cpp.o[0m
gmake[2]: warning:  Clock skew detected.  Your build may be incomplete.
[ 28%] Built target rw_interfaces__rosidl_generator_c
[ 30%] [34m[1mGenerating C type support for eProsima Fast-RTPS[0m
[ 33%] [32mBuilding CXX object CMakeFiles/rw_interfaces__rosidl_typesupport_cpp.dir/rosidl_typesupport_cpp/rw_interfaces/msg/detections_vector__type_support.cpp.o[0m
[ 35%] [32mBuilding CXX object CMakeFiles/rw_interfaces__rosidl_typesupport_fastrtps_cpp.dir/rosidl_typesupport_fastrtps_cpp/rw_interfaces/msg/detail/dds_fastrtps/detections_vector__type_support.cpp.o[0m
[ 41%] [32m[1mLinking CXX shared library librw_interfaces__rosidl_typesupport_cpp.so[0m
[ 41%] [32mBuilding CXX object CMakeFiles/rw_interfaces__rosidl_typesupport_introspection_cpp.dir/rosidl_typesupport_introspection_cpp/rw_interfaces/msg/detail/detections_vector__type_support.cpp.o[0m
gmake[2]: Warning: File 'rosidl_typesupport_fastrtps_c/rw_interfaces/msg/detail/ultrasonic__type_support_c.cpp' has modification time 1.3 s in the future
[ 43%] [32mBuilding CXX object CMakeFiles/rw_interfaces__rosidl_typesupport_fastrtps_c.dir/rosidl_typesupport_fastrtps_c/rw_interfaces/msg/detail/ultrasonic__type_support_c.cpp.o[0m
gmake[2]: warning:  Clock skew detected.  Your build may be incomplete.
[ 43%] Built target rw_interfaces__rosidl_typesupport_cpp
[ 46%] [34m[1mGenerating C introspection for ROS interfaces[0m
[ 48%] [32mBuilding CXX object CMakeFiles/rw_interfaces__rosidl_typesupport_fastrtps_c.dir/rosidl_typesupport_fastrtps_c/rw_interfaces/msg/detail/detections_vector__type_support_c.cpp.o[0m
[ 51%] [32m[1mLinking CXX shared library librw_interfaces__rosidl_typesupport_fastrtps_cpp.so[0m
gmake[2]: Warning: File 'rosidl_typesupport_introspection_c/rw_interfaces/msg/detail/ultrasonic__type_support.c' has modification time 1.4 s in the future
[ 53%] [32mBuilding C object CMakeFiles/rw_interfaces__rosidl_typesupport_introspection_c.dir/rosidl_typesupport_introspection_c/rw_interfaces/msg/detail/ultrasonic__type_support.c.o[0m
[ 56%] [32m[1mLinking CXX shared library librw_interfaces__rosidl_typesupport_introspection_cpp.so[0m
[ 58%] [32mBuilding C object CMakeFiles/rw_interfaces__rosidl_typesupport_introspection_c.dir/rosidl_typesupport_introspection_c/rw_interfaces/msg/detail/detections_vector__type_support.c.o[0m
gmake[2]: warning:  Clock skew detected.  Your build may be incomplete.
[ 58%] Built target rw_interfaces__rosidl_typesupport_fastrtps_cpp
[ 61%] [34m[1mGenerating C type support dispatch for ROS interfaces[0m
gmake[2]: warning:  Clock skew detected.  Your build may be incomplete.
[ 61%] Built target rw_interfaces__rosidl_typesupport_introspection_cpp
[ 64%] [32m[1mLinking C shared library librw_interfaces__rosidl_typesupport_introspection_c.so[0m
gmake[2]: Warning: File 'rosidl_typesupport_c/rw_interfaces/msg/ultrasonic__type_support.cpp' has modification time 1.4 s in the future
[ 66%] [32mBuilding CXX object CMakeFiles/rw_interfaces__rosidl_typesupport_c.dir/rosidl_typesupport_c/rw_interfaces/msg/ultrasonic__type_support.cpp.o[0m
gmake[2]: warning:  Clock skew detected.  Your build may be incomplete.
[ 69%] [32mBuilding CXX object CMakeFiles/rw_interfaces__rosidl_typesupport_c.dir/rosidl_typesupport_c/rw_interfaces/msg/detections_vector__type_support.cpp.o[0m
[ 69%] Built target rw_interfaces__rosidl_typesupport_introspection_c
[ 71%] [32m[1mLinking CXX shared library librw_interfaces__rosidl_typesupport_c.so[0m
[ 74%] [32m[1mLinking CXX shared library librw_interfaces__rosidl_typesupport_fastrtps_c.so[0m
gmake[2]: warning:  Clock skew detected.  Your build may be incomplete.
[ 74%] Built target rw_interfaces__rosidl_typesupport_c
gmake[2]: warning:  Clock skew detected.  Your build may be incomplete.
[ 74%] Built target rw_interfaces__rosidl_typesupport_fastrtps_c
[ 74%] Built target rw_interfaces
[ 76%] [34m[1mGenerating Python code for ROS interfaces[0m
[ 76%] Built target rw_interfaces__py
gmake[2]: Warning: File 'rosidl_generator_py/rw_interfaces/msg/_ultrasonic_s.c' has modification time 1.6 s in the future
[ 79%] [32mBuilding C object CMakeFiles/rw_interfaces__rosidl_generator_py.dir/rosidl_generator_py/rw_interfaces/msg/_ultrasonic_s.c.o[0m
[ 82%] [32mBuilding C object CMakeFiles/rw_interfaces__rosidl_generator_py.dir/rosidl_generator_py/rw_interfaces/msg/_detections_vector_s.c.o[0m
[ 84%] [32m[1mLinking C shared library rosidl_generator_py/rw_interfaces/librw_interfaces__rosidl_generator_py.so[0m
gmake[2]: warning:  Clock skew detected.  Your build may be incomplete.
[ 84%] Built target rw_interfaces__rosidl_generator_py
gmake[2]: Warning: File 'rosidl_generator_py/rw_interfaces/_rw_interfaces_s.ep.rosidl_typesupport_fastrtps_c.c' has modification time 0.11 s in the future
gmake[2]: Warning: File 'rosidl_generator_py/rw_interfaces/_rw_interfaces_s.ep.rosidl_typesupport_introspection_c.c' has modification time 0.22 s in the future
gmake[2]: Warning: File 'rosidl_generator_py/rw_interfaces/_rw_interfaces_s.ep.rosidl_typesupport_c.c' has modification time 0.22 s in the future
[ 92%] [32mBuilding C object CMakeFiles/rw_interfaces__rosidl_typesupport_c__pyext.dir/rosidl_generator_py/rw_interfaces/_rw_interfaces_s.ep.rosidl_typesupport_c.c.o[0m
[ 92%] [32mBuilding C object CMakeFiles/rw_interfaces__rosidl_typesupport_introspection_c__pyext.dir/rosidl_generator_py/rw_interfaces/_rw_interfaces_s.ep.rosidl_typesupport_introspection_c.c.o[0m
[ 92%] [32mBuilding C object CMakeFiles/rw_interfaces__rosidl_typesupport_fastrtps_c__pyext.dir/rosidl_generator_py/rw_interfaces/_rw_interfaces_s.ep.rosidl_typesupport_fastrtps_c.c.o[0m
[ 94%] [32m[1mLinking C shared library rosidl_generator_py/rw_interfaces/rw_interfaces_s__rosidl_typesupport_c.cpython-310-x86_64-linux-gnu.so[0m
[ 97%] [32m[1mLinking C shared library rosidl_generator_py/rw_interfaces/rw_interfaces_s__rosidl_typesupport_introspection_c.cpython-310-x86_64-linux-gnu.so[0m
[100%] [32m[1mLinking C shared library rosidl_generator_py/rw_interfaces/rw_interfaces_s__rosidl_typesupport_fastrtps_c.cpython-310-x86_64-linux-gnu.so[0m
gmake[2]: warning:  Clock skew detected.  Your build may be incomplete.
gmake[2]: warning:  Clock skew detected.  Your build may be incomplete.
gmake[2]: warning:  Clock skew detected.  Your build may be incomplete.
[100%] Built target rw_interfaces__rosidl_typesupport_c__pyext
[100%] Built target rw_interfaces__rosidl_typesupport_introspection_c__pyext
[100%] Built target rw_interfaces__rosidl_typesupport_fastrtps_c__pyext
gmake[1]: warning:  Clock skew detected.  Your build may be incomplete.
gmake: warning:  Clock skew detected.  Your build may be incomplete.
-- Install configuration: ""
-- Installing: /mnt/c/ROS2/robotic-waitress/install/rw_interfaces/share/ament_index/resource_index/rosidl_interfaces/rw_interfaces
-- Up-to-date: /mnt/c/ROS2/robotic-waitress/install/rw_interfaces/include/rw_interfaces/rw_interfaces
-- Up-to-date: /mnt/c/ROS2/robotic-waitress/install/rw_interfaces/include/rw_interfaces/rw_interfaces/msg
-- Up-to-date: /mnt/c/ROS2/robotic-waitress/install/rw_interfaces/include/rw_interfaces/rw_interfaces/msg/detail
-- Installing: /mnt/c/ROS2/robotic-waitress/install/rw_interfaces/include/rw_interfaces/rw_interfaces/msg/detail/detections_vector__functions.c
-- Installing: /mnt/c/ROS2/robotic-waitress/install/rw_interfaces/include/rw_interfaces/rw_interfaces/msg/detail/detections_vector__functions.h
-- Installing: /mnt/c/ROS2/robotic-waitress/install/rw_interfaces/include/rw_interfaces/rw_interfaces/msg/detail/detections_vector__struct.h
-- Installing: /mnt/c/ROS2/robotic-waitress/install/rw_interfaces/include/rw_interfaces/rw_interfaces/msg/detail/detections_vector__type_support.h
-- Installing: /mnt/c/ROS2/robotic-waitress/install/rw_interfaces/include/rw_interfaces/rw_interfaces/msg/detail/ultrasonic__functions.c
-- Installing: /mnt/c/ROS2/robotic-waitress/install/rw_interfaces/include/rw_interfaces/rw_interfaces/msg/detail/ultrasonic__functions.h
-- Installing: /mnt/c/ROS2/robotic-waitress/install/rw_interfaces/include/rw_interfaces/rw_interfaces/msg/detail/ultrasonic__struct.h
-- Installing: /mnt/c/ROS2/robotic-waitress/install/rw_interfaces/include/rw_interfaces/rw_interfaces/msg/detail/ultrasonic__type_support.h
-- Installing: /mnt/c/ROS2/robotic-waitress/install/rw_interfaces/include/rw_interfaces/rw_interfaces/msg/detections_vector.h
-- Installing: /mnt/c/ROS2/robotic-waitress/install/rw_interfaces/include/rw_interfaces/rw_interfaces/msg/rosidl_generator_c__visibility_control.h
-- Installing: /mnt/c/ROS2/robotic-waitress/install/rw_interfaces/include/rw_interfaces/rw_interfaces/msg/ultrasonic.h
-- Installing: /mnt/c/ROS2/robotic-waitress/install/rw_interfaces/share/rw_interfaces/environment/library_path.sh
-- Installing: /mnt/c/ROS2/robotic-waitress/install/rw_interfaces/share/rw_interfaces/environment/library_path.dsv
-- Installing: /mnt/c/ROS2/robotic-waitress/install/rw_interfaces/lib/librw_interfaces__rosidl_generator_c.so
-- Set runtime path of "/mnt/c/ROS2/robotic-waitress/install/rw_interfaces/lib/librw_interfaces__rosidl_generator_c.so" to ""
-- Up-to-date: /mnt/c/ROS2/robotic-waitress/install/rw_interfaces/include/rw_interfaces/rw_interfaces
-- Up-to-date: /mnt/c/ROS2/robotic-waitress/install/rw_interfaces/include/rw_interfaces/rw_interfaces/msg
-- Up-to-date: /mnt/c/ROS2/robotic-waitress/install/rw_interfaces/include/rw_interfaces/rw_interfaces/msg/detail
-- Installing: /mnt/c/ROS2/robotic-waitress/install/rw_interfaces/include/rw_interfaces/rw_interfaces/msg/detail/detections_vector__rosidl_typesupport_fastrtps_c.h
-- Installing: /mnt/c/ROS2/robotic-waitress/install/rw_interfaces/include/rw_interfaces/rw_interfaces/msg/detail/ultrasonic__rosidl_typesupport_fastrtps_c.h
-- Installing: /mnt/c/ROS2/robotic-waitress/install/rw_interfaces/include/rw_interfaces/rw_interfaces/msg/rosidl_typesupport_fastrtps_c__visibility_control.h
-- Installing: /mnt/c/ROS2/robotic-waitress/install/rw_interfaces/lib/librw_interfaces__rosidl_typesupport_fastrtps_c.so
-- Set runtime path of "/mnt/c/ROS2/robotic-waitress/install/rw_interfaces/lib/librw_interfaces__rosidl_typesupport_fastrtps_c.so" to ""
-- Up-to-date: /mnt/c/ROS2/robotic-waitress/install/rw_interfaces/include/rw_interfaces/rw_interfaces
-- Up-to-date: /mnt/c/ROS2/robotic-waitress/install/rw_interfaces/include/rw_interfaces/rw_interfaces/msg
-- Up-to-date: /mnt/c/ROS2/robotic-waitress/install/rw_interfaces/include/rw_interfaces/rw_interfaces/msg/detail
-- Installing: /mnt/c/ROS2/robotic-waitress/install/rw_interfaces/include/rw_interfaces/rw_interfaces/msg/detail/detections_vector__rosidl_typesupport_introspection_c.h
-- Installing: /mnt/c/ROS2/robotic-waitress/install/rw_interfaces/include/rw_interfaces/rw_interfaces/msg/detail/detections_vector__type_support.c
-- Installing: /mnt/c/ROS2/robotic-waitress/install/rw_interfaces/include/rw_interfaces/rw_interfaces/msg/detail/ultrasonic__rosidl_typesupport_introspection_c.h
-- Installing: /mnt/c/ROS2/robotic-waitress/install/rw_interfaces/include/rw_interfaces/rw_interfaces/msg/detail/ultrasonic__type_support.c
-- Installing: /mnt/c/ROS2/robotic-waitress/install/rw_interfaces/include/rw_interfaces/rw_interfaces/msg/rosidl_typesupport_introspection_c__visibility_control.h
-- Installing: /mnt/c/ROS2/robotic-waitress/install/rw_interfaces/lib/librw_interfaces__rosidl_typesupport_introspection_c.so
-- Set runtime path of "/mnt/c/ROS2/robotic-waitress/install/rw_interfaces/lib/librw_interfaces__rosidl_typesupport_introspection_c.so" to ""
-- Installing: /mnt/c/ROS2/robotic-waitress/install/rw_interfaces/lib/librw_interfaces__rosidl_typesupport_c.so
-- Set runtime path of "/mnt/c/ROS2/robotic-waitress/install/rw_interfaces/lib/librw_interfaces__rosidl_typesupport_c.so" to ""
-- Up-to-date: /mnt/c/ROS2/robotic-waitress/install/rw_interfaces/include/rw_interfaces/rw_interfaces
-- Up-to-date: /mnt/c/ROS2/robotic-waitress/install/rw_interfaces/include/rw_interfaces/rw_interfaces/msg
-- Up-to-date: /mnt/c/ROS2/robotic-waitress/install/rw_interfaces/include/rw_interfaces/rw_interfaces/msg/detail
-- Installing: /mnt/c/ROS2/robotic-waitress/install/rw_interfaces/include/rw_interfaces/rw_interfaces/msg/detail/detections_vector__builder.hpp
-- Installing: /mnt/c/ROS2/robotic-waitress/install/rw_interfaces/include/rw_interfaces/rw_interfaces/msg/detail/detections_vector__struct.hpp
-- Installing: /mnt/c/ROS2/robotic-waitress/install/rw_interfaces/include/rw_interfaces/rw_interfaces/msg/detail/detections_vector__traits.hpp
-- Installing: /mnt/c/ROS2/robotic-waitress/install/rw_interfaces/include/rw_interfaces/rw_interfaces/msg/detail/ultrasonic__builder.hpp
-- Installing: /mnt/c/ROS2/robotic-waitress/install/rw_interfaces/include/rw_interfaces/rw_interfaces/msg/detail/ultrasonic__struct.hpp
-- Installing: /mnt/c/ROS2/robotic-waitress/install/rw_interfaces/include/rw_interfaces/rw_interfaces/msg/detail/ultrasonic__traits.hpp
-- Installing: /mnt/c/ROS2/robotic-waitress/install/rw_interfaces/include/rw_interfaces/rw_interfaces/msg/detections_vector.hpp
-- Installing: /mnt/c/ROS2/robotic-waitress/install/rw_interfaces/include/rw_interfaces/rw_interfaces/msg/ultrasonic.hpp
-- Up-to-date: /mnt/c/ROS2/robotic-waitress/install/rw_interfaces/include/rw_interfaces/rw_interfaces
-- Up-to-date: /mnt/c/ROS2/robotic-waitress/install/rw_interfaces/include/rw_interfaces/rw_interfaces/msg
-- Up-to-date: /mnt/c/ROS2/robotic-waitress/install/rw_interfaces/include/rw_interfaces/rw_interfaces/msg/detail
-- Installing: /mnt/c/ROS2/robotic-waitress/install/rw_interfaces/include/rw_interfaces/rw_interfaces/msg/detail/dds_fastrtps
-- Installing: /mnt/c/ROS2/robotic-waitress/install/rw_interfaces/include/rw_interfaces/rw_interfaces/msg/detail/detections_vector__rosidl_typesupport_fastrtps_cpp.hpp
-- Installing: /mnt/c/ROS2/robotic-waitress/install/rw_interfaces/include/rw_interfaces/rw_interfaces/msg/detail/ultrasonic__rosidl_typesupport_fastrtps_cpp.hpp
-- Installing: /mnt/c/ROS2/robotic-waitress/install/rw_interfaces/include/rw_interfaces/rw_interfaces/msg/rosidl_typesupport_fastrtps_cpp__visibility_control.h
-- Installing: /mnt/c/ROS2/robotic-waitress/install/rw_interfaces/lib/librw_interfaces__rosidl_typesupport_fastrtps_cpp.so
-- Set runtime path of "/mnt/c/ROS2/robotic-waitress/install/rw_interfaces/lib/librw_interfaces__rosidl_typesupport_fastrtps_cpp.so" to ""
-- Up-to-date: /mnt/c/ROS2/robotic-waitress/install/rw_interfaces/include/rw_interfaces/rw_interfaces
-- Up-to-date: /mnt/c/ROS2/robotic-waitress/install/rw_interfaces/include/rw_interfaces/rw_interfaces/msg
-- Up-to-date: /mnt/c/ROS2/robotic-waitress/install/rw_interfaces/include/rw_interfaces/rw_interfaces/msg/detail
-- Installing: /mnt/c/ROS2/robotic-waitress/install/rw_interfaces/include/rw_interfaces/rw_interfaces/msg/detail/detections_vector__rosidl_typesupport_introspection_cpp.hpp
-- Installing: /mnt/c/ROS2/robotic-waitress/install/rw_interfaces/include/rw_interfaces/rw_interfaces/msg/detail/detections_vector__type_support.cpp
-- Installing: /mnt/c/ROS2/robotic-waitress/install/rw_interfaces/include/rw_interfaces/rw_interfaces/msg/detail/ultrasonic__rosidl_typesupport_introspection_cpp.hpp
-- Installing: /mnt/c/ROS2/robotic-waitress/install/rw_interfaces/include/rw_interfaces/rw_interfaces/msg/detail/ultrasonic__type_support.cpp
-- Installing: /mnt/c/ROS2/robotic-waitress/install/rw_interfaces/lib/librw_interfaces__rosidl_typesupport_introspection_cpp.so
-- Set runtime path of "/mnt/c/ROS2/robotic-waitress/install/rw_interfaces/lib/librw_interfaces__rosidl_typesupport_introspection_cpp.so" to ""
-- Installing: /mnt/c/ROS2/robotic-waitress/install/rw_interfaces/lib/librw_interfaces__rosidl_typesupport_cpp.so
-- Set runtime path of "/mnt/c/ROS2/robotic-waitress/install/rw_interfaces/lib/librw_interfaces__rosidl_typesupport_cpp.so" to ""
-- Installing: /mnt/c/ROS2/robotic-waitress/install/rw_interfaces/share/rw_interfaces/environment/pythonpath.sh
-- Installing: /mnt/c/ROS2/robotic-waitress/install/rw_interfaces/share/rw_interfaces/environment/pythonpath.dsv
-- Installing: /mnt/c/ROS2/robotic-waitress/install/rw_interfaces/local/lib/python3.10/dist-packages/rw_interfaces-0.0.0-py3.10.egg-info
-- Installing: /mnt/c/ROS2/robotic-waitress/install/rw_interfaces/local/lib/python3.10/dist-packages/rw_interfaces-0.0.0-py3.10.egg-info/dependency_links.txt
-- Installing: /mnt/c/ROS2/robotic-waitress/install/rw_interfaces/local/lib/python3.10/dist-packages/rw_interfaces-0.0.0-py3.10.egg-info/PKG-INFO
-- Installing: /mnt/c/ROS2/robotic-waitress/install/rw_interfaces/local/lib/python3.10/dist-packages/rw_interfaces-0.0.0-py3.10.egg-info/SOURCES.txt
-- Installing: /mnt/c/ROS2/robotic-waitress/install/rw_interfaces/local/lib/python3.10/dist-packages/rw_interfaces-0.0.0-py3.10.egg-info/top_level.txt
-- Installing: /mnt/c/ROS2/robotic-waitress/install/rw_interfaces/local/lib/python3.10/dist-packages/rw_interfaces
-- Installing: /mnt/c/ROS2/robotic-waitress/install/rw_interfaces/local/lib/python3.10/dist-packages/rw_interfaces/librw_interfaces__rosidl_generator_py.so
-- Installing: /mnt/c/ROS2/robotic-waitress/install/rw_interfaces/local/lib/python3.10/dist-packages/rw_interfaces/msg
-- Installing: /mnt/c/ROS2/robotic-waitress/install/rw_interfaces/local/lib/python3.10/dist-packages/rw_interfaces/msg/_detections_vector.py
-- Installing: /mnt/c/ROS2/robotic-waitress/install/rw_interfaces/local/lib/python3.10/dist-packages/rw_interfaces/msg/_detections_vector_s.c
-- Installing: /mnt/c/ROS2/robotic-waitress/install/rw_interfaces/local/lib/python3.10/dist-packages/rw_interfaces/msg/_ultrasonic.py
-- Installing: /mnt/c/ROS2/robotic-waitress/install/rw_interfaces/local/lib/python3.10/dist-packages/rw_interfaces/msg/_ultrasonic_s.c
-- Installing: /mnt/c/ROS2/robotic-waitress/install/rw_interfaces/local/lib/python3.10/dist-packages/rw_interfaces/msg/__init__.py
-- Installing: /mnt/c/ROS2/robotic-waitress/install/rw_interfaces/local/lib/python3.10/dist-packages/rw_interfaces/rw_interfaces_s__rosidl_typesupport_c.cpython-310-x86_64-linux-gnu.so
-- Installing: /mnt/c/ROS2/robotic-waitress/install/rw_interfaces/local/lib/python3.10/dist-packages/rw_interfaces/rw_interfaces_s__rosidl_typesupport_fastrtps_c.cpython-310-x86_64-linux-gnu.so
-- Installing: /mnt/c/ROS2/robotic-waitress/install/rw_interfaces/local/lib/python3.10/dist-packages/rw_interfaces/rw_interfaces_s__rosidl_typesupport_introspection_c.cpython-310-x86_64-linux-gnu.so
-- Installing: /mnt/c/ROS2/robotic-waitress/install/rw_interfaces/local/lib/python3.10/dist-packages/rw_interfaces/_rw_interfaces_s.ep.rosidl_typesupport_c.c
-- Installing: /mnt/c/ROS2/robotic-waitress/install/rw_interfaces/local/lib/python3.10/dist-packages/rw_interfaces/_rw_interfaces_s.ep.rosidl_typesupport_fastrtps_c.c
-- Installing: /mnt/c/ROS2/robotic-waitress/install/rw_interfaces/local/lib/python3.10/dist-packages/rw_interfaces/_rw_interfaces_s.ep.rosidl_typesupport_introspection_c.c
-- Installing: /mnt/c/ROS2/robotic-waitress/install/rw_interfaces/local/lib/python3.10/dist-packages/rw_interfaces/__init__.py
Listing '/mnt/c/ROS2/robotic-waitress/install/rw_interfaces/local/lib/python3.10/dist-packages/rw_interfaces'...
Compiling '/mnt/c/ROS2/robotic-waitress/install/rw_interfaces/local/lib/python3.10/dist-packages/rw_interfaces/__init__.py'...
Listing '/mnt/c/ROS2/robotic-waitress/install/rw_interfaces/local/lib/python3.10/dist-packages/rw_interfaces/msg'...
Compiling '/mnt/c/ROS2/robotic-waitress/install/rw_interfaces/local/lib/python3.10/dist-packages/rw_interfaces/msg/__init__.py'...
Compiling '/mnt/c/ROS2/robotic-waitress/install/rw_interfaces/local/lib/python3.10/dist-packages/rw_interfaces/msg/_detections_vector.py'...
Compiling '/mnt/c/ROS2/robotic-waitress/install/rw_interfaces/local/lib/python3.10/dist-packages/rw_interfaces/msg/_ultrasonic.py'...
-- Installing: /mnt/c/ROS2/robotic-waitress/install/rw_interfaces/local/lib/python3.10/dist-packages/rw_interfaces/rw_interfaces_s__rosidl_typesupport_fastrtps_c.cpython-310-x86_64-linux-gnu.so
-- Set runtime path of "/mnt/c/ROS2/robotic-waitress/install/rw_interfaces/local/lib/python3.10/dist-packages/rw_interfaces/rw_interfaces_s__rosidl_typesupport_fastrtps_c.cpython-310-x86_64-linux-gnu.so" to ""
-- Installing: /mnt/c/ROS2/robotic-waitress/install/rw_interfaces/local/lib/python3.10/dist-packages/rw_interfaces/rw_interfaces_s__rosidl_typesupport_introspection_c.cpython-310-x86_64-linux-gnu.so
-- Set runtime path of "/mnt/c/ROS2/robotic-waitress/install/rw_interfaces/local/lib/python3.10/dist-packages/rw_interfaces/rw_interfaces_s__rosidl_typesupport_introspection_c.cpython-310-x86_64-linux-gnu.so" to ""
-- Installing: /mnt/c/ROS2/robotic-waitress/install/rw_interfaces/local/lib/python3.10/dist-packages/rw_interfaces/rw_interfaces_s__rosidl_typesupport_c.cpython-310-x86_64-linux-gnu.so
-- Set runtime path of "/mnt/c/ROS2/robotic-waitress/install/rw_interfaces/local/lib/python3.10/dist-packages/rw_interfaces/rw_interfaces_s__rosidl_typesupport_c.cpython-310-x86_64-linux-gnu.so" to ""
-- Installing: /mnt/c/ROS2/robotic-waitress/install/rw_interfaces/lib/librw_interfaces__rosidl_generator_py.so
-- Set runtime path of "/mnt/c/ROS2/robotic-waitress/install/rw_interfaces/lib/librw_interfaces__rosidl_generator_py.so" to ""
-- Installing: /mnt/c/ROS2/robotic-waitress/install/rw_interfaces/share/rw_interfaces/msg/Ultrasonic.idl
-- Installing: /mnt/c/ROS2/robotic-waitress/install/rw_interfaces/share/rw_interfaces/msg/DetectionsVector.idl
-- Installing: /mnt/c/ROS2/robotic-waitress/install/rw_interfaces/share/rw_interfaces/msg/Ultrasonic.msg
-- Installing: /mnt/c/ROS2/robotic-waitress/install/rw_interfaces/share/rw_interfaces/msg/DetectionsVector.msg
-- Installing: /mnt/c/ROS2/robotic-waitress/install/rw_interfaces/share/ament_index/resource_index/package_run_dependencies/rw_interfaces
-- Installing: /mnt/c/ROS2/robotic-waitress/install/rw_interfaces/share/ament_index/resource_index/parent_prefix_path/rw_interfaces
-- Installing: /mnt/c/ROS2/robotic-waitress/install/rw_interfaces/share/rw_interfaces/environment/ament_prefix_path.sh
-- Installing: /mnt/c/ROS2/robotic-waitress/install/rw_interfaces/share/rw_interfaces/environment/ament_prefix_path.dsv
-- Installing: /mnt/c/ROS2/robotic-waitress/install/rw_interfaces/share/rw_interfaces/environment/path.sh
-- Installing: /mnt/c/ROS2/robotic-waitress/install/rw_interfaces/share/rw_interfaces/environment/path.dsv
-- Installing: /mnt/c/ROS2/robotic-waitress/install/rw_interfaces/share/rw_interfaces/local_setup.bash
-- Installing: /mnt/c/ROS2/robotic-waitress/install/rw_interfaces/share/rw_interfaces/local_setup.sh
-- Installing: /mnt/c/ROS2/robotic-waitress/install/rw_interfaces/share/rw_interfaces/local_setup.zsh
-- Installing: /mnt/c/ROS2/robotic-waitress/install/rw_interfaces/share/rw_interfaces/local_setup.dsv
-- Installing: /mnt/c/ROS2/robotic-waitress/install/rw_interfaces/share/rw_interfaces/package.dsv
-- Installing: /mnt/c/ROS2/robotic-waitress/install/rw_interfaces/share/ament_index/resource_index/packages/rw_interfaces
-- Installing: /mnt/c/ROS2/robotic-waitress/install/rw_interfaces/share/rw_interfaces/cmake/export_rw_interfaces__rosidl_generator_cExport.cmake
-- Installing: /mnt/c/ROS2/robotic-waitress/install/rw_interfaces/share/rw_interfaces/cmake/export_rw_interfaces__rosidl_generator_cExport-noconfig.cmake
-- Installing: /mnt/c/ROS2/robotic-waitress/install/rw_interfaces/share/rw_interfaces/cmake/export_rw_interfaces__rosidl_typesupport_fastrtps_cExport.cmake
-- Installing: /mnt/c/ROS2/robotic-waitress/install/rw_interfaces/share/rw_interfaces/cmake/export_rw_interfaces__rosidl_typesupport_fastrtps_cExport-noconfig.cmake
-- Installing: /mnt/c/ROS2/robotic-waitress/install/rw_interfaces/share/rw_interfaces/cmake/rw_interfaces__rosidl_typesupport_introspection_cExport.cmake
-- Installing: /mnt/c/ROS2/robotic-waitress/install/rw_interfaces/share/rw_interfaces/cmake/rw_interfaces__rosidl_typesupport_introspection_cExport-noconfig.cmake
-- Installing: /mnt/c/ROS2/robotic-waitress/install/rw_interfaces/share/rw_interfaces/cmake/rw_interfaces__rosidl_typesupport_cExport.cmake
-- Installing: /mnt/c/ROS2/robotic-waitress/install/rw_interfaces/share/rw_interfaces/cmake/rw_interfaces__rosidl_typesupport_cExport-noconfig.cmake
-- Installing: /mnt/c/ROS2/robotic-waitress/install/rw_interfaces/share/rw_interfaces/cmake/export_rw_interfaces__rosidl_generator_cppExport.cmake
-- Installing: /mnt/c/ROS2/robotic-waitress/install/rw_interfaces/share/rw_interfaces/cmake/export_rw_interfaces__rosidl_typesupport_fastrtps_cppExport.cmake
-- Installing: /mnt/c/ROS2/robotic-waitress/install/rw_interfaces/share/rw_interfaces/cmake/export_rw_interfaces__rosidl_typesupport_fastrtps_cppExport-noconfig.cmake
-- Installing: /mnt/c/ROS2/robotic-waitress/install/rw_interfaces/share/rw_interfaces/cmake/rw_interfaces__rosidl_typesupport_introspection_cppExport.cmake
-- Installing: /mnt/c/ROS2/robotic-waitress/install/rw_interfaces/share/rw_interfaces/cmake/rw_interfaces__rosidl_typesupport_introspection_cppExport-noconfig.cmake
-- Installing: /mnt/c/ROS2/robotic-waitress/install/rw_interfaces/share/rw_interfaces/cmake/rw_interfaces__rosidl_typesupport_cppExport.cmake
-- Installing: /mnt/c/ROS2/robotic-waitress/install/rw_interfaces/share/rw_interfaces/cmake/rw_interfaces__rosidl_typesupport_cppExport-noconfig.cmake
-- Installing: /mnt/c/ROS2/robotic-waitress/install/rw_interfaces/share/rw_interfaces/cmake/export_rw_interfaces__rosidl_generator_pyExport.cmake
-- Installing: /mnt/c/ROS2/robotic-waitress/install/rw_interfaces/share/rw_interfaces/cmake/export_rw_interfaces__rosidl_generator_pyExport-noconfig.cmake
-- Installing: /mnt/c/ROS2/robotic-waitress/install/rw_interfaces/share/rw_interfaces/cmake/rosidl_cmake-extras.cmake
-- Installing: /mnt/c/ROS2/robotic-waitress/install/rw_interfaces/share/rw_interfaces/cmake/ament_cmake_export_dependencies-extras.cmake
-- Installing: /mnt/c/ROS2/robotic-waitress/install/rw_interfaces/share/rw_interfaces/cmake/ament_cmake_export_include_directories-extras.cmake
-- Installing: /mnt/c/ROS2/robotic-waitress/install/rw_interfaces/share/rw_interfaces/cmake/ament_cmake_export_libraries-extras.cmake
-- Installing: /mnt/c/ROS2/robotic-waitress/install/rw_interfaces/share/rw_interfaces/cmake/ament_cmake_export_targets-extras.cmake
-- Installing: /mnt/c/ROS2/robotic-waitress/install/rw_interfaces/share/rw_interfaces/cmake/rosidl_cmake_export_typesupport_targets-extras.cmake
-- Installing: /mnt/c/ROS2/robotic-waitress/install/rw_interfaces/share/rw_interfaces/cmake/rosidl_cmake_export_typesupport_libraries-extras.cmake
-- Installing: /mnt/c/ROS2/robotic-waitress/install/rw_interfaces/share/rw_interfaces/cmake/rw_interfacesConfig.cmake
-- Installing: /mnt/c/ROS2/robotic-waitress/install/rw_interfaces/share/rw_interfaces/cmake/rw_interfacesConfig-version.cmake
-- Installing: /mnt/c/ROS2/robotic-waitress/install/rw_interfaces/share/rw_interfaces/package.xml
