[0.099s] Invoking command in '/mnt/c/ROS2/robotic-waitress/build/rw_interfaces': CMAKE_PREFIX_PATH=/opt/ros/humble /usr/bin/cmake /mnt/c/ROS2/robotic-waitress/src/rw_interfaces -DCMAKE_INSTALL_PREFIX=/mnt/c/ROS2/robotic-waitress/install/rw_interfaces
[0.808s] -- The C compiler identification is GNU 11.3.0
[1.911s] -- The CXX compiler identification is GNU 11.3.0
[2.569s] -- Detecting C compiler ABI info
[3.427s] -- Detecting C compiler ABI info - done
[3.462s] -- Check for working C compiler: /usr/bin/cc - skipped
[3.465s] -- Detecting C compile features
[3.467s] -- Detecting C compile features - done
[3.552s] -- Detecting CXX compiler ABI info
[4.438s] -- Detecting CXX compiler ABI info - done
[4.481s] -- Check for working CXX compiler: /usr/bin/c++ - skipped
[4.483s] -- Detecting CXX compile features
[4.486s] -- Detecting CXX compile features - done
[4.602s] -- Found ament_cmake: 1.3.3 (/opt/ros/humble/share/ament_cmake/cmake)
[4.806s] -- Found Python3: /usr/bin/python3.10 (found version "3.10.6") found components: Interpreter 
[5.072s] -- Found rosidl_default_generators: 1.2.0 (/opt/ros/humble/share/rosidl_default_generators/cmake)
[5.105s] -- Using all available rosidl_typesupport_c: rosidl_typesupport_fastrtps_c;rosidl_typesupport_introspection_c
[5.136s] -- Found rosidl_adapter: 3.1.4 (/opt/ros/humble/share/rosidl_adapter/cmake)
[7.148s] -- Using all available rosidl_typesupport_cpp: rosidl_typesupport_fastrtps_cpp;rosidl_typesupport_introspection_cpp
[7.226s] -- Found std_msgs: 4.2.3 (/opt/ros/humble/share/std_msgs/cmake)
[7.369s] -- Found irobot_create_msgs: 2.1.0 (/opt/ros/humble/share/irobot_create_msgs/cmake)
[9.894s] -- Found ament_cmake_ros: 0.10.0 (/opt/ros/humble/share/ament_cmake_ros/cmake)
[13.722s] -- Using all available rosidl_typesupport_c: rosidl_typesupport_fastrtps_c;rosidl_typesupport_introspection_c
[18.490s] -- Using all available rosidl_typesupport_cpp: rosidl_typesupport_fastrtps_cpp;rosidl_typesupport_introspection_cpp
[19.059s] -- Found PythonInterp: /usr/bin/python3 (found suitable version "3.10.6", minimum required is "3.6") 
[19.066s] -- Found python_cmake_module: 0.10.0 (/opt/ros/humble/share/python_cmake_module/cmake)
[20.115s] -- Found PythonLibs: /usr/lib/x86_64-linux-gnu/libpython3.10.so (found suitable version "3.10.6", minimum required is "3.5") 
[20.117s] -- Using PYTHON_EXECUTABLE: /usr/bin/python3
[20.118s] -- Using PYTHON_INCLUDE_DIRS: /usr/include/python3.10
[20.120s] -- Using PYTHON_LIBRARIES: /usr/lib/x86_64-linux-gnu/libpython3.10.so
[20.138s] -- Found PythonExtra: .so  
[21.459s] -- Found ament_lint_auto: 0.12.5 (/opt/ros/humble/share/ament_lint_auto/cmake)
[22.498s] -- Added test 'lint_cmake' to check CMake code style
[23.052s] -- Added test 'xmllint' to check XML markup files
[23.500s] -- Configuring done
[26.250s] -- Generating done
[26.683s] -- Build files have been written to: /mnt/c/ROS2/robotic-waitress/build/rw_interfaces
[26.701s] Invoked command in '/mnt/c/ROS2/robotic-waitress/build/rw_interfaces' returned '0': CMAKE_PREFIX_PATH=/opt/ros/humble /usr/bin/cmake /mnt/c/ROS2/robotic-waitress/src/rw_interfaces -DCMAKE_INSTALL_PREFIX=/mnt/c/ROS2/robotic-waitress/install/rw_interfaces
[26.724s] Invoking command in '/mnt/c/ROS2/robotic-waitress/build/rw_interfaces': CMAKE_PREFIX_PATH=/opt/ros/humble /usr/bin/cmake --build /mnt/c/ROS2/robotic-waitress/build/rw_interfaces -- -j4 -l4
[26.747s] gmake: Warning: File 'Makefile' has modification time 0.55 s in the future
[26.933s] gmake[1]: Warning: File 'CMakeFiles/Makefile2' has modification time 1.4 s in the future
[26.959s] gmake[2]: Warning: File 'CMakeFiles/ament_cmake_python_copy_rw_interfaces.dir/progress.make' has modification time 1 s in the future
[26.965s] gmake[2]: Warning: File 'CMakeFiles/rw_interfaces__cpp.dir/progress.make' has modification time 1 s in the future
[26.983s] gmake[2]: Warning: File 'CMakeFiles/rw_interfaces__rosidl_generator_c.dir/progress.make' has modification time 1.1 s in the future
[27.016s] gmake[2]: warning:  Clock skew detected.  Your build may be incomplete.
[27.025s] gmake[2]: warning:  Clock skew detected.  Your build may be incomplete.
[27.050s] gmake[2]: Warning: File 'CMakeFiles/ament_cmake_python_copy_rw_interfaces.dir/progress.make' has modification time 0.93 s in the future
[27.068s] gmake[2]: Warning: File 'CMakeFiles/rw_interfaces__cpp.dir/progress.make' has modification time 0.95 s in the future
[27.081s] [  2%] [34m[1mGenerating C code for ROS interfaces[0m
[27.147s] [  5%] [34m[1mGenerating C++ code for ROS interfaces[0m
[27.199s] gmake[2]: warning:  Clock skew detected.  Your build may be incomplete.
[27.223s] [  5%] Built target ament_cmake_python_copy_rw_interfaces
[27.240s] gmake[2]: Warning: File 'CMakeFiles/ament_cmake_python_build_rw_interfaces_egg.dir/progress.make' has modification time 0.71 s in the future
[27.275s] gmake[2]: warning:  Clock skew detected.  Your build may be incomplete.
[27.294s] gmake[2]: Warning: File 'CMakeFiles/ament_cmake_python_build_rw_interfaces_egg.dir/progress.make' has modification time 0.65 s in the future
[27.945s] running egg_info
[27.948s] creating rw_interfaces.egg-info
[27.950s] writing rw_interfaces.egg-info/PKG-INFO
[27.964s] writing dependency_links to rw_interfaces.egg-info/dependency_links.txt
[27.979s] writing top-level names to rw_interfaces.egg-info/top_level.txt
[27.999s] writing manifest file 'rw_interfaces.egg-info/SOURCES.txt'
[28.056s] reading manifest file 'rw_interfaces.egg-info/SOURCES.txt'
[28.103s] writing manifest file 'rw_interfaces.egg-info/SOURCES.txt'
[28.182s] gmake[2]: warning:  Clock skew detected.  Your build may be incomplete.
[28.212s] [  5%] Built target ament_cmake_python_build_rw_interfaces_egg
[28.474s] gmake[2]: warning:  Clock skew detected.  Your build may be incomplete.
[28.529s] [  5%] Built target rw_interfaces__cpp
[28.648s] [ 10%] [34m[1mGenerating C++ introspection for ROS interfaces[0m
[28.652s] [ 10%] [34m[1mGenerating C++ type support for eProsima Fast-RTPS[0m
[28.655s] gmake[2]: warning:  Clock skew detected.  Your build may be incomplete.
[28.665s] [ 12%] [34m[1mGenerating C++ type support dispatch for ROS interfaces[0m
[28.731s] gmake[2]: Warning: File 'rosidl_generator_c/rw_interfaces/msg/detail/ultrasonic__functions.c' has modification time 1.2 s in the future
[28.792s] [ 15%] [32mBuilding C object CMakeFiles/rw_interfaces__rosidl_generator_c.dir/rosidl_generator_c/rw_interfaces/msg/detail/ultrasonic__functions.c.o[0m
[29.595s] [ 17%] [32mBuilding C object CMakeFiles/rw_interfaces__rosidl_generator_c.dir/rosidl_generator_c/rw_interfaces/msg/detail/detections_vector__functions.c.o[0m
[29.621s] gmake[2]: Warning: File 'rosidl_typesupport_cpp/rw_interfaces/msg/ultrasonic__type_support.cpp' has modification time 1.3 s in the future
[29.695s] [ 20%] [32mBuilding CXX object CMakeFiles/rw_interfaces__rosidl_typesupport_cpp.dir/rosidl_typesupport_cpp/rw_interfaces/msg/ultrasonic__type_support.cpp.o[0m
[30.051s] gmake[2]: Warning: File 'rosidl_typesupport_fastrtps_cpp/rw_interfaces/msg/detail/dds_fastrtps/ultrasonic__type_support.cpp' has modification time 0.95 s in the future
[30.120s] [ 23%] [32mBuilding CXX object CMakeFiles/rw_interfaces__rosidl_typesupport_fastrtps_cpp.dir/rosidl_typesupport_fastrtps_cpp/rw_interfaces/msg/detail/dds_fastrtps/ultrasonic__type_support.cpp.o[0m
[30.380s] [ 25%] [32m[1mLinking C shared library librw_interfaces__rosidl_generator_c.so[0m
[30.457s] gmake[2]: Warning: File 'rosidl_typesupport_introspection_cpp/rw_interfaces/msg/detail/ultrasonic__type_support.cpp' has modification time 1.4 s in the future
[30.520s] [ 28%] [32mBuilding CXX object CMakeFiles/rw_interfaces__rosidl_typesupport_introspection_cpp.dir/rosidl_typesupport_introspection_cpp/rw_interfaces/msg/detail/ultrasonic__type_support.cpp.o[0m
[31.217s] gmake[2]: warning:  Clock skew detected.  Your build may be incomplete.
[31.303s] [ 28%] Built target rw_interfaces__rosidl_generator_c
[31.438s] [ 30%] [34m[1mGenerating C type support for eProsima Fast-RTPS[0m
[31.529s] [ 33%] [32mBuilding CXX object CMakeFiles/rw_interfaces__rosidl_typesupport_cpp.dir/rosidl_typesupport_cpp/rw_interfaces/msg/detections_vector__type_support.cpp.o[0m
[32.795s] [ 35%] [32mBuilding CXX object CMakeFiles/rw_interfaces__rosidl_typesupport_fastrtps_cpp.dir/rosidl_typesupport_fastrtps_cpp/rw_interfaces/msg/detail/dds_fastrtps/detections_vector__type_support.cpp.o[0m
[33.118s] [ 41%] [32m[1mLinking CXX shared library librw_interfaces__rosidl_typesupport_cpp.so[0m
[33.122s] [ 41%] [32mBuilding CXX object CMakeFiles/rw_interfaces__rosidl_typesupport_introspection_cpp.dir/rosidl_typesupport_introspection_cpp/rw_interfaces/msg/detail/detections_vector__type_support.cpp.o[0m
[33.135s] gmake[2]: Warning: File 'rosidl_typesupport_fastrtps_c/rw_interfaces/msg/detail/ultrasonic__type_support_c.cpp' has modification time 1.3 s in the future
[33.235s] [ 43%] [32mBuilding CXX object CMakeFiles/rw_interfaces__rosidl_typesupport_fastrtps_c.dir/rosidl_typesupport_fastrtps_c/rw_interfaces/msg/detail/ultrasonic__type_support_c.cpp.o[0m
[34.082s] gmake[2]: warning:  Clock skew detected.  Your build may be incomplete.
[34.157s] [ 43%] Built target rw_interfaces__rosidl_typesupport_cpp
[34.308s] [ 46%] [34m[1mGenerating C introspection for ROS interfaces[0m
[35.687s] [ 48%] [32mBuilding CXX object CMakeFiles/rw_interfaces__rosidl_typesupport_fastrtps_c.dir/rosidl_typesupport_fastrtps_c/rw_interfaces/msg/detail/detections_vector__type_support_c.cpp.o[0m
[35.838s] [ 51%] [32m[1mLinking CXX shared library librw_interfaces__rosidl_typesupport_fastrtps_cpp.so[0m
[35.916s] gmake[2]: Warning: File 'rosidl_typesupport_introspection_c/rw_interfaces/msg/detail/ultrasonic__type_support.c' has modification time 1.4 s in the future
[35.982s] [ 53%] [32mBuilding C object CMakeFiles/rw_interfaces__rosidl_typesupport_introspection_c.dir/rosidl_typesupport_introspection_c/rw_interfaces/msg/detail/ultrasonic__type_support.c.o[0m
[36.104s] [ 56%] [32m[1mLinking CXX shared library librw_interfaces__rosidl_typesupport_introspection_cpp.so[0m
[36.786s] [ 58%] [32mBuilding C object CMakeFiles/rw_interfaces__rosidl_typesupport_introspection_c.dir/rosidl_typesupport_introspection_c/rw_interfaces/msg/detail/detections_vector__type_support.c.o[0m
[36.989s] gmake[2]: warning:  Clock skew detected.  Your build may be incomplete.
[37.048s] [ 58%] Built target rw_interfaces__rosidl_typesupport_fastrtps_cpp
[37.149s] [ 61%] [34m[1mGenerating C type support dispatch for ROS interfaces[0m
[37.414s] gmake[2]: warning:  Clock skew detected.  Your build may be incomplete.
[37.473s] [ 61%] Built target rw_interfaces__rosidl_typesupport_introspection_cpp
[37.574s] [ 64%] [32m[1mLinking C shared library librw_interfaces__rosidl_typesupport_introspection_c.so[0m
[37.962s] gmake[2]: Warning: File 'rosidl_typesupport_c/rw_interfaces/msg/ultrasonic__type_support.cpp' has modification time 1.4 s in the future
[38.006s] [ 66%] [32mBuilding CXX object CMakeFiles/rw_interfaces__rosidl_typesupport_c.dir/rosidl_typesupport_c/rw_interfaces/msg/ultrasonic__type_support.cpp.o[0m
[38.029s] gmake[2]: warning:  Clock skew detected.  Your build may be incomplete.
[38.033s] [ 69%] [32mBuilding CXX object CMakeFiles/rw_interfaces__rosidl_typesupport_c.dir/rosidl_typesupport_c/rw_interfaces/msg/detections_vector__type_support.cpp.o[0m
[38.096s] [ 69%] Built target rw_interfaces__rosidl_typesupport_introspection_c
[38.271s] [ 71%] [32m[1mLinking CXX shared library librw_interfaces__rosidl_typesupport_c.so[0m
[38.530s] [ 74%] [32m[1mLinking CXX shared library librw_interfaces__rosidl_typesupport_fastrtps_c.so[0m
[38.628s] gmake[2]: warning:  Clock skew detected.  Your build may be incomplete.
[38.673s] [ 74%] Built target rw_interfaces__rosidl_typesupport_c
[38.933s] gmake[2]: warning:  Clock skew detected.  Your build may be incomplete.
[38.965s] [ 74%] Built target rw_interfaces__rosidl_typesupport_fastrtps_c
[39.045s] [ 74%] Built target rw_interfaces
[39.134s] [ 76%] [34m[1mGenerating Python code for ROS interfaces[0m
[39.822s] [ 76%] Built target rw_interfaces__py
[39.906s] gmake[2]: Warning: File 'rosidl_generator_py/rw_interfaces/msg/_ultrasonic_s.c' has modification time 1.6 s in the future
[39.935s] [ 79%] [32mBuilding C object CMakeFiles/rw_interfaces__rosidl_generator_py.dir/rosidl_generator_py/rw_interfaces/msg/_ultrasonic_s.c.o[0m
[39.949s] [ 82%] [32mBuilding C object CMakeFiles/rw_interfaces__rosidl_generator_py.dir/rosidl_generator_py/rw_interfaces/msg/_detections_vector_s.c.o[0m
[40.697s] [ 84%] [32m[1mLinking C shared library rosidl_generator_py/rw_interfaces/librw_interfaces__rosidl_generator_py.so[0m
[41.079s] gmake[2]: warning:  Clock skew detected.  Your build may be incomplete.
[41.105s] [ 84%] Built target rw_interfaces__rosidl_generator_py
[41.246s] gmake[2]: Warning: File 'rosidl_generator_py/rw_interfaces/_rw_interfaces_s.ep.rosidl_typesupport_fastrtps_c.c' has modification time 0.11 s in the future
[41.250s] gmake[2]: Warning: File 'rosidl_generator_py/rw_interfaces/_rw_interfaces_s.ep.rosidl_typesupport_introspection_c.c' has modification time 0.22 s in the future
[41.254s] gmake[2]: Warning: File 'rosidl_generator_py/rw_interfaces/_rw_interfaces_s.ep.rosidl_typesupport_c.c' has modification time 0.22 s in the future
[41.307s] [ 92%] [32mBuilding C object CMakeFiles/rw_interfaces__rosidl_typesupport_c__pyext.dir/rosidl_generator_py/rw_interfaces/_rw_interfaces_s.ep.rosidl_typesupport_c.c.o[0m
[41.320s] [ 92%] [32mBuilding C object CMakeFiles/rw_interfaces__rosidl_typesupport_introspection_c__pyext.dir/rosidl_generator_py/rw_interfaces/_rw_interfaces_s.ep.rosidl_typesupport_introspection_c.c.o[0m
[41.327s] [ 92%] [32mBuilding C object CMakeFiles/rw_interfaces__rosidl_typesupport_fastrtps_c__pyext.dir/rosidl_generator_py/rw_interfaces/_rw_interfaces_s.ep.rosidl_typesupport_fastrtps_c.c.o[0m
[42.263s] [ 94%] [32m[1mLinking C shared library rosidl_generator_py/rw_interfaces/rw_interfaces_s__rosidl_typesupport_c.cpython-310-x86_64-linux-gnu.so[0m
[42.460s] [ 97%] [32m[1mLinking C shared library rosidl_generator_py/rw_interfaces/rw_interfaces_s__rosidl_typesupport_introspection_c.cpython-310-x86_64-linux-gnu.so[0m
[42.483s] [100%] [32m[1mLinking C shared library rosidl_generator_py/rw_interfaces/rw_interfaces_s__rosidl_typesupport_fastrtps_c.cpython-310-x86_64-linux-gnu.so[0m
[42.899s] gmake[2]: warning:  Clock skew detected.  Your build may be incomplete.
[42.901s] gmake[2]: warning:  Clock skew detected.  Your build may be incomplete.
[42.903s] gmake[2]: warning:  Clock skew detected.  Your build may be incomplete.
[42.929s] [100%] Built target rw_interfaces__rosidl_typesupport_c__pyext
[42.932s] [100%] Built target rw_interfaces__rosidl_typesupport_introspection_c__pyext
[42.937s] [100%] Built target rw_interfaces__rosidl_typesupport_fastrtps_c__pyext
[42.939s] gmake[1]: warning:  Clock skew detected.  Your build may be incomplete.
[43.152s] gmake: warning:  Clock skew detected.  Your build may be incomplete.
[43.172s] Invoked command in '/mnt/c/ROS2/robotic-waitress/build/rw_interfaces' returned '0': CMAKE_PREFIX_PATH=/opt/ros/humble /usr/bin/cmake --build /mnt/c/ROS2/robotic-waitress/build/rw_interfaces -- -j4 -l4
[43.361s] Invoking command in '/mnt/c/ROS2/robotic-waitress/build/rw_interfaces': CMAKE_PREFIX_PATH=/opt/ros/humble /usr/bin/cmake --install /mnt/c/ROS2/robotic-waitress/build/rw_interfaces
[43.376s] -- Install configuration: ""
[43.413s] -- Installing: /mnt/c/ROS2/robotic-waitress/install/rw_interfaces/share/ament_index/resource_index/rosidl_interfaces/rw_interfaces
[43.528s] -- Up-to-date: /mnt/c/ROS2/robotic-waitress/install/rw_interfaces/include/rw_interfaces/rw_interfaces
[43.559s] -- Up-to-date: /mnt/c/ROS2/robotic-waitress/install/rw_interfaces/include/rw_interfaces/rw_interfaces/msg
[43.598s] -- Up-to-date: /mnt/c/ROS2/robotic-waitress/install/rw_interfaces/include/rw_interfaces/rw_interfaces/msg/detail
[43.649s] -- Installing: /mnt/c/ROS2/robotic-waitress/install/rw_interfaces/include/rw_interfaces/rw_interfaces/msg/detail/detections_vector__functions.c
[43.791s] -- Installing: /mnt/c/ROS2/robotic-waitress/install/rw_interfaces/include/rw_interfaces/rw_interfaces/msg/detail/detections_vector__functions.h
[43.933s] -- Installing: /mnt/c/ROS2/robotic-waitress/install/rw_interfaces/include/rw_interfaces/rw_interfaces/msg/detail/detections_vector__struct.h
[44.071s] -- Installing: /mnt/c/ROS2/robotic-waitress/install/rw_interfaces/include/rw_interfaces/rw_interfaces/msg/detail/detections_vector__type_support.h
[44.211s] -- Installing: /mnt/c/ROS2/robotic-waitress/install/rw_interfaces/include/rw_interfaces/rw_interfaces/msg/detail/ultrasonic__functions.c
[44.351s] -- Installing: /mnt/c/ROS2/robotic-waitress/install/rw_interfaces/include/rw_interfaces/rw_interfaces/msg/detail/ultrasonic__functions.h
[44.471s] -- Installing: /mnt/c/ROS2/robotic-waitress/install/rw_interfaces/include/rw_interfaces/rw_interfaces/msg/detail/ultrasonic__struct.h
[44.578s] -- Installing: /mnt/c/ROS2/robotic-waitress/install/rw_interfaces/include/rw_interfaces/rw_interfaces/msg/detail/ultrasonic__type_support.h
[44.684s] -- Installing: /mnt/c/ROS2/robotic-waitress/install/rw_interfaces/include/rw_interfaces/rw_interfaces/msg/detections_vector.h
[44.786s] -- Installing: /mnt/c/ROS2/robotic-waitress/install/rw_interfaces/include/rw_interfaces/rw_interfaces/msg/rosidl_generator_c__visibility_control.h
[44.884s] -- Installing: /mnt/c/ROS2/robotic-waitress/install/rw_interfaces/include/rw_interfaces/rw_interfaces/msg/ultrasonic.h
[44.980s] -- Installing: /mnt/c/ROS2/robotic-waitress/install/rw_interfaces/share/rw_interfaces/environment/library_path.sh
[45.086s] -- Installing: /mnt/c/ROS2/robotic-waitress/install/rw_interfaces/share/rw_interfaces/environment/library_path.dsv
[45.214s] -- Installing: /mnt/c/ROS2/robotic-waitress/install/rw_interfaces/lib/librw_interfaces__rosidl_generator_c.so
[45.342s] -- Set runtime path of "/mnt/c/ROS2/robotic-waitress/install/rw_interfaces/lib/librw_interfaces__rosidl_generator_c.so" to ""
[45.365s] -- Up-to-date: /mnt/c/ROS2/robotic-waitress/install/rw_interfaces/include/rw_interfaces/rw_interfaces
[45.409s] -- Up-to-date: /mnt/c/ROS2/robotic-waitress/install/rw_interfaces/include/rw_interfaces/rw_interfaces/msg
[45.463s] -- Up-to-date: /mnt/c/ROS2/robotic-waitress/install/rw_interfaces/include/rw_interfaces/rw_interfaces/msg/detail
[45.526s] -- Installing: /mnt/c/ROS2/robotic-waitress/install/rw_interfaces/include/rw_interfaces/rw_interfaces/msg/detail/detections_vector__rosidl_typesupport_fastrtps_c.h
[45.682s] -- Installing: /mnt/c/ROS2/robotic-waitress/install/rw_interfaces/include/rw_interfaces/rw_interfaces/msg/detail/ultrasonic__rosidl_typesupport_fastrtps_c.h
[45.832s] -- Installing: /mnt/c/ROS2/robotic-waitress/install/rw_interfaces/include/rw_interfaces/rw_interfaces/msg/rosidl_typesupport_fastrtps_c__visibility_control.h
[45.957s] -- Installing: /mnt/c/ROS2/robotic-waitress/install/rw_interfaces/lib/librw_interfaces__rosidl_typesupport_fastrtps_c.so
[46.123s] -- Set runtime path of "/mnt/c/ROS2/robotic-waitress/install/rw_interfaces/lib/librw_interfaces__rosidl_typesupport_fastrtps_c.so" to ""
[46.143s] -- Up-to-date: /mnt/c/ROS2/robotic-waitress/install/rw_interfaces/include/rw_interfaces/rw_interfaces
[46.185s] -- Up-to-date: /mnt/c/ROS2/robotic-waitress/install/rw_interfaces/include/rw_interfaces/rw_interfaces/msg
[46.232s] -- Up-to-date: /mnt/c/ROS2/robotic-waitress/install/rw_interfaces/include/rw_interfaces/rw_interfaces/msg/detail
[46.300s] -- Installing: /mnt/c/ROS2/robotic-waitress/install/rw_interfaces/include/rw_interfaces/rw_interfaces/msg/detail/detections_vector__rosidl_typesupport_introspection_c.h
[46.485s] -- Installing: /mnt/c/ROS2/robotic-waitress/install/rw_interfaces/include/rw_interfaces/rw_interfaces/msg/detail/detections_vector__type_support.c
[46.656s] -- Installing: /mnt/c/ROS2/robotic-waitress/install/rw_interfaces/include/rw_interfaces/rw_interfaces/msg/detail/ultrasonic__rosidl_typesupport_introspection_c.h
[46.829s] -- Installing: /mnt/c/ROS2/robotic-waitress/install/rw_interfaces/include/rw_interfaces/rw_interfaces/msg/detail/ultrasonic__type_support.c
[46.963s] -- Installing: /mnt/c/ROS2/robotic-waitress/install/rw_interfaces/include/rw_interfaces/rw_interfaces/msg/rosidl_typesupport_introspection_c__visibility_control.h
[47.110s] -- Installing: /mnt/c/ROS2/robotic-waitress/install/rw_interfaces/lib/librw_interfaces__rosidl_typesupport_introspection_c.so
[47.247s] -- Set runtime path of "/mnt/c/ROS2/robotic-waitress/install/rw_interfaces/lib/librw_interfaces__rosidl_typesupport_introspection_c.so" to ""
[47.277s] -- Installing: /mnt/c/ROS2/robotic-waitress/install/rw_interfaces/lib/librw_interfaces__rosidl_typesupport_c.so
[47.431s] -- Set runtime path of "/mnt/c/ROS2/robotic-waitress/install/rw_interfaces/lib/librw_interfaces__rosidl_typesupport_c.so" to ""
[47.463s] -- Up-to-date: /mnt/c/ROS2/robotic-waitress/install/rw_interfaces/include/rw_interfaces/rw_interfaces
[47.522s] -- Up-to-date: /mnt/c/ROS2/robotic-waitress/install/rw_interfaces/include/rw_interfaces/rw_interfaces/msg
[47.566s] -- Up-to-date: /mnt/c/ROS2/robotic-waitress/install/rw_interfaces/include/rw_interfaces/rw_interfaces/msg/detail
[47.633s] -- Installing: /mnt/c/ROS2/robotic-waitress/install/rw_interfaces/include/rw_interfaces/rw_interfaces/msg/detail/detections_vector__builder.hpp
[47.805s] -- Installing: /mnt/c/ROS2/robotic-waitress/install/rw_interfaces/include/rw_interfaces/rw_interfaces/msg/detail/detections_vector__struct.hpp
[47.928s] -- Installing: /mnt/c/ROS2/robotic-waitress/install/rw_interfaces/include/rw_interfaces/rw_interfaces/msg/detail/detections_vector__traits.hpp
[48.050s] -- Installing: /mnt/c/ROS2/robotic-waitress/install/rw_interfaces/include/rw_interfaces/rw_interfaces/msg/detail/ultrasonic__builder.hpp
[48.168s] -- Installing: /mnt/c/ROS2/robotic-waitress/install/rw_interfaces/include/rw_interfaces/rw_interfaces/msg/detail/ultrasonic__struct.hpp
[48.281s] -- Installing: /mnt/c/ROS2/robotic-waitress/install/rw_interfaces/include/rw_interfaces/rw_interfaces/msg/detail/ultrasonic__traits.hpp
[48.385s] -- Installing: /mnt/c/ROS2/robotic-waitress/install/rw_interfaces/include/rw_interfaces/rw_interfaces/msg/detections_vector.hpp
[48.485s] -- Installing: /mnt/c/ROS2/robotic-waitress/install/rw_interfaces/include/rw_interfaces/rw_interfaces/msg/ultrasonic.hpp
[48.576s] -- Up-to-date: /mnt/c/ROS2/robotic-waitress/install/rw_interfaces/include/rw_interfaces/rw_interfaces
[48.601s] -- Up-to-date: /mnt/c/ROS2/robotic-waitress/install/rw_interfaces/include/rw_interfaces/rw_interfaces/msg
[48.631s] -- Up-to-date: /mnt/c/ROS2/robotic-waitress/install/rw_interfaces/include/rw_interfaces/rw_interfaces/msg/detail
[48.664s] -- Installing: /mnt/c/ROS2/robotic-waitress/install/rw_interfaces/include/rw_interfaces/rw_interfaces/msg/detail/dds_fastrtps
[48.727s] -- Installing: /mnt/c/ROS2/robotic-waitress/install/rw_interfaces/include/rw_interfaces/rw_interfaces/msg/detail/detections_vector__rosidl_typesupport_fastrtps_cpp.hpp
[48.839s] -- Installing: /mnt/c/ROS2/robotic-waitress/install/rw_interfaces/include/rw_interfaces/rw_interfaces/msg/detail/ultrasonic__rosidl_typesupport_fastrtps_cpp.hpp
[48.944s] -- Installing: /mnt/c/ROS2/robotic-waitress/install/rw_interfaces/include/rw_interfaces/rw_interfaces/msg/rosidl_typesupport_fastrtps_cpp__visibility_control.h
[49.052s] -- Installing: /mnt/c/ROS2/robotic-waitress/install/rw_interfaces/lib/librw_interfaces__rosidl_typesupport_fastrtps_cpp.so
[49.161s] -- Set runtime path of "/mnt/c/ROS2/robotic-waitress/install/rw_interfaces/lib/librw_interfaces__rosidl_typesupport_fastrtps_cpp.so" to ""
[49.177s] -- Up-to-date: /mnt/c/ROS2/robotic-waitress/install/rw_interfaces/include/rw_interfaces/rw_interfaces
[49.207s] -- Up-to-date: /mnt/c/ROS2/robotic-waitress/install/rw_interfaces/include/rw_interfaces/rw_interfaces/msg
[49.244s] -- Up-to-date: /mnt/c/ROS2/robotic-waitress/install/rw_interfaces/include/rw_interfaces/rw_interfaces/msg/detail
[49.290s] -- Installing: /mnt/c/ROS2/robotic-waitress/install/rw_interfaces/include/rw_interfaces/rw_interfaces/msg/detail/detections_vector__rosidl_typesupport_introspection_cpp.hpp
[49.429s] -- Installing: /mnt/c/ROS2/robotic-waitress/install/rw_interfaces/include/rw_interfaces/rw_interfaces/msg/detail/detections_vector__type_support.cpp
[49.613s] -- Installing: /mnt/c/ROS2/robotic-waitress/install/rw_interfaces/include/rw_interfaces/rw_interfaces/msg/detail/ultrasonic__rosidl_typesupport_introspection_cpp.hpp
[49.780s] -- Installing: /mnt/c/ROS2/robotic-waitress/install/rw_interfaces/include/rw_interfaces/rw_interfaces/msg/detail/ultrasonic__type_support.cpp
[49.933s] -- Installing: /mnt/c/ROS2/robotic-waitress/install/rw_interfaces/lib/librw_interfaces__rosidl_typesupport_introspection_cpp.so
[50.134s] -- Set runtime path of "/mnt/c/ROS2/robotic-waitress/install/rw_interfaces/lib/librw_interfaces__rosidl_typesupport_introspection_cpp.so" to ""
[50.157s] -- Installing: /mnt/c/ROS2/robotic-waitress/install/rw_interfaces/lib/librw_interfaces__rosidl_typesupport_cpp.so
[50.316s] -- Set runtime path of "/mnt/c/ROS2/robotic-waitress/install/rw_interfaces/lib/librw_interfaces__rosidl_typesupport_cpp.so" to ""
[50.343s] -- Installing: /mnt/c/ROS2/robotic-waitress/install/rw_interfaces/share/rw_interfaces/environment/pythonpath.sh
[50.447s] -- Installing: /mnt/c/ROS2/robotic-waitress/install/rw_interfaces/share/rw_interfaces/environment/pythonpath.dsv
[50.538s] -- Installing: /mnt/c/ROS2/robotic-waitress/install/rw_interfaces/local/lib/python3.10/dist-packages/rw_interfaces-0.0.0-py3.10.egg-info
[50.601s] -- Installing: /mnt/c/ROS2/robotic-waitress/install/rw_interfaces/local/lib/python3.10/dist-packages/rw_interfaces-0.0.0-py3.10.egg-info/dependency_links.txt
[50.735s] -- Installing: /mnt/c/ROS2/robotic-waitress/install/rw_interfaces/local/lib/python3.10/dist-packages/rw_interfaces-0.0.0-py3.10.egg-info/PKG-INFO
[50.885s] -- Installing: /mnt/c/ROS2/robotic-waitress/install/rw_interfaces/local/lib/python3.10/dist-packages/rw_interfaces-0.0.0-py3.10.egg-info/SOURCES.txt
[51.014s] -- Installing: /mnt/c/ROS2/robotic-waitress/install/rw_interfaces/local/lib/python3.10/dist-packages/rw_interfaces-0.0.0-py3.10.egg-info/top_level.txt
[51.137s] -- Installing: /mnt/c/ROS2/robotic-waitress/install/rw_interfaces/local/lib/python3.10/dist-packages/rw_interfaces
[51.190s] -- Installing: /mnt/c/ROS2/robotic-waitress/install/rw_interfaces/local/lib/python3.10/dist-packages/rw_interfaces/librw_interfaces__rosidl_generator_py.so
[51.309s] -- Installing: /mnt/c/ROS2/robotic-waitress/install/rw_interfaces/local/lib/python3.10/dist-packages/rw_interfaces/msg
[51.378s] -- Installing: /mnt/c/ROS2/robotic-waitress/install/rw_interfaces/local/lib/python3.10/dist-packages/rw_interfaces/msg/_detections_vector.py
[51.508s] -- Installing: /mnt/c/ROS2/robotic-waitress/install/rw_interfaces/local/lib/python3.10/dist-packages/rw_interfaces/msg/_detections_vector_s.c
[51.629s] -- Installing: /mnt/c/ROS2/robotic-waitress/install/rw_interfaces/local/lib/python3.10/dist-packages/rw_interfaces/msg/_ultrasonic.py
[51.753s] -- Installing: /mnt/c/ROS2/robotic-waitress/install/rw_interfaces/local/lib/python3.10/dist-packages/rw_interfaces/msg/_ultrasonic_s.c
[51.881s] -- Installing: /mnt/c/ROS2/robotic-waitress/install/rw_interfaces/local/lib/python3.10/dist-packages/rw_interfaces/msg/__init__.py
[51.998s] -- Installing: /mnt/c/ROS2/robotic-waitress/install/rw_interfaces/local/lib/python3.10/dist-packages/rw_interfaces/rw_interfaces_s__rosidl_typesupport_c.cpython-310-x86_64-linux-gnu.so
[52.107s] -- Installing: /mnt/c/ROS2/robotic-waitress/install/rw_interfaces/local/lib/python3.10/dist-packages/rw_interfaces/rw_interfaces_s__rosidl_typesupport_fastrtps_c.cpython-310-x86_64-linux-gnu.so
[52.214s] -- Installing: /mnt/c/ROS2/robotic-waitress/install/rw_interfaces/local/lib/python3.10/dist-packages/rw_interfaces/rw_interfaces_s__rosidl_typesupport_introspection_c.cpython-310-x86_64-linux-gnu.so
[52.523s] -- Installing: /mnt/c/ROS2/robotic-waitress/install/rw_interfaces/local/lib/python3.10/dist-packages/rw_interfaces/_rw_interfaces_s.ep.rosidl_typesupport_c.c
[52.753s] -- Installing: /mnt/c/ROS2/robotic-waitress/install/rw_interfaces/local/lib/python3.10/dist-packages/rw_interfaces/_rw_interfaces_s.ep.rosidl_typesupport_fastrtps_c.c
[52.982s] -- Installing: /mnt/c/ROS2/robotic-waitress/install/rw_interfaces/local/lib/python3.10/dist-packages/rw_interfaces/_rw_interfaces_s.ep.rosidl_typesupport_introspection_c.c
[53.261s] -- Installing: /mnt/c/ROS2/robotic-waitress/install/rw_interfaces/local/lib/python3.10/dist-packages/rw_interfaces/__init__.py
[54.036s] Listing '/mnt/c/ROS2/robotic-waitress/install/rw_interfaces/local/lib/python3.10/dist-packages/rw_interfaces'...
[54.037s] Compiling '/mnt/c/ROS2/robotic-waitress/install/rw_interfaces/local/lib/python3.10/dist-packages/rw_interfaces/__init__.py'...
[54.039s] Listing '/mnt/c/ROS2/robotic-waitress/install/rw_interfaces/local/lib/python3.10/dist-packages/rw_interfaces/msg'...
[54.041s] Compiling '/mnt/c/ROS2/robotic-waitress/install/rw_interfaces/local/lib/python3.10/dist-packages/rw_interfaces/msg/__init__.py'...
[54.042s] Compiling '/mnt/c/ROS2/robotic-waitress/install/rw_interfaces/local/lib/python3.10/dist-packages/rw_interfaces/msg/_detections_vector.py'...
[54.044s] Compiling '/mnt/c/ROS2/robotic-waitress/install/rw_interfaces/local/lib/python3.10/dist-packages/rw_interfaces/msg/_ultrasonic.py'...
[54.105s] -- Installing: /mnt/c/ROS2/robotic-waitress/install/rw_interfaces/local/lib/python3.10/dist-packages/rw_interfaces/rw_interfaces_s__rosidl_typesupport_fastrtps_c.cpython-310-x86_64-linux-gnu.so
[54.281s] -- Set runtime path of "/mnt/c/ROS2/robotic-waitress/install/rw_interfaces/local/lib/python3.10/dist-packages/rw_interfaces/rw_interfaces_s__rosidl_typesupport_fastrtps_c.cpython-310-x86_64-linux-gnu.so" to ""
[54.367s] -- Installing: /mnt/c/ROS2/robotic-waitress/install/rw_interfaces/local/lib/python3.10/dist-packages/rw_interfaces/rw_interfaces_s__rosidl_typesupport_introspection_c.cpython-310-x86_64-linux-gnu.so
[54.553s] -- Set runtime path of "/mnt/c/ROS2/robotic-waitress/install/rw_interfaces/local/lib/python3.10/dist-packages/rw_interfaces/rw_interfaces_s__rosidl_typesupport_introspection_c.cpython-310-x86_64-linux-gnu.so" to ""
[54.638s] -- Installing: /mnt/c/ROS2/robotic-waitress/install/rw_interfaces/local/lib/python3.10/dist-packages/rw_interfaces/rw_interfaces_s__rosidl_typesupport_c.cpython-310-x86_64-linux-gnu.so
[54.873s] -- Set runtime path of "/mnt/c/ROS2/robotic-waitress/install/rw_interfaces/local/lib/python3.10/dist-packages/rw_interfaces/rw_interfaces_s__rosidl_typesupport_c.cpython-310-x86_64-linux-gnu.so" to ""
[54.904s] -- Installing: /mnt/c/ROS2/robotic-waitress/install/rw_interfaces/lib/librw_interfaces__rosidl_generator_py.so
[55.114s] -- Set runtime path of "/mnt/c/ROS2/robotic-waitress/install/rw_interfaces/lib/librw_interfaces__rosidl_generator_py.so" to ""
[55.147s] -- Installing: /mnt/c/ROS2/robotic-waitress/install/rw_interfaces/share/rw_interfaces/msg/Ultrasonic.idl
[55.267s] -- Installing: /mnt/c/ROS2/robotic-waitress/install/rw_interfaces/share/rw_interfaces/msg/DetectionsVector.idl
[55.387s] -- Installing: /mnt/c/ROS2/robotic-waitress/install/rw_interfaces/share/rw_interfaces/msg/Ultrasonic.msg
[55.502s] -- Installing: /mnt/c/ROS2/robotic-waitress/install/rw_interfaces/share/rw_interfaces/msg/DetectionsVector.msg
[55.624s] -- Installing: /mnt/c/ROS2/robotic-waitress/install/rw_interfaces/share/ament_index/resource_index/package_run_dependencies/rw_interfaces
[55.895s] -- Installing: /mnt/c/ROS2/robotic-waitress/install/rw_interfaces/share/ament_index/resource_index/parent_prefix_path/rw_interfaces
[56.209s] -- Installing: /mnt/c/ROS2/robotic-waitress/install/rw_interfaces/share/rw_interfaces/environment/ament_prefix_path.sh
[56.462s] -- Installing: /mnt/c/ROS2/robotic-waitress/install/rw_interfaces/share/rw_interfaces/environment/ament_prefix_path.dsv
[56.671s] -- Installing: /mnt/c/ROS2/robotic-waitress/install/rw_interfaces/share/rw_interfaces/environment/path.sh
[56.862s] -- Installing: /mnt/c/ROS2/robotic-waitress/install/rw_interfaces/share/rw_interfaces/environment/path.dsv
[57.074s] -- Installing: /mnt/c/ROS2/robotic-waitress/install/rw_interfaces/share/rw_interfaces/local_setup.bash
[57.328s] -- Installing: /mnt/c/ROS2/robotic-waitress/install/rw_interfaces/share/rw_interfaces/local_setup.sh
[57.577s] -- Installing: /mnt/c/ROS2/robotic-waitress/install/rw_interfaces/share/rw_interfaces/local_setup.zsh
[57.826s] -- Installing: /mnt/c/ROS2/robotic-waitress/install/rw_interfaces/share/rw_interfaces/local_setup.dsv
[58.021s] -- Installing: /mnt/c/ROS2/robotic-waitress/install/rw_interfaces/share/rw_interfaces/package.dsv
[58.359s] -- Installing: /mnt/c/ROS2/robotic-waitress/install/rw_interfaces/share/ament_index/resource_index/packages/rw_interfaces
[58.726s] -- Installing: /mnt/c/ROS2/robotic-waitress/install/rw_interfaces/share/rw_interfaces/cmake/export_rw_interfaces__rosidl_generator_cExport.cmake
[58.923s] -- Installing: /mnt/c/ROS2/robotic-waitress/install/rw_interfaces/share/rw_interfaces/cmake/export_rw_interfaces__rosidl_generator_cExport-noconfig.cmake
[59.062s] -- Installing: /mnt/c/ROS2/robotic-waitress/install/rw_interfaces/share/rw_interfaces/cmake/export_rw_interfaces__rosidl_typesupport_fastrtps_cExport.cmake
[59.172s] -- Installing: /mnt/c/ROS2/robotic-waitress/install/rw_interfaces/share/rw_interfaces/cmake/export_rw_interfaces__rosidl_typesupport_fastrtps_cExport-noconfig.cmake
[59.321s] -- Installing: /mnt/c/ROS2/robotic-waitress/install/rw_interfaces/share/rw_interfaces/cmake/rw_interfaces__rosidl_typesupport_introspection_cExport.cmake
[59.536s] -- Installing: /mnt/c/ROS2/robotic-waitress/install/rw_interfaces/share/rw_interfaces/cmake/rw_interfaces__rosidl_typesupport_introspection_cExport-noconfig.cmake
[59.831s] -- Installing: /mnt/c/ROS2/robotic-waitress/install/rw_interfaces/share/rw_interfaces/cmake/rw_interfaces__rosidl_typesupport_cExport.cmake
[60.080s] -- Installing: /mnt/c/ROS2/robotic-waitress/install/rw_interfaces/share/rw_interfaces/cmake/rw_interfaces__rosidl_typesupport_cExport-noconfig.cmake
[60.368s] -- Installing: /mnt/c/ROS2/robotic-waitress/install/rw_interfaces/share/rw_interfaces/cmake/export_rw_interfaces__rosidl_generator_cppExport.cmake
[60.661s] -- Installing: /mnt/c/ROS2/robotic-waitress/install/rw_interfaces/share/rw_interfaces/cmake/export_rw_interfaces__rosidl_typesupport_fastrtps_cppExport.cmake
[60.904s] -- Installing: /mnt/c/ROS2/robotic-waitress/install/rw_interfaces/share/rw_interfaces/cmake/export_rw_interfaces__rosidl_typesupport_fastrtps_cppExport-noconfig.cmake
[61.191s] -- Installing: /mnt/c/ROS2/robotic-waitress/install/rw_interfaces/share/rw_interfaces/cmake/rw_interfaces__rosidl_typesupport_introspection_cppExport.cmake
[61.441s] -- Installing: /mnt/c/ROS2/robotic-waitress/install/rw_interfaces/share/rw_interfaces/cmake/rw_interfaces__rosidl_typesupport_introspection_cppExport-noconfig.cmake
[61.733s] -- Installing: /mnt/c/ROS2/robotic-waitress/install/rw_interfaces/share/rw_interfaces/cmake/rw_interfaces__rosidl_typesupport_cppExport.cmake
[62.011s] -- Installing: /mnt/c/ROS2/robotic-waitress/install/rw_interfaces/share/rw_interfaces/cmake/rw_interfaces__rosidl_typesupport_cppExport-noconfig.cmake
[62.347s] -- Installing: /mnt/c/ROS2/robotic-waitress/install/rw_interfaces/share/rw_interfaces/cmake/export_rw_interfaces__rosidl_generator_pyExport.cmake
[62.594s] -- Installing: /mnt/c/ROS2/robotic-waitress/install/rw_interfaces/share/rw_interfaces/cmake/export_rw_interfaces__rosidl_generator_pyExport-noconfig.cmake
[62.865s] -- Installing: /mnt/c/ROS2/robotic-waitress/install/rw_interfaces/share/rw_interfaces/cmake/rosidl_cmake-extras.cmake
[63.056s] -- Installing: /mnt/c/ROS2/robotic-waitress/install/rw_interfaces/share/rw_interfaces/cmake/ament_cmake_export_dependencies-extras.cmake
[63.298s] -- Installing: /mnt/c/ROS2/robotic-waitress/install/rw_interfaces/share/rw_interfaces/cmake/ament_cmake_export_include_directories-extras.cmake
[63.540s] -- Installing: /mnt/c/ROS2/robotic-waitress/install/rw_interfaces/share/rw_interfaces/cmake/ament_cmake_export_libraries-extras.cmake
[63.785s] -- Installing: /mnt/c/ROS2/robotic-waitress/install/rw_interfaces/share/rw_interfaces/cmake/ament_cmake_export_targets-extras.cmake
[63.993s] -- Installing: /mnt/c/ROS2/robotic-waitress/install/rw_interfaces/share/rw_interfaces/cmake/rosidl_cmake_export_typesupport_targets-extras.cmake
[64.182s] -- Installing: /mnt/c/ROS2/robotic-waitress/install/rw_interfaces/share/rw_interfaces/cmake/rosidl_cmake_export_typesupport_libraries-extras.cmake
[64.424s] -- Installing: /mnt/c/ROS2/robotic-waitress/install/rw_interfaces/share/rw_interfaces/cmake/rw_interfacesConfig.cmake
[64.664s] -- Installing: /mnt/c/ROS2/robotic-waitress/install/rw_interfaces/share/rw_interfaces/cmake/rw_interfacesConfig-version.cmake
[64.906s] -- Installing: /mnt/c/ROS2/robotic-waitress/install/rw_interfaces/share/rw_interfaces/package.xml
[65.088s] Invoked command in '/mnt/c/ROS2/robotic-waitress/build/rw_interfaces' returned '0': CMAKE_PREFIX_PATH=/opt/ros/humble /usr/bin/cmake --install /mnt/c/ROS2/robotic-waitress/build/rw_interfaces
