running egg_info
writing ../../build/rw_distance_sensors/rw_distance_sensors.egg-info/PKG-INFO
writing dependency_links to ../../build/rw_distance_sensors/rw_distance_sensors.egg-info/dependency_links.txt
writing entry points to ../../build/rw_distance_sensors/rw_distance_sensors.egg-info/entry_points.txt
writing requirements to ../../build/rw_distance_sensors/rw_distance_sensors.egg-info/requires.txt
writing top-level names to ../../build/rw_distance_sensors/rw_distance_sensors.egg-info/top_level.txt
reading manifest file '../../build/rw_distance_sensors/rw_distance_sensors.egg-info/SOURCES.txt'
writing manifest file '../../build/rw_distance_sensors/rw_distance_sensors.egg-info/SOURCES.txt'
running build
running build_py
copying rw_distance_sensors/ROS_sonar.py -> /mnt/c/ROS2/robotic-waitress/build/rw_distance_sensors/build/lib/rw_distance_sensors
copying rw_distance_sensors/Sonar.py -> /mnt/c/ROS2/robotic-waitress/build/rw_distance_sensors/build/lib/rw_distance_sensors
running install
/usr/lib/python3/dist-packages/setuptools/command/install.py:34: SetuptoolsDeprecationWarning: setup.py install is deprecated. Use build and pip and other standards-based tools.
  warnings.warn(
running install_lib
copying /mnt/c/ROS2/robotic-waitress/build/rw_distance_sensors/build/lib/rw_distance_sensors/ROS_sonar.py -> /mnt/c/ROS2/robotic-waitress/install/rw_distance_sensors/lib/python3.10/site-packages/rw_distance_sensors
copying /mnt/c/ROS2/robotic-waitress/build/rw_distance_sensors/build/lib/rw_distance_sensors/Sonar.py -> /mnt/c/ROS2/robotic-waitress/install/rw_distance_sensors/lib/python3.10/site-packages/rw_distance_sensors
byte-compiling /mnt/c/ROS2/robotic-waitress/install/rw_distance_sensors/lib/python3.10/site-packages/rw_distance_sensors/ROS_sonar.py to ROS_sonar.cpython-310.pyc
byte-compiling /mnt/c/ROS2/robotic-waitress/install/rw_distance_sensors/lib/python3.10/site-packages/rw_distance_sensors/Sonar.py to Sonar.cpython-310.pyc
running install_data
running install_egg_info
removing '/mnt/c/ROS2/robotic-waitress/install/rw_distance_sensors/lib/python3.10/site-packages/rw_distance_sensors-0.0.0-py3.10.egg-info' (and everything under it)
Copying ../../build/rw_distance_sensors/rw_distance_sensors.egg-info to /mnt/c/ROS2/robotic-waitress/install/rw_distance_sensors/lib/python3.10/site-packages/rw_distance_sensors-0.0.0-py3.10.egg-info
running install_scripts
Installing sonar script to /mnt/c/ROS2/robotic-waitress/install/rw_distance_sensors/lib/rw_distance_sensors
writing list of installed files to '/mnt/c/ROS2/robotic-waitress/build/rw_distance_sensors/install.log'
