[0.196s] Invoking command in '/mnt/c/ROS2/robotic-waitress/build/rw_interfaces': CMAKE_PREFIX_PATH=/opt/ros/humble /usr/bin/cmake --build /mnt/c/ROS2/robotic-waitress/build/rw_interfaces -- -j4 -l4
[0.755s] -- Found ament_cmake: 1.3.3 (/opt/ros/humble/share/ament_cmake/cmake)
[1.139s] -- Found rosidl_default_generators: 1.2.0 (/opt/ros/humble/share/rosidl_default_generators/cmake)
[1.182s] -- Using all available rosidl_typesupport_c: rosidl_typesupport_fastrtps_c;rosidl_typesupport_introspection_c
[1.190s] -- Found rosidl_adapter: 3.1.4 (/opt/ros/humble/share/rosidl_adapter/cmake)
[2.606s] -- Using all available rosidl_typesupport_cpp: rosidl_typesupport_fastrtps_cpp;rosidl_typesupport_introspection_cpp
[2.657s] -- Found std_msgs: 4.2.3 (/opt/ros/humble/share/std_msgs/cmake)
[2.752s] -- Found irobot_create_msgs: 2.1.0 (/opt/ros/humble/share/irobot_create_msgs/cmake)
[3.578s] [31mCMake Error at /opt/ros/humble/share/rosidl_adapter/cmake/rosidl_adapt_interfaces.cmake:59 (message):
[3.581s]   execute_process(/usr/bin/python3.10 -m rosidl_adapter --package-name
[3.584s]   rw_interfaces --arguments-file
[3.586s]   /mnt/c/ROS2/robotic-waitress/build/rw_interfaces/rosidl_adapter__arguments__rw_interfaces.json
[3.588s]   --output-dir
[3.590s]   /mnt/c/ROS2/robotic-waitress/build/rw_interfaces/rosidl_adapter/rw_interfaces
[3.592s]   --output-file
[3.594s]   /mnt/c/ROS2/robotic-waitress/build/rw_interfaces/rosidl_adapter/rw_interfaces.idls)
[3.595s]   returned error code 1:
[3.598s] 
[3.601s]   Error processing 'float[3] distances' of 'rw_interfaces/Ultrasonic':
[3.602s]   ''float' is an invalid message name.  It should have the pattern
[3.604s]   '^[A-Z][A-Za-z0-9]*$''
[3.605s] 
[3.607s]   Traceback (most recent call last):
[3.608s] 
[3.609s]     File "/usr/lib/python3.10/runpy.py", line 196, in _run_module_as_main
[3.611s]       return _run_code(code, main_globals, None,
[3.612s]     File "/usr/lib/python3.10/runpy.py", line 86, in _run_code
[3.614s]       exec(code, run_globals)
[3.616s]     File "/opt/ros/humble/local/lib/python3.10/dist-packages/rosidl_adapter/__main__.py", line 19, in <module>
[3.617s]       sys.exit(main())
[3.620s]     File "/opt/ros/humble/local/lib/python3.10/dist-packages/rosidl_adapter/main.py", line 53, in main
[3.621s]       abs_idl_file = convert_to_idl(
[3.623s]     File "/opt/ros/humble/local/lib/python3.10/dist-packages/rosidl_adapter/__init__.py", line 19, in convert_to_idl
[3.625s]       return convert_msg_to_idl(
[3.626s]     File "/opt/ros/humble/local/lib/python3.10/dist-packages/rosidl_adapter/msg/__init__.py", line 28, in convert_msg_to_idl
[3.629s]       msg = parse_message_string(package_name, input_file.stem, content)
[3.634s]     File "/opt/ros/humble/local/lib/python3.10/dist-packages/rosidl_adapter/parser.py", line 520, in parse_message_string
[3.638s]       Type(type_string, context_package_name=pkg_name),
[3.640s]     File "/opt/ros/humble/local/lib/python3.10/dist-packages/rosidl_adapter/parser.py", line 277, in __init__
[3.642s]       super(Type, self).__init__(
[3.645s]     File "/opt/ros/humble/local/lib/python3.10/dist-packages/rosidl_adapter/parser.py", line 205, in __init__
[3.647s]       raise InvalidResourceName(
[3.650s] 
[3.652s]   rosidl_adapter.parser.InvalidResourceName: 'float' is an invalid message
[3.654s]   name.  It should have the pattern '^[A-Z][A-Za-z0-9]*$'
[3.657s] 
[3.658s] Call Stack (most recent call first):
[3.663s]   /opt/ros/humble/share/rosidl_cmake/cmake/rosidl_generate_interfaces.cmake:130 (rosidl_adapt_interfaces)
[3.667s]   CMakeLists.txt:22 (rosidl_generate_interfaces)
[3.669s] 
[3.671s] [0m
[3.672s] -- Configuring incomplete, errors occurred!
[3.674s] See also "/mnt/c/ROS2/robotic-waitress/build/rw_interfaces/CMakeFiles/CMakeOutput.log".
[3.676s] gmake: *** [Makefile:963: cmake_check_build_system] Error 1
[3.680s] Invoked command in '/mnt/c/ROS2/robotic-waitress/build/rw_interfaces' returned '2': CMAKE_PREFIX_PATH=/opt/ros/humble /usr/bin/cmake --build /mnt/c/ROS2/robotic-waitress/build/rw_interfaces -- -j4 -l4
