[0.547s] DEBUG:colcon:Command line arguments: ['/usr/bin/colcon', 'build']
[0.548s] DEBUG:colcon:Parsed command line arguments: Namespace(log_base=None, log_level=None, verb_name='build', build_base='build', install_base='install', merge_install=False, symlink_install=False, test_result_base=None, continue_on_error=False, executor='parallel', parallel_workers=4, event_handlers=None, ignore_user_meta=False, metas=['./colcon.meta'], base_paths=['.'], packages_ignore=None, packages_ignore_regex=None, paths=None, packages_up_to=None, packages_up_to_regex=None, packages_above=None, packages_above_and_dependencies=None, packages_above_depth=None, packages_select_by_dep=None, packages_skip_by_dep=None, packages_skip_up_to=None, packages_select_build_failed=False, packages_skip_build_finished=False, packages_select_test_failures=False, packages_skip_test_passed=False, packages_select=None, packages_skip=None, packages_select_regex=None, packages_skip_regex=None, packages_start=None, packages_end=None, allow_overriding=[], cmake_args=None, cmake_target=None, cmake_target_skip_unavailable=False, cmake_clean_cache=False, cmake_clean_first=False, cmake_force_configure=False, ament_cmake_args=None, catkin_cmake_args=None, catkin_skip_building_tests=False, verb_parser=<colcon_defaults.argument_parser.defaults.DefaultArgumentsDecorator object at 0x7fc8972e9a80>, verb_extension=<colcon_core.verb.build.BuildVerb object at 0x7fc897adcc10>, main=<bound method BuildVerb.main of <colcon_core.verb.build.BuildVerb object at 0x7fc897adcc10>>)
[0.607s] Level 1:colcon.colcon_core.package_discovery:discover_packages(colcon_meta) check parameters
[0.608s] Level 1:colcon.colcon_core.package_discovery:discover_packages(recursive) check parameters
[0.609s] Level 1:colcon.colcon_core.package_discovery:discover_packages(ignore) check parameters
[0.609s] Level 1:colcon.colcon_core.package_discovery:discover_packages(path) check parameters
[0.610s] Level 1:colcon.colcon_core.package_discovery:discover_packages(colcon_meta) discover
[0.610s] Level 1:colcon.colcon_core.package_discovery:discover_packages(recursive) discover
[0.611s] INFO:colcon.colcon_core.package_discovery:Crawling recursively for packages in '/mnt/c/ROS2/robotic-waitress'
[0.616s] Level 1:colcon.colcon_core.package_identification:_identify(.) by extensions ['ignore', 'ignore_ament_install']
[0.617s] Level 1:colcon.colcon_core.package_identification:_identify(.) by extension 'ignore'
[0.618s] Level 1:colcon.colcon_core.package_identification:_identify(.) by extension 'ignore_ament_install'
[0.619s] Level 1:colcon.colcon_core.package_identification:_identify(.) by extensions ['colcon_pkg']
[0.619s] Level 1:colcon.colcon_core.package_identification:_identify(.) by extension 'colcon_pkg'
[0.620s] Level 1:colcon.colcon_core.package_identification:_identify(.) by extensions ['colcon_meta']
[0.620s] Level 1:colcon.colcon_core.package_identification:_identify(.) by extension 'colcon_meta'
[0.621s] Level 1:colcon.colcon_core.package_identification:_identify(.) by extensions ['ros']
[0.621s] Level 1:colcon.colcon_core.package_identification:_identify(.) by extension 'ros'
[0.643s] Level 1:colcon.colcon_core.package_identification:_identify(.) by extensions ['cmake', 'python']
[0.643s] Level 1:colcon.colcon_core.package_identification:_identify(.) by extension 'cmake'
[0.644s] Level 1:colcon.colcon_core.package_identification:_identify(.) by extension 'python'
[0.645s] Level 1:colcon.colcon_core.package_identification:_identify(.) by extensions ['python_setup_py']
[0.645s] Level 1:colcon.colcon_core.package_identification:_identify(.) by extension 'python_setup_py'
[0.650s] Level 1:colcon.colcon_core.package_identification:_identify(build) by extensions ['ignore', 'ignore_ament_install']
[0.650s] Level 1:colcon.colcon_core.package_identification:_identify(build) by extension 'ignore'
[0.652s] Level 1:colcon.colcon_core.package_identification:_identify(build) ignored
[0.657s] Level 1:colcon.colcon_core.package_identification:_identify(install) by extensions ['ignore', 'ignore_ament_install']
[0.657s] Level 1:colcon.colcon_core.package_identification:_identify(install) by extension 'ignore'
[0.659s] Level 1:colcon.colcon_core.package_identification:_identify(install) ignored
[0.665s] Level 1:colcon.colcon_core.package_identification:_identify(log) by extensions ['ignore', 'ignore_ament_install']
[0.666s] Level 1:colcon.colcon_core.package_identification:_identify(log) by extension 'ignore'
[0.667s] Level 1:colcon.colcon_core.package_identification:_identify(log) ignored
[0.671s] Level 1:colcon.colcon_core.package_identification:_identify(src) by extensions ['ignore', 'ignore_ament_install']
[0.672s] Level 1:colcon.colcon_core.package_identification:_identify(src) by extension 'ignore'
[0.673s] Level 1:colcon.colcon_core.package_identification:_identify(src) by extension 'ignore_ament_install'
[0.675s] Level 1:colcon.colcon_core.package_identification:_identify(src) by extensions ['colcon_pkg']
[0.675s] Level 1:colcon.colcon_core.package_identification:_identify(src) by extension 'colcon_pkg'
[0.677s] Level 1:colcon.colcon_core.package_identification:_identify(src) by extensions ['colcon_meta']
[0.677s] Level 1:colcon.colcon_core.package_identification:_identify(src) by extension 'colcon_meta'
[0.678s] Level 1:colcon.colcon_core.package_identification:_identify(src) by extensions ['ros']
[0.679s] Level 1:colcon.colcon_core.package_identification:_identify(src) by extension 'ros'
[0.684s] Level 1:colcon.colcon_core.package_identification:_identify(src) by extensions ['cmake', 'python']
[0.684s] Level 1:colcon.colcon_core.package_identification:_identify(src) by extension 'cmake'
[0.686s] Level 1:colcon.colcon_core.package_identification:_identify(src) by extension 'python'
[0.687s] Level 1:colcon.colcon_core.package_identification:_identify(src) by extensions ['python_setup_py']
[0.687s] Level 1:colcon.colcon_core.package_identification:_identify(src) by extension 'python_setup_py'
[0.694s] Level 1:colcon.colcon_core.package_identification:_identify(src/rw_distance_sensors) by extensions ['ignore', 'ignore_ament_install']
[0.694s] Level 1:colcon.colcon_core.package_identification:_identify(src/rw_distance_sensors) by extension 'ignore'
[0.696s] Level 1:colcon.colcon_core.package_identification:_identify(src/rw_distance_sensors) by extension 'ignore_ament_install'
[0.700s] Level 1:colcon.colcon_core.package_identification:_identify(src/rw_distance_sensors) by extensions ['colcon_pkg']
[0.700s] Level 1:colcon.colcon_core.package_identification:_identify(src/rw_distance_sensors) by extension 'colcon_pkg'
[0.702s] Level 1:colcon.colcon_core.package_identification:_identify(src/rw_distance_sensors) by extensions ['colcon_meta']
[0.702s] Level 1:colcon.colcon_core.package_identification:_identify(src/rw_distance_sensors) by extension 'colcon_meta'
[0.705s] Level 1:colcon.colcon_core.package_identification:_identify(src/rw_distance_sensors) by extensions ['ros']
[0.705s] Level 1:colcon.colcon_core.package_identification:_identify(src/rw_distance_sensors) by extension 'ros'
[0.728s] DEBUG:colcon.colcon_core.package_identification:Package 'src/rw_distance_sensors' with type 'ros.ament_python' and name 'rw_distance_sensors'
[0.735s] Level 1:colcon.colcon_core.package_identification:_identify(src/rw_interfaces) by extensions ['ignore', 'ignore_ament_install']
[0.735s] Level 1:colcon.colcon_core.package_identification:_identify(src/rw_interfaces) by extension 'ignore'
[0.737s] Level 1:colcon.colcon_core.package_identification:_identify(src/rw_interfaces) by extension 'ignore_ament_install'
[0.740s] Level 1:colcon.colcon_core.package_identification:_identify(src/rw_interfaces) by extensions ['colcon_pkg']
[0.741s] Level 1:colcon.colcon_core.package_identification:_identify(src/rw_interfaces) by extension 'colcon_pkg'
[0.743s] Level 1:colcon.colcon_core.package_identification:_identify(src/rw_interfaces) by extensions ['colcon_meta']
[0.743s] Level 1:colcon.colcon_core.package_identification:_identify(src/rw_interfaces) by extension 'colcon_meta'
[0.746s] Level 1:colcon.colcon_core.package_identification:_identify(src/rw_interfaces) by extensions ['ros']
[0.746s] Level 1:colcon.colcon_core.package_identification:_identify(src/rw_interfaces) by extension 'ros'
[0.764s] DEBUG:colcon.colcon_core.package_identification:Package 'src/rw_interfaces' with type 'ros.ament_cmake' and name 'rw_interfaces'
[0.764s] Level 1:colcon.colcon_core.package_discovery:discover_packages(recursive) using defaults
[0.765s] Level 1:colcon.colcon_core.package_discovery:discover_packages(ignore) discover
[0.765s] Level 1:colcon.colcon_core.package_discovery:discover_packages(ignore) using defaults
[0.765s] Level 1:colcon.colcon_core.package_discovery:discover_packages(path) discover
[0.766s] Level 1:colcon.colcon_core.package_discovery:discover_packages(path) using defaults
[0.817s] Level 1:colcon.colcon_core.package_discovery:discover_packages(prefix_path) check parameters
[0.818s] Level 1:colcon.colcon_core.package_discovery:discover_packages(prefix_path) discover
[0.822s] DEBUG:colcon.colcon_installed_package_information.package_discovery:Found 182 installed packages in /opt/ros/humble
[0.824s] Level 1:colcon.colcon_core.package_discovery:discover_packages(prefix_path) using defaults
[0.893s] Level 5:colcon.colcon_core.verb:set package 'rw_interfaces' build argument 'cmake_args' from command line to 'None'
[0.894s] Level 5:colcon.colcon_core.verb:set package 'rw_interfaces' build argument 'cmake_target' from command line to 'None'
[0.894s] Level 5:colcon.colcon_core.verb:set package 'rw_interfaces' build argument 'cmake_target_skip_unavailable' from command line to 'False'
[0.895s] Level 5:colcon.colcon_core.verb:set package 'rw_interfaces' build argument 'cmake_clean_cache' from command line to 'False'
[0.895s] Level 5:colcon.colcon_core.verb:set package 'rw_interfaces' build argument 'cmake_clean_first' from command line to 'False'
[0.895s] Level 5:colcon.colcon_core.verb:set package 'rw_interfaces' build argument 'cmake_force_configure' from command line to 'False'
[0.896s] Level 5:colcon.colcon_core.verb:set package 'rw_interfaces' build argument 'ament_cmake_args' from command line to 'None'
[0.896s] Level 5:colcon.colcon_core.verb:set package 'rw_interfaces' build argument 'catkin_cmake_args' from command line to 'None'
[0.896s] Level 5:colcon.colcon_core.verb:set package 'rw_interfaces' build argument 'catkin_skip_building_tests' from command line to 'False'
[0.897s] DEBUG:colcon.colcon_core.verb:Building package 'rw_interfaces' with the following arguments: {'ament_cmake_args': None, 'build_base': '/mnt/c/ROS2/robotic-waitress/build/rw_interfaces', 'catkin_cmake_args': None, 'catkin_skip_building_tests': False, 'cmake_args': None, 'cmake_clean_cache': False, 'cmake_clean_first': False, 'cmake_force_configure': False, 'cmake_target': None, 'cmake_target_skip_unavailable': False, 'install_base': '/mnt/c/ROS2/robotic-waitress/install/rw_interfaces', 'merge_install': False, 'path': '/mnt/c/ROS2/robotic-waitress/src/rw_interfaces', 'symlink_install': False, 'test_result_base': None}
[0.898s] Level 5:colcon.colcon_core.verb:set package 'rw_distance_sensors' build argument 'cmake_args' from command line to 'None'
[0.899s] Level 5:colcon.colcon_core.verb:set package 'rw_distance_sensors' build argument 'cmake_target' from command line to 'None'
[0.899s] Level 5:colcon.colcon_core.verb:set package 'rw_distance_sensors' build argument 'cmake_target_skip_unavailable' from command line to 'False'
[0.899s] Level 5:colcon.colcon_core.verb:set package 'rw_distance_sensors' build argument 'cmake_clean_cache' from command line to 'False'
[0.900s] Level 5:colcon.colcon_core.verb:set package 'rw_distance_sensors' build argument 'cmake_clean_first' from command line to 'False'
[0.900s] Level 5:colcon.colcon_core.verb:set package 'rw_distance_sensors' build argument 'cmake_force_configure' from command line to 'False'
[0.900s] Level 5:colcon.colcon_core.verb:set package 'rw_distance_sensors' build argument 'ament_cmake_args' from command line to 'None'
[0.901s] Level 5:colcon.colcon_core.verb:set package 'rw_distance_sensors' build argument 'catkin_cmake_args' from command line to 'None'
[0.901s] Level 5:colcon.colcon_core.verb:set package 'rw_distance_sensors' build argument 'catkin_skip_building_tests' from command line to 'False'
[0.901s] DEBUG:colcon.colcon_core.verb:Building package 'rw_distance_sensors' with the following arguments: {'ament_cmake_args': None, 'build_base': '/mnt/c/ROS2/robotic-waitress/build/rw_distance_sensors', 'catkin_cmake_args': None, 'catkin_skip_building_tests': False, 'cmake_args': None, 'cmake_clean_cache': False, 'cmake_clean_first': False, 'cmake_force_configure': False, 'cmake_target': None, 'cmake_target_skip_unavailable': False, 'install_base': '/mnt/c/ROS2/robotic-waitress/install/rw_distance_sensors', 'merge_install': False, 'path': '/mnt/c/ROS2/robotic-waitress/src/rw_distance_sensors', 'symlink_install': False, 'test_result_base': None}
[0.903s] INFO:colcon.colcon_core.executor:Executing jobs using 'parallel' executor
[0.908s] DEBUG:colcon.colcon_parallel_executor.executor.parallel:run_until_complete
[0.909s] INFO:colcon.colcon_ros.task.ament_cmake.build:Building ROS package in '/mnt/c/ROS2/robotic-waitress/src/rw_interfaces' with build type 'ament_cmake'
[0.910s] INFO:colcon.colcon_cmake.task.cmake.build:Building CMake package in '/mnt/c/ROS2/robotic-waitress/src/rw_interfaces'
[0.919s] INFO:colcon.colcon_core.plugin_system:Skipping extension 'colcon_core.shell.bat': Not used on non-Windows systems
[0.920s] INFO:colcon.colcon_core.shell:Skip shell extension 'powershell' for command environment: Not usable outside of PowerShell
[0.920s] DEBUG:colcon.colcon_core.shell:Skip shell extension 'dsv' for command environment
[1.009s] DEBUG:colcon.colcon_core.event_handler.log_command:Invoking command in '/mnt/c/ROS2/robotic-waitress/build/rw_interfaces': CMAKE_PREFIX_PATH=/opt/ros/humble /usr/bin/cmake --build /mnt/c/ROS2/robotic-waitress/build/rw_interfaces -- -j4 -l4
[6.178s] DEBUG:colcon.colcon_core.event_handler.log_command:Invoked command in '/mnt/c/ROS2/robotic-waitress/build/rw_interfaces' returned '0': CMAKE_PREFIX_PATH=/opt/ros/humble /usr/bin/cmake --build /mnt/c/ROS2/robotic-waitress/build/rw_interfaces -- -j4 -l4
[6.360s] DEBUG:colcon.colcon_core.event_handler.log_command:Invoking command in '/mnt/c/ROS2/robotic-waitress/build/rw_interfaces': CMAKE_PREFIX_PATH=/opt/ros/humble /usr/bin/cmake --install /mnt/c/ROS2/robotic-waitress/build/rw_interfaces
[13.039s] Level 1:colcon.colcon_core.environment:create_environment_scripts_only(rw_interfaces)
[13.046s] DEBUG:colcon.colcon_core.event_handler.log_command:Invoked command in '/mnt/c/ROS2/robotic-waitress/build/rw_interfaces' returned '0': CMAKE_PREFIX_PATH=/opt/ros/humble /usr/bin/cmake --install /mnt/c/ROS2/robotic-waitress/build/rw_interfaces
[13.051s] Level 1:colcon.colcon_core.environment:checking '/mnt/c/ROS2/robotic-waitress/install/rw_interfaces' for CMake module files
[13.381s] Level 1:colcon.colcon_core.environment:checking '/mnt/c/ROS2/robotic-waitress/install/rw_interfaces' for CMake config files
[13.615s] Level 1:colcon.colcon_core.shell:create_environment_hook('rw_interfaces', 'cmake_prefix_path')
[13.617s] INFO:colcon.colcon_core.shell:Creating environment hook '/mnt/c/ROS2/robotic-waitress/install/rw_interfaces/share/rw_interfaces/hook/cmake_prefix_path.ps1'
[13.635s] INFO:colcon.colcon_core.shell:Creating environment descriptor '/mnt/c/ROS2/robotic-waitress/install/rw_interfaces/share/rw_interfaces/hook/cmake_prefix_path.dsv'
[13.654s] INFO:colcon.colcon_core.shell:Creating environment hook '/mnt/c/ROS2/robotic-waitress/install/rw_interfaces/share/rw_interfaces/hook/cmake_prefix_path.sh'
[13.677s] Level 1:colcon.colcon_core.environment:checking '/mnt/c/ROS2/robotic-waitress/install/rw_interfaces/lib'
[13.683s] Level 1:colcon.colcon_core.shell:create_environment_hook('rw_interfaces', 'ld_library_path_lib')
[13.685s] INFO:colcon.colcon_core.shell:Creating environment hook '/mnt/c/ROS2/robotic-waitress/install/rw_interfaces/share/rw_interfaces/hook/ld_library_path_lib.ps1'
[13.702s] INFO:colcon.colcon_core.shell:Creating environment descriptor '/mnt/c/ROS2/robotic-waitress/install/rw_interfaces/share/rw_interfaces/hook/ld_library_path_lib.dsv'
[13.721s] INFO:colcon.colcon_core.shell:Creating environment hook '/mnt/c/ROS2/robotic-waitress/install/rw_interfaces/share/rw_interfaces/hook/ld_library_path_lib.sh'
[13.738s] Level 1:colcon.colcon_core.environment:checking '/mnt/c/ROS2/robotic-waitress/install/rw_interfaces/bin'
[13.741s] Level 1:colcon.colcon_core.environment:checking '/mnt/c/ROS2/robotic-waitress/install/rw_interfaces/lib/pkgconfig/rw_interfaces.pc'
[13.743s] Level 1:colcon.colcon_core.environment:checking '/mnt/c/ROS2/robotic-waitress/install/rw_interfaces/lib/python3.10/site-packages'
[13.746s] Level 1:colcon.colcon_core.environment:checking '/mnt/c/ROS2/robotic-waitress/install/rw_interfaces/bin'
[13.750s] INFO:colcon.colcon_core.shell:Creating package script '/mnt/c/ROS2/robotic-waitress/install/rw_interfaces/share/rw_interfaces/package.ps1'
[13.767s] INFO:colcon.colcon_core.shell:Creating package descriptor '/mnt/c/ROS2/robotic-waitress/install/rw_interfaces/share/rw_interfaces/package.dsv'
[13.782s] INFO:colcon.colcon_core.shell:Creating package script '/mnt/c/ROS2/robotic-waitress/install/rw_interfaces/share/rw_interfaces/package.sh'
[13.796s] INFO:colcon.colcon_core.shell:Creating package script '/mnt/c/ROS2/robotic-waitress/install/rw_interfaces/share/rw_interfaces/package.bash'
[13.811s] INFO:colcon.colcon_core.shell:Creating package script '/mnt/c/ROS2/robotic-waitress/install/rw_interfaces/share/rw_interfaces/package.zsh'
[13.829s] Level 1:colcon.colcon_core.environment:create_file_with_runtime_dependencies(/mnt/c/ROS2/robotic-waitress/install/rw_interfaces/share/colcon-core/packages/rw_interfaces)
[13.997s] Level 1:colcon.colcon_core.environment:create_environment_scripts_only(rw_interfaces)
[14.000s] Level 1:colcon.colcon_core.environment:checking '/mnt/c/ROS2/robotic-waitress/install/rw_interfaces' for CMake module files
[14.346s] Level 1:colcon.colcon_core.environment:checking '/mnt/c/ROS2/robotic-waitress/install/rw_interfaces' for CMake config files
[14.593s] Level 1:colcon.colcon_core.shell:create_environment_hook('rw_interfaces', 'cmake_prefix_path')
[14.595s] INFO:colcon.colcon_core.shell:Creating environment hook '/mnt/c/ROS2/robotic-waitress/install/rw_interfaces/share/rw_interfaces/hook/cmake_prefix_path.ps1'
[14.612s] INFO:colcon.colcon_core.shell:Creating environment descriptor '/mnt/c/ROS2/robotic-waitress/install/rw_interfaces/share/rw_interfaces/hook/cmake_prefix_path.dsv'
[14.629s] INFO:colcon.colcon_core.shell:Creating environment hook '/mnt/c/ROS2/robotic-waitress/install/rw_interfaces/share/rw_interfaces/hook/cmake_prefix_path.sh'
[14.651s] Level 1:colcon.colcon_core.environment:checking '/mnt/c/ROS2/robotic-waitress/install/rw_interfaces/lib'
[14.657s] Level 1:colcon.colcon_core.shell:create_environment_hook('rw_interfaces', 'ld_library_path_lib')
[14.659s] INFO:colcon.colcon_core.shell:Creating environment hook '/mnt/c/ROS2/robotic-waitress/install/rw_interfaces/share/rw_interfaces/hook/ld_library_path_lib.ps1'
[14.680s] INFO:colcon.colcon_core.shell:Creating environment descriptor '/mnt/c/ROS2/robotic-waitress/install/rw_interfaces/share/rw_interfaces/hook/ld_library_path_lib.dsv'
[14.696s] INFO:colcon.colcon_core.shell:Creating environment hook '/mnt/c/ROS2/robotic-waitress/install/rw_interfaces/share/rw_interfaces/hook/ld_library_path_lib.sh'
[14.713s] Level 1:colcon.colcon_core.environment:checking '/mnt/c/ROS2/robotic-waitress/install/rw_interfaces/bin'
[14.715s] Level 1:colcon.colcon_core.environment:checking '/mnt/c/ROS2/robotic-waitress/install/rw_interfaces/lib/pkgconfig/rw_interfaces.pc'
[14.718s] Level 1:colcon.colcon_core.environment:checking '/mnt/c/ROS2/robotic-waitress/install/rw_interfaces/lib/python3.10/site-packages'
[14.721s] Level 1:colcon.colcon_core.environment:checking '/mnt/c/ROS2/robotic-waitress/install/rw_interfaces/bin'
[14.725s] INFO:colcon.colcon_core.shell:Creating package script '/mnt/c/ROS2/robotic-waitress/install/rw_interfaces/share/rw_interfaces/package.ps1'
[14.741s] INFO:colcon.colcon_core.shell:Creating package descriptor '/mnt/c/ROS2/robotic-waitress/install/rw_interfaces/share/rw_interfaces/package.dsv'
[14.757s] INFO:colcon.colcon_core.shell:Creating package script '/mnt/c/ROS2/robotic-waitress/install/rw_interfaces/share/rw_interfaces/package.sh'
[14.773s] INFO:colcon.colcon_core.shell:Creating package script '/mnt/c/ROS2/robotic-waitress/install/rw_interfaces/share/rw_interfaces/package.bash'
[14.788s] INFO:colcon.colcon_core.shell:Creating package script '/mnt/c/ROS2/robotic-waitress/install/rw_interfaces/share/rw_interfaces/package.zsh'
[14.802s] Level 1:colcon.colcon_core.environment:create_file_with_runtime_dependencies(/mnt/c/ROS2/robotic-waitress/install/rw_interfaces/share/colcon-core/packages/rw_interfaces)
[14.814s] INFO:colcon.colcon_ros.task.ament_python.build:Building ROS package in '/mnt/c/ROS2/robotic-waitress/src/rw_distance_sensors' with build type 'ament_python'
[14.815s] Level 1:colcon.colcon_core.shell:create_environment_hook('rw_distance_sensors', 'ament_prefix_path')
[14.818s] INFO:colcon.colcon_core.shell:Creating environment hook '/mnt/c/ROS2/robotic-waitress/install/rw_distance_sensors/share/rw_distance_sensors/hook/ament_prefix_path.ps1'
[14.857s] INFO:colcon.colcon_core.shell:Creating environment descriptor '/mnt/c/ROS2/robotic-waitress/install/rw_distance_sensors/share/rw_distance_sensors/hook/ament_prefix_path.dsv'
[14.877s] INFO:colcon.colcon_core.shell:Creating environment hook '/mnt/c/ROS2/robotic-waitress/install/rw_distance_sensors/share/rw_distance_sensors/hook/ament_prefix_path.sh'
[14.897s] INFO:colcon.colcon_core.shell:Skip shell extension 'powershell' for command environment: Not usable outside of PowerShell
[14.898s] DEBUG:colcon.colcon_core.shell:Skip shell extension 'dsv' for command environment
[16.103s] INFO:colcon.colcon_core.task.python.build:Building Python package in '/mnt/c/ROS2/robotic-waitress/src/rw_distance_sensors'
[16.105s] INFO:colcon.colcon_core.shell:Skip shell extension 'powershell' for command environment: Not usable outside of PowerShell
[16.105s] DEBUG:colcon.colcon_core.shell:Skip shell extension 'dsv' for command environment
[18.555s] DEBUG:colcon.colcon_core.event_handler.log_command:Invoking command in '/mnt/c/ROS2/robotic-waitress/src/rw_distance_sensors': AMENT_PREFIX_PATH=/mnt/c/ROS2/robotic-waitress/install/rw_interfaces:${AMENT_PREFIX_PATH} CMAKE_PREFIX_PATH=/mnt/c/ROS2/robotic-waitress/install/rw_interfaces LD_LIBRARY_PATH=/mnt/c/ROS2/robotic-waitress/install/rw_interfaces/lib:${LD_LIBRARY_PATH} PYTHONPATH=/mnt/c/ROS2/robotic-waitress/build/rw_distance_sensors/prefix_override:/mnt/c/ROS2/robotic-waitress/install/rw_distance_sensors/lib/python3.10/site-packages:/mnt/c/ROS2/robotic-waitress/install/rw_interfaces/local/lib/python3.10/dist-packages:${PYTHONPATH} /usr/bin/python3 setup.py egg_info --egg-base ../../build/rw_distance_sensors build --build-base /mnt/c/ROS2/robotic-waitress/build/rw_distance_sensors/build install --record /mnt/c/ROS2/robotic-waitress/build/rw_distance_sensors/install.log --single-version-externally-managed
[21.812s] Level 1:colcon.colcon_core.environment:checking '/mnt/c/ROS2/robotic-waitress/install/rw_distance_sensors' for CMake module files
[21.815s] DEBUG:colcon.colcon_core.event_handler.log_command:Invoked command in '/mnt/c/ROS2/robotic-waitress/src/rw_distance_sensors' returned '0': AMENT_PREFIX_PATH=/mnt/c/ROS2/robotic-waitress/install/rw_interfaces:${AMENT_PREFIX_PATH} CMAKE_PREFIX_PATH=/mnt/c/ROS2/robotic-waitress/install/rw_interfaces LD_LIBRARY_PATH=/mnt/c/ROS2/robotic-waitress/install/rw_interfaces/lib:${LD_LIBRARY_PATH} PYTHONPATH=/mnt/c/ROS2/robotic-waitress/build/rw_distance_sensors/prefix_override:/mnt/c/ROS2/robotic-waitress/install/rw_distance_sensors/lib/python3.10/site-packages:/mnt/c/ROS2/robotic-waitress/install/rw_interfaces/local/lib/python3.10/dist-packages:${PYTHONPATH} /usr/bin/python3 setup.py egg_info --egg-base ../../build/rw_distance_sensors build --build-base /mnt/c/ROS2/robotic-waitress/build/rw_distance_sensors/build install --record /mnt/c/ROS2/robotic-waitress/build/rw_distance_sensors/install.log --single-version-externally-managed
[21.912s] Level 1:colcon.colcon_core.environment:checking '/mnt/c/ROS2/robotic-waitress/install/rw_distance_sensors' for CMake config files
[22.051s] Level 1:colcon.colcon_core.environment:checking '/mnt/c/ROS2/robotic-waitress/install/rw_distance_sensors/lib'
[22.059s] Level 1:colcon.colcon_core.environment:checking '/mnt/c/ROS2/robotic-waitress/install/rw_distance_sensors/bin'
[22.061s] Level 1:colcon.colcon_core.environment:checking '/mnt/c/ROS2/robotic-waitress/install/rw_distance_sensors/lib/pkgconfig/rw_distance_sensors.pc'
[22.064s] Level 1:colcon.colcon_core.environment:checking '/mnt/c/ROS2/robotic-waitress/install/rw_distance_sensors/lib/python3.10/site-packages'
[22.068s] Level 1:colcon.colcon_core.shell:create_environment_hook('rw_distance_sensors', 'pythonpath')
[22.070s] INFO:colcon.colcon_core.shell:Creating environment hook '/mnt/c/ROS2/robotic-waitress/install/rw_distance_sensors/share/rw_distance_sensors/hook/pythonpath.ps1'
[22.091s] INFO:colcon.colcon_core.shell:Creating environment descriptor '/mnt/c/ROS2/robotic-waitress/install/rw_distance_sensors/share/rw_distance_sensors/hook/pythonpath.dsv'
[22.112s] INFO:colcon.colcon_core.shell:Creating environment hook '/mnt/c/ROS2/robotic-waitress/install/rw_distance_sensors/share/rw_distance_sensors/hook/pythonpath.sh'
[22.136s] Level 1:colcon.colcon_core.environment:checking '/mnt/c/ROS2/robotic-waitress/install/rw_distance_sensors/bin'
[22.138s] Level 1:colcon.colcon_core.environment:create_environment_scripts_only(rw_distance_sensors)
[22.140s] INFO:colcon.colcon_core.shell:Creating package script '/mnt/c/ROS2/robotic-waitress/install/rw_distance_sensors/share/rw_distance_sensors/package.ps1'
[22.160s] INFO:colcon.colcon_core.shell:Creating package descriptor '/mnt/c/ROS2/robotic-waitress/install/rw_distance_sensors/share/rw_distance_sensors/package.dsv'
[22.179s] INFO:colcon.colcon_core.shell:Creating package script '/mnt/c/ROS2/robotic-waitress/install/rw_distance_sensors/share/rw_distance_sensors/package.sh'
[22.197s] INFO:colcon.colcon_core.shell:Creating package script '/mnt/c/ROS2/robotic-waitress/install/rw_distance_sensors/share/rw_distance_sensors/package.bash'
[22.215s] INFO:colcon.colcon_core.shell:Creating package script '/mnt/c/ROS2/robotic-waitress/install/rw_distance_sensors/share/rw_distance_sensors/package.zsh'
[22.232s] Level 1:colcon.colcon_core.environment:create_file_with_runtime_dependencies(/mnt/c/ROS2/robotic-waitress/install/rw_distance_sensors/share/colcon-core/packages/rw_distance_sensors)
[22.248s] DEBUG:colcon.colcon_parallel_executor.executor.parallel:closing loop
[22.248s] DEBUG:colcon.colcon_parallel_executor.executor.parallel:loop closed
[22.249s] DEBUG:colcon.colcon_parallel_executor.executor.parallel:run_until_complete finished with '0'
[22.250s] DEBUG:colcon.colcon_core.event_reactor:joining thread
[22.363s] INFO:colcon.colcon_core.plugin_system:Skipping extension 'colcon_notification.desktop_notification.notify_send': Could not find 'notify-send'
[22.364s] INFO:colcon.colcon_core.plugin_system:Skipping extension 'colcon_notification.desktop_notification.terminal_notifier': Not used on non-Darwin systems
[22.364s] INFO:colcon.colcon_core.plugin_system:Skipping extension 'colcon_notification.desktop_notification.win32': Not used on non-Windows systems
[22.364s] INFO:colcon.colcon_notification.desktop_notification:Sending desktop notification using 'notify2'
[22.365s] DEBUG:colcon.colcon_notification.desktop_notification.notify2:Failed to initialize notify2: org.freedesktop.DBus.Error.NotSupported: Unable to autolaunch a dbus-daemon without a $DISPLAY for X11
[22.365s] DEBUG:colcon.colcon_core.event_reactor:joined thread
[22.368s] INFO:colcon.colcon_core.shell:Creating prefix script '/mnt/c/ROS2/robotic-waitress/install/local_setup.ps1'
[22.377s] INFO:colcon.colcon_core.shell:Creating prefix util module '/mnt/c/ROS2/robotic-waitress/install/_local_setup_util_ps1.py'
[22.389s] INFO:colcon.colcon_core.shell:Creating prefix chain script '/mnt/c/ROS2/robotic-waitress/install/setup.ps1'
[22.402s] INFO:colcon.colcon_core.shell:Creating prefix script '/mnt/c/ROS2/robotic-waitress/install/local_setup.sh'
[22.413s] INFO:colcon.colcon_core.shell:Creating prefix util module '/mnt/c/ROS2/robotic-waitress/install/_local_setup_util_sh.py'
[22.425s] INFO:colcon.colcon_core.shell:Creating prefix chain script '/mnt/c/ROS2/robotic-waitress/install/setup.sh'
[22.438s] INFO:colcon.colcon_core.shell:Creating prefix script '/mnt/c/ROS2/robotic-waitress/install/local_setup.bash'
[22.446s] INFO:colcon.colcon_core.shell:Creating prefix chain script '/mnt/c/ROS2/robotic-waitress/install/setup.bash'
[22.456s] INFO:colcon.colcon_core.shell:Creating prefix script '/mnt/c/ROS2/robotic-waitress/install/local_setup.zsh'
[22.464s] INFO:colcon.colcon_core.shell:Creating prefix chain script '/mnt/c/ROS2/robotic-waitress/install/setup.zsh'
