running egg_info
creating ../../build/rw_movement/rw_movement.egg-info
writing ../../build/rw_movement/rw_movement.egg-info/PKG-INFO
writing dependency_links to ../../build/rw_movement/rw_movement.egg-info/dependency_links.txt
writing entry points to ../../build/rw_movement/rw_movement.egg-info/entry_points.txt
writing requirements to ../../build/rw_movement/rw_movement.egg-info/requires.txt
writing top-level names to ../../build/rw_movement/rw_movement.egg-info/top_level.txt
writing manifest file '../../build/rw_movement/rw_movement.egg-info/SOURCES.txt'
reading manifest file '../../build/rw_movement/rw_movement.egg-info/SOURCES.txt'
writing manifest file '../../build/rw_movement/rw_movement.egg-info/SOURCES.txt'
running build
running build_py
creating /home/gake/robotic-waitress/build/rw_movement/build
creating /home/gake/robotic-waitress/build/rw_movement/build/lib
creating /home/gake/robotic-waitress/build/rw_movement/build/lib/rw_movement
copying rw_movement/__init__.py -> /home/gake/robotic-waitress/build/rw_movement/build/lib/rw_movement
running install
running install_lib
creating /home/gake/robotic-waitress/install/rw_movement/lib/python3.10/site-packages/rw_movement
copying /home/gake/robotic-waitress/build/rw_movement/build/lib/rw_movement/__init__.py -> /home/gake/robotic-waitress/install/rw_movement/lib/python3.10/site-packages/rw_movement
byte-compiling /home/gake/robotic-waitress/install/rw_movement/lib/python3.10/site-packages/rw_movement/__init__.py to __init__.cpython-310.pyc
running install_data
creating /home/gake/robotic-waitress/install/rw_movement/share/ament_index
creating /home/gake/robotic-waitress/install/rw_movement/share/ament_index/resource_index
creating /home/gake/robotic-waitress/install/rw_movement/share/ament_index/resource_index/packages
copying resource/rw_movement -> /home/gake/robotic-waitress/install/rw_movement/share/ament_index/resource_index/packages
copying package.xml -> /home/gake/robotic-waitress/install/rw_movement/share/rw_movement
running install_egg_info
Copying ../../build/rw_movement/rw_movement.egg-info to /home/gake/robotic-waitress/install/rw_movement/lib/python3.10/site-packages/rw_movement-0.0.0-py3.10.egg-info
running install_scripts
writing list of installed files to '/home/gake/robotic-waitress/build/rw_movement/install.log'
