-- Found ament_cmake: 1.3.3 (/opt/ros/humble/share/ament_cmake/cmake)
-- Found rosidl_default_generators: 1.2.0 (/opt/ros/humble/share/rosidl_default_generators/cmake)
-- Using all available rosidl_typesupport_c: rosidl_typesupport_fastrtps_c;rosidl_typesupport_introspection_c
-- Found rosidl_adapter: 3.1.4 (/opt/ros/humble/share/rosidl_adapter/cmake)
-- Using all available rosidl_typesupport_cpp: rosidl_typesupport_fastrtps_cpp;rosidl_typesupport_introspection_cpp
-- Found std_msgs: 4.2.3 (/opt/ros/humble/share/std_msgs/cmake)
-- Found irobot_create_msgs: 2.1.0 (/opt/ros/humble/share/irobot_create_msgs/cmake)
-- Found ament_cmake_ros: 0.10.0 (/opt/ros/humble/share/ament_cmake_ros/cmake)
-- Using all available rosidl_typesupport_c: rosidl_typesupport_fastrtps_c;rosidl_typesupport_introspection_c
-- Using all available rosidl_typesupport_cpp: rosidl_typesupport_fastrtps_cpp;rosidl_typesupport_introspection_cpp
-- Found python_cmake_module: 0.10.0 (/opt/ros/humble/share/python_cmake_module/cmake)
-- Using PYTHON_EXECUTABLE: /usr/bin/python3
-- Using PYTHON_INCLUDE_DIRS: /usr/include/python3.10
-- Using PYTHON_LIBRARIES: /usr/lib/x86_64-linux-gnu/libpython3.10.so
-- Found ament_lint_auto: 0.12.5 (/opt/ros/humble/share/ament_lint_auto/cmake)
-- Added test 'lint_cmake' to check CMake code style
-- Added test 'xmllint' to check XML markup files
-- Configuring done
-- Generating done
-- Build files have been written to: /mnt/c/ROS2/robotic-waitress/build/rw_interfaces
[  2%] [34m[1mGenerating C code for ROS interfaces[0m
[  5%] [34m[1mGenerating C++ code for ROS interfaces[0m
[  5%] Built target ament_cmake_python_copy_rw_interfaces
[  5%] Built target rw_interfaces__cpp
[35m[1mConsolidate compiler generated dependencies of target rw_interfaces__rosidl_generator_c[0m
[  7%] [34m[1mGenerating C++ type support for eProsima Fast-RTPS[0m
[ 10%] [34m[1mGenerating C++ type support dispatch for ROS interfaces[0m
[ 12%] [32mBuilding C object CMakeFiles/rw_interfaces__rosidl_generator_c.dir/rosidl_generator_c/rw_interfaces/msg/detail/ultrasonic__functions.c.o[0m
running egg_info
writing rw_interfaces.egg-info/PKG-INFO
writing dependency_links to rw_interfaces.egg-info/dependency_links.txt
writing top-level names to rw_interfaces.egg-info/top_level.txt
reading manifest file 'rw_interfaces.egg-info/SOURCES.txt'
writing manifest file 'rw_interfaces.egg-info/SOURCES.txt'
[ 12%] Built target ament_cmake_python_build_rw_interfaces_egg
[35m[1mConsolidate compiler generated dependencies of target rw_interfaces__rosidl_typesupport_cpp[0m
[ 15%] [34m[1mGenerating C++ introspection for ROS interfaces[0m
[35m[1mConsolidate compiler generated dependencies of target rw_interfaces__rosidl_typesupport_fastrtps_cpp[0m
[ 17%] [32mBuilding C object CMakeFiles/rw_interfaces__rosidl_generator_c.dir/rosidl_generator_c/rw_interfaces/msg/detail/detections_vector__functions.c.o[0m
[ 20%] [32mBuilding CXX object CMakeFiles/rw_interfaces__rosidl_typesupport_cpp.dir/rosidl_typesupport_cpp/rw_interfaces/msg/ultrasonic__type_support.cpp.o[0m
[ 23%] [32m[1mLinking C shared library librw_interfaces__rosidl_generator_c.so[0m
[ 25%] [32mBuilding CXX object CMakeFiles/rw_interfaces__rosidl_typesupport_fastrtps_cpp.dir/rosidl_typesupport_fastrtps_cpp/rw_interfaces/msg/detail/dds_fastrtps/ultrasonic__type_support.cpp.o[0m
[35m[1mConsolidate compiler generated dependencies of target rw_interfaces__rosidl_typesupport_introspection_cpp[0m
[ 25%] Built target rw_interfaces__rosidl_generator_c
[ 28%] [34m[1mGenerating C type support for eProsima Fast-RTPS[0m
[ 30%] [32mBuilding CXX object CMakeFiles/rw_interfaces__rosidl_typesupport_introspection_cpp.dir/rosidl_typesupport_introspection_cpp/rw_interfaces/msg/detail/ultrasonic__type_support.cpp.o[0m
[ 33%] [32mBuilding CXX object CMakeFiles/rw_interfaces__rosidl_typesupport_cpp.dir/rosidl_typesupport_cpp/rw_interfaces/msg/detections_vector__type_support.cpp.o[0m
[35m[1mConsolidate compiler generated dependencies of target rw_interfaces__rosidl_typesupport_fastrtps_c[0m
[ 35%] [32mBuilding CXX object CMakeFiles/rw_interfaces__rosidl_typesupport_fastrtps_c.dir/rosidl_typesupport_fastrtps_c/rw_interfaces/msg/detail/ultrasonic__type_support_c.cpp.o[0m
[ 38%] [32m[1mLinking CXX shared library librw_interfaces__rosidl_typesupport_cpp.so[0m
[ 41%] [32mBuilding CXX object CMakeFiles/rw_interfaces__rosidl_typesupport_fastrtps_cpp.dir/rosidl_typesupport_fastrtps_cpp/rw_interfaces/msg/detail/dds_fastrtps/detections_vector__type_support.cpp.o[0m
[ 43%] [32mBuilding CXX object CMakeFiles/rw_interfaces__rosidl_typesupport_introspection_cpp.dir/rosidl_typesupport_introspection_cpp/rw_interfaces/msg/detail/detections_vector__type_support.cpp.o[0m
[ 43%] Built target rw_interfaces__rosidl_typesupport_cpp
[ 46%] [34m[1mGenerating C introspection for ROS interfaces[0m
[ 48%] [32mBuilding CXX object CMakeFiles/rw_interfaces__rosidl_typesupport_fastrtps_c.dir/rosidl_typesupport_fastrtps_c/rw_interfaces/msg/detail/detections_vector__type_support_c.cpp.o[0m
[35m[1mConsolidate compiler generated dependencies of target rw_interfaces__rosidl_typesupport_introspection_c[0m
[ 51%] [32mBuilding C object CMakeFiles/rw_interfaces__rosidl_typesupport_introspection_c.dir/rosidl_typesupport_introspection_c/rw_interfaces/msg/detail/ultrasonic__type_support.c.o[0m
[ 53%] [32m[1mLinking CXX shared library librw_interfaces__rosidl_typesupport_fastrtps_cpp.so[0m
[ 56%] [32mBuilding C object CMakeFiles/rw_interfaces__rosidl_typesupport_introspection_c.dir/rosidl_typesupport_introspection_c/rw_interfaces/msg/detail/detections_vector__type_support.c.o[0m
[ 58%] [32m[1mLinking CXX shared library librw_interfaces__rosidl_typesupport_introspection_cpp.so[0m
[ 58%] Built target rw_interfaces__rosidl_typesupport_fastrtps_cpp
[ 61%] [34m[1mGenerating C type support dispatch for ROS interfaces[0m
[ 64%] [32m[1mLinking C shared library librw_interfaces__rosidl_typesupport_introspection_c.so[0m
[ 66%] [32m[1mLinking CXX shared library librw_interfaces__rosidl_typesupport_fastrtps_c.so[0m
[ 66%] Built target rw_interfaces__rosidl_typesupport_introspection_c
[ 66%] Built target rw_interfaces__rosidl_typesupport_introspection_cpp
[ 66%] Built target rw_interfaces__rosidl_typesupport_fastrtps_c
[35m[1mConsolidate compiler generated dependencies of target rw_interfaces__rosidl_typesupport_c[0m
[ 69%] [32mBuilding CXX object CMakeFiles/rw_interfaces__rosidl_typesupport_c.dir/rosidl_typesupport_c/rw_interfaces/msg/ultrasonic__type_support.cpp.o[0m
[ 71%] [32mBuilding CXX object CMakeFiles/rw_interfaces__rosidl_typesupport_c.dir/rosidl_typesupport_c/rw_interfaces/msg/detections_vector__type_support.cpp.o[0m
[ 74%] [32m[1mLinking CXX shared library librw_interfaces__rosidl_typesupport_c.so[0m
[ 74%] Built target rw_interfaces__rosidl_typesupport_c
[ 74%] Built target rw_interfaces
[ 76%] [34m[1mGenerating Python code for ROS interfaces[0m
[ 76%] Built target rw_interfaces__py
[35m[1mConsolidate compiler generated dependencies of target rw_interfaces__rosidl_generator_py[0m
[ 79%] [32mBuilding C object CMakeFiles/rw_interfaces__rosidl_generator_py.dir/rosidl_generator_py/rw_interfaces/msg/_ultrasonic_s.c.o[0m
[ 82%] [32mBuilding C object CMakeFiles/rw_interfaces__rosidl_generator_py.dir/rosidl_generator_py/rw_interfaces/msg/_detections_vector_s.c.o[0m
[ 84%] [32m[1mLinking C shared library rosidl_generator_py/rw_interfaces/librw_interfaces__rosidl_generator_py.so[0m
[ 84%] Built target rw_interfaces__rosidl_generator_py
[35m[1mConsolidate compiler generated dependencies of target rw_interfaces__rosidl_typesupport_c__pyext[0m
[35m[1mConsolidate compiler generated dependencies of target rw_interfaces__rosidl_typesupport_fastrtps_c__pyext[0m
[35m[1mConsolidate compiler generated dependencies of target rw_interfaces__rosidl_typesupport_introspection_c__pyext[0m
[ 89%] [32mBuilding C object CMakeFiles/rw_interfaces__rosidl_typesupport_fastrtps_c__pyext.dir/rosidl_generator_py/rw_interfaces/_rw_interfaces_s.ep.rosidl_typesupport_fastrtps_c.c.o[0m
[ 89%] [32mBuilding C object CMakeFiles/rw_interfaces__rosidl_typesupport_c__pyext.dir/rosidl_generator_py/rw_interfaces/_rw_interfaces_s.ep.rosidl_typesupport_c.c.o[0m
[ 92%] [32mBuilding C object CMakeFiles/rw_interfaces__rosidl_typesupport_introspection_c__pyext.dir/rosidl_generator_py/rw_interfaces/_rw_interfaces_s.ep.rosidl_typesupport_introspection_c.c.o[0m
[ 94%] [32m[1mLinking C shared library rosidl_generator_py/rw_interfaces/rw_interfaces_s__rosidl_typesupport_c.cpython-310-x86_64-linux-gnu.so[0m
[ 97%] [32m[1mLinking C shared library rosidl_generator_py/rw_interfaces/rw_interfaces_s__rosidl_typesupport_fastrtps_c.cpython-310-x86_64-linux-gnu.so[0m
[100%] [32m[1mLinking C shared library rosidl_generator_py/rw_interfaces/rw_interfaces_s__rosidl_typesupport_introspection_c.cpython-310-x86_64-linux-gnu.so[0m
[100%] Built target rw_interfaces__rosidl_typesupport_c__pyext
[100%] Built target rw_interfaces__rosidl_typesupport_fastrtps_c__pyext
[100%] Built target rw_interfaces__rosidl_typesupport_introspection_c__pyext
-- Install configuration: ""
-- Up-to-date: /mnt/c/ROS2/robotic-waitress/install/rw_interfaces/share/ament_index/resource_index/rosidl_interfaces/rw_interfaces
-- Up-to-date: /mnt/c/ROS2/robotic-waitress/install/rw_interfaces/include/rw_interfaces/rw_interfaces
-- Up-to-date: /mnt/c/ROS2/robotic-waitress/install/rw_interfaces/include/rw_interfaces/rw_interfaces/msg
-- Up-to-date: /mnt/c/ROS2/robotic-waitress/install/rw_interfaces/include/rw_interfaces/rw_interfaces/msg/detail
-- Installing: /mnt/c/ROS2/robotic-waitress/install/rw_interfaces/include/rw_interfaces/rw_interfaces/msg/detail/detections_vector__functions.c
-- Installing: /mnt/c/ROS2/robotic-waitress/install/rw_interfaces/include/rw_interfaces/rw_interfaces/msg/detail/detections_vector__functions.h
-- Installing: /mnt/c/ROS2/robotic-waitress/install/rw_interfaces/include/rw_interfaces/rw_interfaces/msg/detail/detections_vector__struct.h
-- Installing: /mnt/c/ROS2/robotic-waitress/install/rw_interfaces/include/rw_interfaces/rw_interfaces/msg/detail/detections_vector__type_support.h
-- Installing: /mnt/c/ROS2/robotic-waitress/install/rw_interfaces/include/rw_interfaces/rw_interfaces/msg/detail/ultrasonic__functions.c
-- Installing: /mnt/c/ROS2/robotic-waitress/install/rw_interfaces/include/rw_interfaces/rw_interfaces/msg/detail/ultrasonic__functions.h
-- Installing: /mnt/c/ROS2/robotic-waitress/install/rw_interfaces/include/rw_interfaces/rw_interfaces/msg/detail/ultrasonic__struct.h
-- Installing: /mnt/c/ROS2/robotic-waitress/install/rw_interfaces/include/rw_interfaces/rw_interfaces/msg/detail/ultrasonic__type_support.h
-- Installing: /mnt/c/ROS2/robotic-waitress/install/rw_interfaces/include/rw_interfaces/rw_interfaces/msg/detections_vector.h
-- Up-to-date: /mnt/c/ROS2/robotic-waitress/install/rw_interfaces/include/rw_interfaces/rw_interfaces/msg/rosidl_generator_c__visibility_control.h
-- Installing: /mnt/c/ROS2/robotic-waitress/install/rw_interfaces/include/rw_interfaces/rw_interfaces/msg/ultrasonic.h
-- Up-to-date: /mnt/c/ROS2/robotic-waitress/install/rw_interfaces/share/rw_interfaces/environment/library_path.sh
-- Installing: /mnt/c/ROS2/robotic-waitress/install/rw_interfaces/share/rw_interfaces/environment/library_path.dsv
-- Installing: /mnt/c/ROS2/robotic-waitress/install/rw_interfaces/lib/librw_interfaces__rosidl_generator_c.so
-- Set runtime path of "/mnt/c/ROS2/robotic-waitress/install/rw_interfaces/lib/librw_interfaces__rosidl_generator_c.so" to ""
-- Up-to-date: /mnt/c/ROS2/robotic-waitress/install/rw_interfaces/include/rw_interfaces/rw_interfaces
-- Up-to-date: /mnt/c/ROS2/robotic-waitress/install/rw_interfaces/include/rw_interfaces/rw_interfaces/msg
-- Up-to-date: /mnt/c/ROS2/robotic-waitress/install/rw_interfaces/include/rw_interfaces/rw_interfaces/msg/detail
-- Installing: /mnt/c/ROS2/robotic-waitress/install/rw_interfaces/include/rw_interfaces/rw_interfaces/msg/detail/detections_vector__rosidl_typesupport_fastrtps_c.h
-- Installing: /mnt/c/ROS2/robotic-waitress/install/rw_interfaces/include/rw_interfaces/rw_interfaces/msg/detail/ultrasonic__rosidl_typesupport_fastrtps_c.h
-- Up-to-date: /mnt/c/ROS2/robotic-waitress/install/rw_interfaces/include/rw_interfaces/rw_interfaces/msg/rosidl_typesupport_fastrtps_c__visibility_control.h
-- Installing: /mnt/c/ROS2/robotic-waitress/install/rw_interfaces/lib/librw_interfaces__rosidl_typesupport_fastrtps_c.so
-- Set runtime path of "/mnt/c/ROS2/robotic-waitress/install/rw_interfaces/lib/librw_interfaces__rosidl_typesupport_fastrtps_c.so" to ""
-- Up-to-date: /mnt/c/ROS2/robotic-waitress/install/rw_interfaces/include/rw_interfaces/rw_interfaces
-- Up-to-date: /mnt/c/ROS2/robotic-waitress/install/rw_interfaces/include/rw_interfaces/rw_interfaces/msg
-- Up-to-date: /mnt/c/ROS2/robotic-waitress/install/rw_interfaces/include/rw_interfaces/rw_interfaces/msg/detail
-- Installing: /mnt/c/ROS2/robotic-waitress/install/rw_interfaces/include/rw_interfaces/rw_interfaces/msg/detail/detections_vector__rosidl_typesupport_introspection_c.h
-- Installing: /mnt/c/ROS2/robotic-waitress/install/rw_interfaces/include/rw_interfaces/rw_interfaces/msg/detail/detections_vector__type_support.c
-- Installing: /mnt/c/ROS2/robotic-waitress/install/rw_interfaces/include/rw_interfaces/rw_interfaces/msg/detail/ultrasonic__rosidl_typesupport_introspection_c.h
-- Installing: /mnt/c/ROS2/robotic-waitress/install/rw_interfaces/include/rw_interfaces/rw_interfaces/msg/detail/ultrasonic__type_support.c
-- Up-to-date: /mnt/c/ROS2/robotic-waitress/install/rw_interfaces/include/rw_interfaces/rw_interfaces/msg/rosidl_typesupport_introspection_c__visibility_control.h
-- Installing: /mnt/c/ROS2/robotic-waitress/install/rw_interfaces/lib/librw_interfaces__rosidl_typesupport_introspection_c.so
-- Set runtime path of "/mnt/c/ROS2/robotic-waitress/install/rw_interfaces/lib/librw_interfaces__rosidl_typesupport_introspection_c.so" to ""
-- Installing: /mnt/c/ROS2/robotic-waitress/install/rw_interfaces/lib/librw_interfaces__rosidl_typesupport_c.so
-- Set runtime path of "/mnt/c/ROS2/robotic-waitress/install/rw_interfaces/lib/librw_interfaces__rosidl_typesupport_c.so" to ""
-- Up-to-date: /mnt/c/ROS2/robotic-waitress/install/rw_interfaces/include/rw_interfaces/rw_interfaces
-- Up-to-date: /mnt/c/ROS2/robotic-waitress/install/rw_interfaces/include/rw_interfaces/rw_interfaces/msg
-- Up-to-date: /mnt/c/ROS2/robotic-waitress/install/rw_interfaces/include/rw_interfaces/rw_interfaces/msg/detail
-- Installing: /mnt/c/ROS2/robotic-waitress/install/rw_interfaces/include/rw_interfaces/rw_interfaces/msg/detail/detections_vector__builder.hpp
-- Installing: /mnt/c/ROS2/robotic-waitress/install/rw_interfaces/include/rw_interfaces/rw_interfaces/msg/detail/detections_vector__struct.hpp
-- Installing: /mnt/c/ROS2/robotic-waitress/install/rw_interfaces/include/rw_interfaces/rw_interfaces/msg/detail/detections_vector__traits.hpp
-- Installing: /mnt/c/ROS2/robotic-waitress/install/rw_interfaces/include/rw_interfaces/rw_interfaces/msg/detail/ultrasonic__builder.hpp
-- Installing: /mnt/c/ROS2/robotic-waitress/install/rw_interfaces/include/rw_interfaces/rw_interfaces/msg/detail/ultrasonic__struct.hpp
-- Installing: /mnt/c/ROS2/robotic-waitress/install/rw_interfaces/include/rw_interfaces/rw_interfaces/msg/detail/ultrasonic__traits.hpp
-- Installing: /mnt/c/ROS2/robotic-waitress/install/rw_interfaces/include/rw_interfaces/rw_interfaces/msg/detections_vector.hpp
-- Installing: /mnt/c/ROS2/robotic-waitress/install/rw_interfaces/include/rw_interfaces/rw_interfaces/msg/ultrasonic.hpp
-- Up-to-date: /mnt/c/ROS2/robotic-waitress/install/rw_interfaces/include/rw_interfaces/rw_interfaces
-- Up-to-date: /mnt/c/ROS2/robotic-waitress/install/rw_interfaces/include/rw_interfaces/rw_interfaces/msg
-- Up-to-date: /mnt/c/ROS2/robotic-waitress/install/rw_interfaces/include/rw_interfaces/rw_interfaces/msg/detail
-- Up-to-date: /mnt/c/ROS2/robotic-waitress/install/rw_interfaces/include/rw_interfaces/rw_interfaces/msg/detail/dds_fastrtps
-- Installing: /mnt/c/ROS2/robotic-waitress/install/rw_interfaces/include/rw_interfaces/rw_interfaces/msg/detail/detections_vector__rosidl_typesupport_fastrtps_cpp.hpp
-- Installing: /mnt/c/ROS2/robotic-waitress/install/rw_interfaces/include/rw_interfaces/rw_interfaces/msg/detail/ultrasonic__rosidl_typesupport_fastrtps_cpp.hpp
-- Up-to-date: /mnt/c/ROS2/robotic-waitress/install/rw_interfaces/include/rw_interfaces/rw_interfaces/msg/rosidl_typesupport_fastrtps_cpp__visibility_control.h
-- Installing: /mnt/c/ROS2/robotic-waitress/install/rw_interfaces/lib/librw_interfaces__rosidl_typesupport_fastrtps_cpp.so
-- Set runtime path of "/mnt/c/ROS2/robotic-waitress/install/rw_interfaces/lib/librw_interfaces__rosidl_typesupport_fastrtps_cpp.so" to ""
-- Up-to-date: /mnt/c/ROS2/robotic-waitress/install/rw_interfaces/include/rw_interfaces/rw_interfaces
-- Up-to-date: /mnt/c/ROS2/robotic-waitress/install/rw_interfaces/include/rw_interfaces/rw_interfaces/msg
-- Up-to-date: /mnt/c/ROS2/robotic-waitress/install/rw_interfaces/include/rw_interfaces/rw_interfaces/msg/detail
-- Installing: /mnt/c/ROS2/robotic-waitress/install/rw_interfaces/include/rw_interfaces/rw_interfaces/msg/detail/detections_vector__rosidl_typesupport_introspection_cpp.hpp
-- Installing: /mnt/c/ROS2/robotic-waitress/install/rw_interfaces/include/rw_interfaces/rw_interfaces/msg/detail/detections_vector__type_support.cpp
-- Installing: /mnt/c/ROS2/robotic-waitress/install/rw_interfaces/include/rw_interfaces/rw_interfaces/msg/detail/ultrasonic__rosidl_typesupport_introspection_cpp.hpp
-- Installing: /mnt/c/ROS2/robotic-waitress/install/rw_interfaces/include/rw_interfaces/rw_interfaces/msg/detail/ultrasonic__type_support.cpp
-- Installing: /mnt/c/ROS2/robotic-waitress/install/rw_interfaces/lib/librw_interfaces__rosidl_typesupport_introspection_cpp.so
-- Set runtime path of "/mnt/c/ROS2/robotic-waitress/install/rw_interfaces/lib/librw_interfaces__rosidl_typesupport_introspection_cpp.so" to ""
-- Installing: /mnt/c/ROS2/robotic-waitress/install/rw_interfaces/lib/librw_interfaces__rosidl_typesupport_cpp.so
-- Set runtime path of "/mnt/c/ROS2/robotic-waitress/install/rw_interfaces/lib/librw_interfaces__rosidl_typesupport_cpp.so" to ""
-- Up-to-date: /mnt/c/ROS2/robotic-waitress/install/rw_interfaces/share/rw_interfaces/environment/pythonpath.sh
-- Installing: /mnt/c/ROS2/robotic-waitress/install/rw_interfaces/share/rw_interfaces/environment/pythonpath.dsv
-- Up-to-date: /mnt/c/ROS2/robotic-waitress/install/rw_interfaces/local/lib/python3.10/dist-packages/rw_interfaces-0.0.0-py3.10.egg-info
-- Installing: /mnt/c/ROS2/robotic-waitress/install/rw_interfaces/local/lib/python3.10/dist-packages/rw_interfaces-0.0.0-py3.10.egg-info/dependency_links.txt
-- Installing: /mnt/c/ROS2/robotic-waitress/install/rw_interfaces/local/lib/python3.10/dist-packages/rw_interfaces-0.0.0-py3.10.egg-info/PKG-INFO
-- Installing: /mnt/c/ROS2/robotic-waitress/install/rw_interfaces/local/lib/python3.10/dist-packages/rw_interfaces-0.0.0-py3.10.egg-info/SOURCES.txt
-- Installing: /mnt/c/ROS2/robotic-waitress/install/rw_interfaces/local/lib/python3.10/dist-packages/rw_interfaces-0.0.0-py3.10.egg-info/top_level.txt
-- Up-to-date: /mnt/c/ROS2/robotic-waitress/install/rw_interfaces/local/lib/python3.10/dist-packages/rw_interfaces
-- Installing: /mnt/c/ROS2/robotic-waitress/install/rw_interfaces/local/lib/python3.10/dist-packages/rw_interfaces/librw_interfaces__rosidl_generator_py.so
-- Up-to-date: /mnt/c/ROS2/robotic-waitress/install/rw_interfaces/local/lib/python3.10/dist-packages/rw_interfaces/msg
-- Installing: /mnt/c/ROS2/robotic-waitress/install/rw_interfaces/local/lib/python3.10/dist-packages/rw_interfaces/msg/_detections_vector.py
-- Installing: /mnt/c/ROS2/robotic-waitress/install/rw_interfaces/local/lib/python3.10/dist-packages/rw_interfaces/msg/_detections_vector_s.c
-- Installing: /mnt/c/ROS2/robotic-waitress/install/rw_interfaces/local/lib/python3.10/dist-packages/rw_interfaces/msg/_ultrasonic.py
-- Installing: /mnt/c/ROS2/robotic-waitress/install/rw_interfaces/local/lib/python3.10/dist-packages/rw_interfaces/msg/_ultrasonic_s.c
-- Installing: /mnt/c/ROS2/robotic-waitress/install/rw_interfaces/local/lib/python3.10/dist-packages/rw_interfaces/msg/__init__.py
-- Installing: /mnt/c/ROS2/robotic-waitress/install/rw_interfaces/local/lib/python3.10/dist-packages/rw_interfaces/rw_interfaces_s__rosidl_typesupport_c.cpython-310-x86_64-linux-gnu.so
-- Installing: /mnt/c/ROS2/robotic-waitress/install/rw_interfaces/local/lib/python3.10/dist-packages/rw_interfaces/rw_interfaces_s__rosidl_typesupport_fastrtps_c.cpython-310-x86_64-linux-gnu.so
-- Installing: /mnt/c/ROS2/robotic-waitress/install/rw_interfaces/local/lib/python3.10/dist-packages/rw_interfaces/rw_interfaces_s__rosidl_typesupport_introspection_c.cpython-310-x86_64-linux-gnu.so
-- Installing: /mnt/c/ROS2/robotic-waitress/install/rw_interfaces/local/lib/python3.10/dist-packages/rw_interfaces/_rw_interfaces_s.ep.rosidl_typesupport_c.c
-- Installing: /mnt/c/ROS2/robotic-waitress/install/rw_interfaces/local/lib/python3.10/dist-packages/rw_interfaces/_rw_interfaces_s.ep.rosidl_typesupport_fastrtps_c.c
-- Installing: /mnt/c/ROS2/robotic-waitress/install/rw_interfaces/local/lib/python3.10/dist-packages/rw_interfaces/_rw_interfaces_s.ep.rosidl_typesupport_introspection_c.c
-- Installing: /mnt/c/ROS2/robotic-waitress/install/rw_interfaces/local/lib/python3.10/dist-packages/rw_interfaces/__init__.py
Listing '/mnt/c/ROS2/robotic-waitress/install/rw_interfaces/local/lib/python3.10/dist-packages/rw_interfaces'...
Compiling '/mnt/c/ROS2/robotic-waitress/install/rw_interfaces/local/lib/python3.10/dist-packages/rw_interfaces/__init__.py'...
Listing '/mnt/c/ROS2/robotic-waitress/install/rw_interfaces/local/lib/python3.10/dist-packages/rw_interfaces/msg'...
Compiling '/mnt/c/ROS2/robotic-waitress/install/rw_interfaces/local/lib/python3.10/dist-packages/rw_interfaces/msg/__init__.py'...
Compiling '/mnt/c/ROS2/robotic-waitress/install/rw_interfaces/local/lib/python3.10/dist-packages/rw_interfaces/msg/_detections_vector.py'...
Compiling '/mnt/c/ROS2/robotic-waitress/install/rw_interfaces/local/lib/python3.10/dist-packages/rw_interfaces/msg/_ultrasonic.py'...
-- Installing: /mnt/c/ROS2/robotic-waitress/install/rw_interfaces/local/lib/python3.10/dist-packages/rw_interfaces/rw_interfaces_s__rosidl_typesupport_fastrtps_c.cpython-310-x86_64-linux-gnu.so
-- Set runtime path of "/mnt/c/ROS2/robotic-waitress/install/rw_interfaces/local/lib/python3.10/dist-packages/rw_interfaces/rw_interfaces_s__rosidl_typesupport_fastrtps_c.cpython-310-x86_64-linux-gnu.so" to ""
-- Installing: /mnt/c/ROS2/robotic-waitress/install/rw_interfaces/local/lib/python3.10/dist-packages/rw_interfaces/rw_interfaces_s__rosidl_typesupport_introspection_c.cpython-310-x86_64-linux-gnu.so
-- Set runtime path of "/mnt/c/ROS2/robotic-waitress/install/rw_interfaces/local/lib/python3.10/dist-packages/rw_interfaces/rw_interfaces_s__rosidl_typesupport_introspection_c.cpython-310-x86_64-linux-gnu.so" to ""
-- Installing: /mnt/c/ROS2/robotic-waitress/install/rw_interfaces/local/lib/python3.10/dist-packages/rw_interfaces/rw_interfaces_s__rosidl_typesupport_c.cpython-310-x86_64-linux-gnu.so
-- Set runtime path of "/mnt/c/ROS2/robotic-waitress/install/rw_interfaces/local/lib/python3.10/dist-packages/rw_interfaces/rw_interfaces_s__rosidl_typesupport_c.cpython-310-x86_64-linux-gnu.so" to ""
-- Installing: /mnt/c/ROS2/robotic-waitress/install/rw_interfaces/lib/librw_interfaces__rosidl_generator_py.so
-- Set runtime path of "/mnt/c/ROS2/robotic-waitress/install/rw_interfaces/lib/librw_interfaces__rosidl_generator_py.so" to ""
-- Installing: /mnt/c/ROS2/robotic-waitress/install/rw_interfaces/share/rw_interfaces/msg/Ultrasonic.idl
-- Up-to-date: /mnt/c/ROS2/robotic-waitress/install/rw_interfaces/share/rw_interfaces/msg/DetectionsVector.idl
-- Installing: /mnt/c/ROS2/robotic-waitress/install/rw_interfaces/share/rw_interfaces/msg/Ultrasonic.msg
-- Up-to-date: /mnt/c/ROS2/robotic-waitress/install/rw_interfaces/share/rw_interfaces/msg/DetectionsVector.msg
-- Up-to-date: /mnt/c/ROS2/robotic-waitress/install/rw_interfaces/share/ament_index/resource_index/package_run_dependencies/rw_interfaces
-- Up-to-date: /mnt/c/ROS2/robotic-waitress/install/rw_interfaces/share/ament_index/resource_index/parent_prefix_path/rw_interfaces
-- Up-to-date: /mnt/c/ROS2/robotic-waitress/install/rw_interfaces/share/rw_interfaces/environment/ament_prefix_path.sh
-- Installing: /mnt/c/ROS2/robotic-waitress/install/rw_interfaces/share/rw_interfaces/environment/ament_prefix_path.dsv
-- Up-to-date: /mnt/c/ROS2/robotic-waitress/install/rw_interfaces/share/rw_interfaces/environment/path.sh
-- Installing: /mnt/c/ROS2/robotic-waitress/install/rw_interfaces/share/rw_interfaces/environment/path.dsv
-- Up-to-date: /mnt/c/ROS2/robotic-waitress/install/rw_interfaces/share/rw_interfaces/local_setup.bash
-- Up-to-date: /mnt/c/ROS2/robotic-waitress/install/rw_interfaces/share/rw_interfaces/local_setup.sh
-- Up-to-date: /mnt/c/ROS2/robotic-waitress/install/rw_interfaces/share/rw_interfaces/local_setup.zsh
-- Installing: /mnt/c/ROS2/robotic-waitress/install/rw_interfaces/share/rw_interfaces/local_setup.dsv
-- Installing: /mnt/c/ROS2/robotic-waitress/install/rw_interfaces/share/rw_interfaces/package.dsv
-- Up-to-date: /mnt/c/ROS2/robotic-waitress/install/rw_interfaces/share/ament_index/resource_index/packages/rw_interfaces
-- Up-to-date: /mnt/c/ROS2/robotic-waitress/install/rw_interfaces/share/rw_interfaces/cmake/export_rw_interfaces__rosidl_generator_cExport.cmake
-- Up-to-date: /mnt/c/ROS2/robotic-waitress/install/rw_interfaces/share/rw_interfaces/cmake/export_rw_interfaces__rosidl_generator_cExport-noconfig.cmake
-- Up-to-date: /mnt/c/ROS2/robotic-waitress/install/rw_interfaces/share/rw_interfaces/cmake/export_rw_interfaces__rosidl_typesupport_fastrtps_cExport.cmake
-- Up-to-date: /mnt/c/ROS2/robotic-waitress/install/rw_interfaces/share/rw_interfaces/cmake/export_rw_interfaces__rosidl_typesupport_fastrtps_cExport-noconfig.cmake
-- Up-to-date: /mnt/c/ROS2/robotic-waitress/install/rw_interfaces/share/rw_interfaces/cmake/rw_interfaces__rosidl_typesupport_introspection_cExport.cmake
-- Up-to-date: /mnt/c/ROS2/robotic-waitress/install/rw_interfaces/share/rw_interfaces/cmake/rw_interfaces__rosidl_typesupport_introspection_cExport-noconfig.cmake
-- Up-to-date: /mnt/c/ROS2/robotic-waitress/install/rw_interfaces/share/rw_interfaces/cmake/rw_interfaces__rosidl_typesupport_cExport.cmake
-- Up-to-date: /mnt/c/ROS2/robotic-waitress/install/rw_interfaces/share/rw_interfaces/cmake/rw_interfaces__rosidl_typesupport_cExport-noconfig.cmake
-- Up-to-date: /mnt/c/ROS2/robotic-waitress/install/rw_interfaces/share/rw_interfaces/cmake/export_rw_interfaces__rosidl_generator_cppExport.cmake
-- Up-to-date: /mnt/c/ROS2/robotic-waitress/install/rw_interfaces/share/rw_interfaces/cmake/export_rw_interfaces__rosidl_typesupport_fastrtps_cppExport.cmake
-- Up-to-date: /mnt/c/ROS2/robotic-waitress/install/rw_interfaces/share/rw_interfaces/cmake/export_rw_interfaces__rosidl_typesupport_fastrtps_cppExport-noconfig.cmake
-- Up-to-date: /mnt/c/ROS2/robotic-waitress/install/rw_interfaces/share/rw_interfaces/cmake/rw_interfaces__rosidl_typesupport_introspection_cppExport.cmake
-- Up-to-date: /mnt/c/ROS2/robotic-waitress/install/rw_interfaces/share/rw_interfaces/cmake/rw_interfaces__rosidl_typesupport_introspection_cppExport-noconfig.cmake
-- Up-to-date: /mnt/c/ROS2/robotic-waitress/install/rw_interfaces/share/rw_interfaces/cmake/rw_interfaces__rosidl_typesupport_cppExport.cmake
-- Up-to-date: /mnt/c/ROS2/robotic-waitress/install/rw_interfaces/share/rw_interfaces/cmake/rw_interfaces__rosidl_typesupport_cppExport-noconfig.cmake
-- Up-to-date: /mnt/c/ROS2/robotic-waitress/install/rw_interfaces/share/rw_interfaces/cmake/export_rw_interfaces__rosidl_generator_pyExport.cmake
-- Up-to-date: /mnt/c/ROS2/robotic-waitress/install/rw_interfaces/share/rw_interfaces/cmake/export_rw_interfaces__rosidl_generator_pyExport-noconfig.cmake
-- Up-to-date: /mnt/c/ROS2/robotic-waitress/install/rw_interfaces/share/rw_interfaces/cmake/rosidl_cmake-extras.cmake
-- Up-to-date: /mnt/c/ROS2/robotic-waitress/install/rw_interfaces/share/rw_interfaces/cmake/ament_cmake_export_dependencies-extras.cmake
-- Up-to-date: /mnt/c/ROS2/robotic-waitress/install/rw_interfaces/share/rw_interfaces/cmake/ament_cmake_export_include_directories-extras.cmake
-- Up-to-date: /mnt/c/ROS2/robotic-waitress/install/rw_interfaces/share/rw_interfaces/cmake/ament_cmake_export_libraries-extras.cmake
-- Up-to-date: /mnt/c/ROS2/robotic-waitress/install/rw_interfaces/share/rw_interfaces/cmake/ament_cmake_export_targets-extras.cmake
-- Up-to-date: /mnt/c/ROS2/robotic-waitress/install/rw_interfaces/share/rw_interfaces/cmake/rosidl_cmake_export_typesupport_targets-extras.cmake
-- Up-to-date: /mnt/c/ROS2/robotic-waitress/install/rw_interfaces/share/rw_interfaces/cmake/rosidl_cmake_export_typesupport_libraries-extras.cmake
-- Up-to-date: /mnt/c/ROS2/robotic-waitress/install/rw_interfaces/share/rw_interfaces/cmake/rw_interfacesConfig.cmake
-- Up-to-date: /mnt/c/ROS2/robotic-waitress/install/rw_interfaces/share/rw_interfaces/cmake/rw_interfacesConfig-version.cmake
-- Up-to-date: /mnt/c/ROS2/robotic-waitress/install/rw_interfaces/share/rw_interfaces/package.xml
