[0.134s] Invoking command in '/mnt/c/ROS2/robotic-waitress/build/rw_interfaces': CMAKE_PREFIX_PATH=/opt/ros/humble /usr/bin/cmake --build /mnt/c/ROS2/robotic-waitress/build/rw_interfaces -- -j4 -l4
[0.558s] -- Found ament_cmake: 1.3.3 (/opt/ros/humble/share/ament_cmake/cmake)
[0.895s] -- Found rosidl_default_generators: 1.2.0 (/opt/ros/humble/share/rosidl_default_generators/cmake)
[0.925s] -- Using all available rosidl_typesupport_c: rosidl_typesupport_fastrtps_c;rosidl_typesupport_introspection_c
[0.932s] -- Found rosidl_adapter: 3.1.4 (/opt/ros/humble/share/rosidl_adapter/cmake)
[1.325s] -- Using all available rosidl_typesupport_cpp: rosidl_typesupport_fastrtps_cpp;rosidl_typesupport_introspection_cpp
[1.367s] -- Found std_msgs: 4.2.3 (/opt/ros/humble/share/std_msgs/cmake)
[1.463s] -- Found irobot_create_msgs: 2.1.0 (/opt/ros/humble/share/irobot_create_msgs/cmake)
[3.974s] -- Found ament_cmake_ros: 0.10.0 (/opt/ros/humble/share/ament_cmake_ros/cmake)
[7.227s] -- Using all available rosidl_typesupport_c: rosidl_typesupport_fastrtps_c;rosidl_typesupport_introspection_c
[11.502s] -- Using all available rosidl_typesupport_cpp: rosidl_typesupport_fastrtps_cpp;rosidl_typesupport_introspection_cpp
[11.534s] -- Found python_cmake_module: 0.10.0 (/opt/ros/humble/share/python_cmake_module/cmake)
[11.559s] -- Using PYTHON_EXECUTABLE: /usr/bin/python3
[11.561s] -- Using PYTHON_INCLUDE_DIRS: /usr/include/python3.10
[11.562s] -- Using PYTHON_LIBRARIES: /usr/lib/x86_64-linux-gnu/libpython3.10.so
[12.753s] -- Found ament_lint_auto: 0.12.5 (/opt/ros/humble/share/ament_lint_auto/cmake)
[13.692s] -- Added test 'lint_cmake' to check CMake code style
[14.044s] -- Added test 'xmllint' to check XML markup files
[14.359s] -- Configuring done
[18.580s] -- Generating done
[19.209s] -- Build files have been written to: /mnt/c/ROS2/robotic-waitress/build/rw_interfaces
[19.440s] [  2%] [34m[1mGenerating C code for ROS interfaces[0m
[19.688s] [  5%] [34m[1mGenerating C++ code for ROS interfaces[0m
[21.857s] [  5%] Built target ament_cmake_python_copy_rw_interfaces
[21.956s] [  5%] Built target rw_interfaces__cpp
[21.961s] [35m[1mConsolidate compiler generated dependencies of target rw_interfaces__rosidl_generator_c[0m
[22.119s] [  7%] [34m[1mGenerating C++ type support for eProsima Fast-RTPS[0m
[22.133s] [ 10%] [34m[1mGenerating C++ type support dispatch for ROS interfaces[0m
[22.424s] [ 12%] [32mBuilding C object CMakeFiles/rw_interfaces__rosidl_generator_c.dir/rosidl_generator_c/rw_interfaces/msg/detail/ultrasonic__functions.c.o[0m
[22.999s] running egg_info
[23.029s] writing rw_interfaces.egg-info/PKG-INFO
[23.124s] writing dependency_links to rw_interfaces.egg-info/dependency_links.txt
[23.192s] writing top-level names to rw_interfaces.egg-info/top_level.txt
[23.313s] reading manifest file 'rw_interfaces.egg-info/SOURCES.txt'
[23.441s] writing manifest file 'rw_interfaces.egg-info/SOURCES.txt'
[23.626s] [ 12%] Built target ament_cmake_python_build_rw_interfaces_egg
[23.723s] [35m[1mConsolidate compiler generated dependencies of target rw_interfaces__rosidl_typesupport_cpp[0m
[23.835s] [ 15%] [34m[1mGenerating C++ introspection for ROS interfaces[0m
[23.931s] [35m[1mConsolidate compiler generated dependencies of target rw_interfaces__rosidl_typesupport_fastrtps_cpp[0m
[23.937s] [ 17%] [32mBuilding C object CMakeFiles/rw_interfaces__rosidl_generator_c.dir/rosidl_generator_c/rw_interfaces/msg/detail/detections_vector__functions.c.o[0m
[24.652s] [ 20%] [32mBuilding CXX object CMakeFiles/rw_interfaces__rosidl_typesupport_cpp.dir/rosidl_typesupport_cpp/rw_interfaces/msg/ultrasonic__type_support.cpp.o[0m
[24.830s] [ 23%] [32m[1mLinking C shared library librw_interfaces__rosidl_generator_c.so[0m
[24.977s] [ 25%] [32mBuilding CXX object CMakeFiles/rw_interfaces__rosidl_typesupport_fastrtps_cpp.dir/rosidl_typesupport_fastrtps_cpp/rw_interfaces/msg/detail/dds_fastrtps/ultrasonic__type_support.cpp.o[0m
[25.349s] [35m[1mConsolidate compiler generated dependencies of target rw_interfaces__rosidl_typesupport_introspection_cpp[0m
[25.790s] [ 25%] Built target rw_interfaces__rosidl_generator_c
[25.946s] [ 28%] [34m[1mGenerating C type support for eProsima Fast-RTPS[0m
[26.204s] [ 30%] [32mBuilding CXX object CMakeFiles/rw_interfaces__rosidl_typesupport_introspection_cpp.dir/rosidl_typesupport_introspection_cpp/rw_interfaces/msg/detail/ultrasonic__type_support.cpp.o[0m
[27.232s] [ 33%] [32mBuilding CXX object CMakeFiles/rw_interfaces__rosidl_typesupport_cpp.dir/rosidl_typesupport_cpp/rw_interfaces/msg/detections_vector__type_support.cpp.o[0m
[27.488s] [35m[1mConsolidate compiler generated dependencies of target rw_interfaces__rosidl_typesupport_fastrtps_c[0m
[28.250s] [ 35%] [32mBuilding CXX object CMakeFiles/rw_interfaces__rosidl_typesupport_fastrtps_c.dir/rosidl_typesupport_fastrtps_c/rw_interfaces/msg/detail/ultrasonic__type_support_c.cpp.o[0m
[29.010s] [ 38%] [32m[1mLinking CXX shared library librw_interfaces__rosidl_typesupport_cpp.so[0m
[29.102s] [ 41%] [32mBuilding CXX object CMakeFiles/rw_interfaces__rosidl_typesupport_fastrtps_cpp.dir/rosidl_typesupport_fastrtps_cpp/rw_interfaces/msg/detail/dds_fastrtps/detections_vector__type_support.cpp.o[0m
[29.159s] [ 43%] [32mBuilding CXX object CMakeFiles/rw_interfaces__rosidl_typesupport_introspection_cpp.dir/rosidl_typesupport_introspection_cpp/rw_interfaces/msg/detail/detections_vector__type_support.cpp.o[0m
[30.234s] [ 43%] Built target rw_interfaces__rosidl_typesupport_cpp
[30.483s] [ 46%] [34m[1mGenerating C introspection for ROS interfaces[0m
[31.833s] [ 48%] [32mBuilding CXX object CMakeFiles/rw_interfaces__rosidl_typesupport_fastrtps_c.dir/rosidl_typesupport_fastrtps_c/rw_interfaces/msg/detail/detections_vector__type_support_c.cpp.o[0m
[31.920s] [35m[1mConsolidate compiler generated dependencies of target rw_interfaces__rosidl_typesupport_introspection_c[0m
[32.369s] [ 51%] [32mBuilding C object CMakeFiles/rw_interfaces__rosidl_typesupport_introspection_c.dir/rosidl_typesupport_introspection_c/rw_interfaces/msg/detail/ultrasonic__type_support.c.o[0m
[32.722s] [ 53%] [32m[1mLinking CXX shared library librw_interfaces__rosidl_typesupport_fastrtps_cpp.so[0m
[33.197s] [ 56%] [32mBuilding C object CMakeFiles/rw_interfaces__rosidl_typesupport_introspection_c.dir/rosidl_typesupport_introspection_c/rw_interfaces/msg/detail/detections_vector__type_support.c.o[0m
[33.836s] [ 58%] [32m[1mLinking CXX shared library librw_interfaces__rosidl_typesupport_introspection_cpp.so[0m
[33.886s] [ 58%] Built target rw_interfaces__rosidl_typesupport_fastrtps_cpp
[34.013s] [ 61%] [34m[1mGenerating C type support dispatch for ROS interfaces[0m
[34.263s] [ 64%] [32m[1mLinking C shared library librw_interfaces__rosidl_typesupport_introspection_c.so[0m
[34.286s] [ 66%] [32m[1mLinking CXX shared library librw_interfaces__rosidl_typesupport_fastrtps_c.so[0m
[34.975s] [ 66%] Built target rw_interfaces__rosidl_typesupport_introspection_c
[34.980s] [ 66%] Built target rw_interfaces__rosidl_typesupport_introspection_cpp
[35.107s] [ 66%] Built target rw_interfaces__rosidl_typesupport_fastrtps_c
[35.286s] [35m[1mConsolidate compiler generated dependencies of target rw_interfaces__rosidl_typesupport_c[0m
[35.458s] [ 69%] [32mBuilding CXX object CMakeFiles/rw_interfaces__rosidl_typesupport_c.dir/rosidl_typesupport_c/rw_interfaces/msg/ultrasonic__type_support.cpp.o[0m
[35.476s] [ 71%] [32mBuilding CXX object CMakeFiles/rw_interfaces__rosidl_typesupport_c.dir/rosidl_typesupport_c/rw_interfaces/msg/detections_vector__type_support.cpp.o[0m
[35.726s] [ 74%] [32m[1mLinking CXX shared library librw_interfaces__rosidl_typesupport_c.so[0m
[36.081s] [ 74%] Built target rw_interfaces__rosidl_typesupport_c
[36.159s] [ 74%] Built target rw_interfaces
[36.300s] [ 76%] [34m[1mGenerating Python code for ROS interfaces[0m
[37.039s] [ 76%] Built target rw_interfaces__py
[37.133s] [35m[1mConsolidate compiler generated dependencies of target rw_interfaces__rosidl_generator_py[0m
[37.483s] [ 79%] [32mBuilding C object CMakeFiles/rw_interfaces__rosidl_generator_py.dir/rosidl_generator_py/rw_interfaces/msg/_ultrasonic_s.c.o[0m
[37.505s] [ 82%] [32mBuilding C object CMakeFiles/rw_interfaces__rosidl_generator_py.dir/rosidl_generator_py/rw_interfaces/msg/_detections_vector_s.c.o[0m
[38.236s] [ 84%] [32m[1mLinking C shared library rosidl_generator_py/rw_interfaces/librw_interfaces__rosidl_generator_py.so[0m
[38.713s] [ 84%] Built target rw_interfaces__rosidl_generator_py
[38.812s] [35m[1mConsolidate compiler generated dependencies of target rw_interfaces__rosidl_typesupport_c__pyext[0m
[38.820s] [35m[1mConsolidate compiler generated dependencies of target rw_interfaces__rosidl_typesupport_fastrtps_c__pyext[0m
[38.828s] [35m[1mConsolidate compiler generated dependencies of target rw_interfaces__rosidl_typesupport_introspection_c__pyext[0m
[39.417s] [ 89%] [32mBuilding C object CMakeFiles/rw_interfaces__rosidl_typesupport_fastrtps_c__pyext.dir/rosidl_generator_py/rw_interfaces/_rw_interfaces_s.ep.rosidl_typesupport_fastrtps_c.c.o[0m
[39.422s] [ 89%] [32mBuilding C object CMakeFiles/rw_interfaces__rosidl_typesupport_c__pyext.dir/rosidl_generator_py/rw_interfaces/_rw_interfaces_s.ep.rosidl_typesupport_c.c.o[0m
[39.490s] [ 92%] [32mBuilding C object CMakeFiles/rw_interfaces__rosidl_typesupport_introspection_c__pyext.dir/rosidl_generator_py/rw_interfaces/_rw_interfaces_s.ep.rosidl_typesupport_introspection_c.c.o[0m
[40.468s] [ 94%] [32m[1mLinking C shared library rosidl_generator_py/rw_interfaces/rw_interfaces_s__rosidl_typesupport_c.cpython-310-x86_64-linux-gnu.so[0m
[40.511s] [ 97%] [32m[1mLinking C shared library rosidl_generator_py/rw_interfaces/rw_interfaces_s__rosidl_typesupport_fastrtps_c.cpython-310-x86_64-linux-gnu.so[0m
[40.669s] [100%] [32m[1mLinking C shared library rosidl_generator_py/rw_interfaces/rw_interfaces_s__rosidl_typesupport_introspection_c.cpython-310-x86_64-linux-gnu.so[0m
[41.143s] [100%] Built target rw_interfaces__rosidl_typesupport_c__pyext
[41.247s] [100%] Built target rw_interfaces__rosidl_typesupport_fastrtps_c__pyext
[41.390s] [100%] Built target rw_interfaces__rosidl_typesupport_introspection_c__pyext
[41.632s] Invoked command in '/mnt/c/ROS2/robotic-waitress/build/rw_interfaces' returned '0': CMAKE_PREFIX_PATH=/opt/ros/humble /usr/bin/cmake --build /mnt/c/ROS2/robotic-waitress/build/rw_interfaces -- -j4 -l4
[41.839s] Invoking command in '/mnt/c/ROS2/robotic-waitress/build/rw_interfaces': CMAKE_PREFIX_PATH=/opt/ros/humble /usr/bin/cmake --install /mnt/c/ROS2/robotic-waitress/build/rw_interfaces
[41.857s] -- Install configuration: ""
[41.900s] -- Up-to-date: /mnt/c/ROS2/robotic-waitress/install/rw_interfaces/share/ament_index/resource_index/rosidl_interfaces/rw_interfaces
[41.924s] -- Up-to-date: /mnt/c/ROS2/robotic-waitress/install/rw_interfaces/include/rw_interfaces/rw_interfaces
[41.951s] -- Up-to-date: /mnt/c/ROS2/robotic-waitress/install/rw_interfaces/include/rw_interfaces/rw_interfaces/msg
[41.989s] -- Up-to-date: /mnt/c/ROS2/robotic-waitress/install/rw_interfaces/include/rw_interfaces/rw_interfaces/msg/detail
[42.046s] -- Installing: /mnt/c/ROS2/robotic-waitress/install/rw_interfaces/include/rw_interfaces/rw_interfaces/msg/detail/detections_vector__functions.c
[42.198s] -- Installing: /mnt/c/ROS2/robotic-waitress/install/rw_interfaces/include/rw_interfaces/rw_interfaces/msg/detail/detections_vector__functions.h
[42.352s] -- Installing: /mnt/c/ROS2/robotic-waitress/install/rw_interfaces/include/rw_interfaces/rw_interfaces/msg/detail/detections_vector__struct.h
[42.502s] -- Installing: /mnt/c/ROS2/robotic-waitress/install/rw_interfaces/include/rw_interfaces/rw_interfaces/msg/detail/detections_vector__type_support.h
[42.657s] -- Installing: /mnt/c/ROS2/robotic-waitress/install/rw_interfaces/include/rw_interfaces/rw_interfaces/msg/detail/ultrasonic__functions.c
[42.808s] -- Installing: /mnt/c/ROS2/robotic-waitress/install/rw_interfaces/include/rw_interfaces/rw_interfaces/msg/detail/ultrasonic__functions.h
[42.963s] -- Installing: /mnt/c/ROS2/robotic-waitress/install/rw_interfaces/include/rw_interfaces/rw_interfaces/msg/detail/ultrasonic__struct.h
[43.113s] -- Installing: /mnt/c/ROS2/robotic-waitress/install/rw_interfaces/include/rw_interfaces/rw_interfaces/msg/detail/ultrasonic__type_support.h
[43.264s] -- Installing: /mnt/c/ROS2/robotic-waitress/install/rw_interfaces/include/rw_interfaces/rw_interfaces/msg/detections_vector.h
[43.400s] -- Up-to-date: /mnt/c/ROS2/robotic-waitress/install/rw_interfaces/include/rw_interfaces/rw_interfaces/msg/rosidl_generator_c__visibility_control.h
[43.439s] -- Installing: /mnt/c/ROS2/robotic-waitress/install/rw_interfaces/include/rw_interfaces/rw_interfaces/msg/ultrasonic.h
[43.561s] -- Up-to-date: /mnt/c/ROS2/robotic-waitress/install/rw_interfaces/share/rw_interfaces/environment/library_path.sh
[43.597s] -- Installing: /mnt/c/ROS2/robotic-waitress/install/rw_interfaces/share/rw_interfaces/environment/library_path.dsv
[43.747s] -- Installing: /mnt/c/ROS2/robotic-waitress/install/rw_interfaces/lib/librw_interfaces__rosidl_generator_c.so
[43.882s] -- Set runtime path of "/mnt/c/ROS2/robotic-waitress/install/rw_interfaces/lib/librw_interfaces__rosidl_generator_c.so" to ""
[43.900s] -- Up-to-date: /mnt/c/ROS2/robotic-waitress/install/rw_interfaces/include/rw_interfaces/rw_interfaces
[43.935s] -- Up-to-date: /mnt/c/ROS2/robotic-waitress/install/rw_interfaces/include/rw_interfaces/rw_interfaces/msg
[43.975s] -- Up-to-date: /mnt/c/ROS2/robotic-waitress/install/rw_interfaces/include/rw_interfaces/rw_interfaces/msg/detail
[44.030s] -- Installing: /mnt/c/ROS2/robotic-waitress/install/rw_interfaces/include/rw_interfaces/rw_interfaces/msg/detail/detections_vector__rosidl_typesupport_fastrtps_c.h
[44.176s] -- Installing: /mnt/c/ROS2/robotic-waitress/install/rw_interfaces/include/rw_interfaces/rw_interfaces/msg/detail/ultrasonic__rosidl_typesupport_fastrtps_c.h
[44.321s] -- Up-to-date: /mnt/c/ROS2/robotic-waitress/install/rw_interfaces/include/rw_interfaces/rw_interfaces/msg/rosidl_typesupport_fastrtps_c__visibility_control.h
[44.400s] -- Installing: /mnt/c/ROS2/robotic-waitress/install/rw_interfaces/lib/librw_interfaces__rosidl_typesupport_fastrtps_c.so
[44.548s] -- Set runtime path of "/mnt/c/ROS2/robotic-waitress/install/rw_interfaces/lib/librw_interfaces__rosidl_typesupport_fastrtps_c.so" to ""
[44.564s] -- Up-to-date: /mnt/c/ROS2/robotic-waitress/install/rw_interfaces/include/rw_interfaces/rw_interfaces
[44.599s] -- Up-to-date: /mnt/c/ROS2/robotic-waitress/install/rw_interfaces/include/rw_interfaces/rw_interfaces/msg
[44.642s] -- Up-to-date: /mnt/c/ROS2/robotic-waitress/install/rw_interfaces/include/rw_interfaces/rw_interfaces/msg/detail
[44.721s] -- Installing: /mnt/c/ROS2/robotic-waitress/install/rw_interfaces/include/rw_interfaces/rw_interfaces/msg/detail/detections_vector__rosidl_typesupport_introspection_c.h
[44.895s] -- Installing: /mnt/c/ROS2/robotic-waitress/install/rw_interfaces/include/rw_interfaces/rw_interfaces/msg/detail/detections_vector__type_support.c
[45.049s] -- Installing: /mnt/c/ROS2/robotic-waitress/install/rw_interfaces/include/rw_interfaces/rw_interfaces/msg/detail/ultrasonic__rosidl_typesupport_introspection_c.h
[45.201s] -- Installing: /mnt/c/ROS2/robotic-waitress/install/rw_interfaces/include/rw_interfaces/rw_interfaces/msg/detail/ultrasonic__type_support.c
[45.342s] -- Up-to-date: /mnt/c/ROS2/robotic-waitress/install/rw_interfaces/include/rw_interfaces/rw_interfaces/msg/rosidl_typesupport_introspection_c__visibility_control.h
[45.409s] -- Installing: /mnt/c/ROS2/robotic-waitress/install/rw_interfaces/lib/librw_interfaces__rosidl_typesupport_introspection_c.so
[45.547s] -- Set runtime path of "/mnt/c/ROS2/robotic-waitress/install/rw_interfaces/lib/librw_interfaces__rosidl_typesupport_introspection_c.so" to ""
[45.608s] -- Installing: /mnt/c/ROS2/robotic-waitress/install/rw_interfaces/lib/librw_interfaces__rosidl_typesupport_c.so
[45.744s] -- Set runtime path of "/mnt/c/ROS2/robotic-waitress/install/rw_interfaces/lib/librw_interfaces__rosidl_typesupport_c.so" to ""
[45.766s] -- Up-to-date: /mnt/c/ROS2/robotic-waitress/install/rw_interfaces/include/rw_interfaces/rw_interfaces
[45.808s] -- Up-to-date: /mnt/c/ROS2/robotic-waitress/install/rw_interfaces/include/rw_interfaces/rw_interfaces/msg
[45.864s] -- Up-to-date: /mnt/c/ROS2/robotic-waitress/install/rw_interfaces/include/rw_interfaces/rw_interfaces/msg/detail
[45.929s] -- Installing: /mnt/c/ROS2/robotic-waitress/install/rw_interfaces/include/rw_interfaces/rw_interfaces/msg/detail/detections_vector__builder.hpp
[46.076s] -- Installing: /mnt/c/ROS2/robotic-waitress/install/rw_interfaces/include/rw_interfaces/rw_interfaces/msg/detail/detections_vector__struct.hpp
[46.197s] -- Installing: /mnt/c/ROS2/robotic-waitress/install/rw_interfaces/include/rw_interfaces/rw_interfaces/msg/detail/detections_vector__traits.hpp
[46.320s] -- Installing: /mnt/c/ROS2/robotic-waitress/install/rw_interfaces/include/rw_interfaces/rw_interfaces/msg/detail/ultrasonic__builder.hpp
[46.483s] -- Installing: /mnt/c/ROS2/robotic-waitress/install/rw_interfaces/include/rw_interfaces/rw_interfaces/msg/detail/ultrasonic__struct.hpp
[46.632s] -- Installing: /mnt/c/ROS2/robotic-waitress/install/rw_interfaces/include/rw_interfaces/rw_interfaces/msg/detail/ultrasonic__traits.hpp
[46.775s] -- Installing: /mnt/c/ROS2/robotic-waitress/install/rw_interfaces/include/rw_interfaces/rw_interfaces/msg/detections_vector.hpp
[46.912s] -- Installing: /mnt/c/ROS2/robotic-waitress/install/rw_interfaces/include/rw_interfaces/rw_interfaces/msg/ultrasonic.hpp
[47.047s] -- Up-to-date: /mnt/c/ROS2/robotic-waitress/install/rw_interfaces/include/rw_interfaces/rw_interfaces
[47.105s] -- Up-to-date: /mnt/c/ROS2/robotic-waitress/install/rw_interfaces/include/rw_interfaces/rw_interfaces/msg
[47.176s] -- Up-to-date: /mnt/c/ROS2/robotic-waitress/install/rw_interfaces/include/rw_interfaces/rw_interfaces/msg/detail
[47.255s] -- Up-to-date: /mnt/c/ROS2/robotic-waitress/install/rw_interfaces/include/rw_interfaces/rw_interfaces/msg/detail/dds_fastrtps
[47.362s] -- Installing: /mnt/c/ROS2/robotic-waitress/install/rw_interfaces/include/rw_interfaces/rw_interfaces/msg/detail/detections_vector__rosidl_typesupport_fastrtps_cpp.hpp
[47.570s] -- Installing: /mnt/c/ROS2/robotic-waitress/install/rw_interfaces/include/rw_interfaces/rw_interfaces/msg/detail/ultrasonic__rosidl_typesupport_fastrtps_cpp.hpp
[47.808s] -- Up-to-date: /mnt/c/ROS2/robotic-waitress/install/rw_interfaces/include/rw_interfaces/rw_interfaces/msg/rosidl_typesupport_fastrtps_cpp__visibility_control.h
[47.887s] -- Installing: /mnt/c/ROS2/robotic-waitress/install/rw_interfaces/lib/librw_interfaces__rosidl_typesupport_fastrtps_cpp.so
[47.994s] -- Set runtime path of "/mnt/c/ROS2/robotic-waitress/install/rw_interfaces/lib/librw_interfaces__rosidl_typesupport_fastrtps_cpp.so" to ""
[48.011s] -- Up-to-date: /mnt/c/ROS2/robotic-waitress/install/rw_interfaces/include/rw_interfaces/rw_interfaces
[48.051s] -- Up-to-date: /mnt/c/ROS2/robotic-waitress/install/rw_interfaces/include/rw_interfaces/rw_interfaces/msg
[48.094s] -- Up-to-date: /mnt/c/ROS2/robotic-waitress/install/rw_interfaces/include/rw_interfaces/rw_interfaces/msg/detail
[48.151s] -- Installing: /mnt/c/ROS2/robotic-waitress/install/rw_interfaces/include/rw_interfaces/rw_interfaces/msg/detail/detections_vector__rosidl_typesupport_introspection_cpp.hpp
[48.299s] -- Installing: /mnt/c/ROS2/robotic-waitress/install/rw_interfaces/include/rw_interfaces/rw_interfaces/msg/detail/detections_vector__type_support.cpp
[48.456s] -- Installing: /mnt/c/ROS2/robotic-waitress/install/rw_interfaces/include/rw_interfaces/rw_interfaces/msg/detail/ultrasonic__rosidl_typesupport_introspection_cpp.hpp
[48.607s] -- Installing: /mnt/c/ROS2/robotic-waitress/install/rw_interfaces/include/rw_interfaces/rw_interfaces/msg/detail/ultrasonic__type_support.cpp
[48.803s] -- Installing: /mnt/c/ROS2/robotic-waitress/install/rw_interfaces/lib/librw_interfaces__rosidl_typesupport_introspection_cpp.so
[48.935s] -- Set runtime path of "/mnt/c/ROS2/robotic-waitress/install/rw_interfaces/lib/librw_interfaces__rosidl_typesupport_introspection_cpp.so" to ""
[48.995s] -- Installing: /mnt/c/ROS2/robotic-waitress/install/rw_interfaces/lib/librw_interfaces__rosidl_typesupport_cpp.so
[49.127s] -- Set runtime path of "/mnt/c/ROS2/robotic-waitress/install/rw_interfaces/lib/librw_interfaces__rosidl_typesupport_cpp.so" to ""
[49.161s] -- Up-to-date: /mnt/c/ROS2/robotic-waitress/install/rw_interfaces/share/rw_interfaces/environment/pythonpath.sh
[49.194s] -- Installing: /mnt/c/ROS2/robotic-waitress/install/rw_interfaces/share/rw_interfaces/environment/pythonpath.dsv
[49.302s] -- Up-to-date: /mnt/c/ROS2/robotic-waitress/install/rw_interfaces/local/lib/python3.10/dist-packages/rw_interfaces-0.0.0-py3.10.egg-info
[49.356s] -- Installing: /mnt/c/ROS2/robotic-waitress/install/rw_interfaces/local/lib/python3.10/dist-packages/rw_interfaces-0.0.0-py3.10.egg-info/dependency_links.txt
[49.482s] -- Installing: /mnt/c/ROS2/robotic-waitress/install/rw_interfaces/local/lib/python3.10/dist-packages/rw_interfaces-0.0.0-py3.10.egg-info/PKG-INFO
[49.624s] -- Installing: /mnt/c/ROS2/robotic-waitress/install/rw_interfaces/local/lib/python3.10/dist-packages/rw_interfaces-0.0.0-py3.10.egg-info/SOURCES.txt
[49.737s] -- Installing: /mnt/c/ROS2/robotic-waitress/install/rw_interfaces/local/lib/python3.10/dist-packages/rw_interfaces-0.0.0-py3.10.egg-info/top_level.txt
[49.838s] -- Up-to-date: /mnt/c/ROS2/robotic-waitress/install/rw_interfaces/local/lib/python3.10/dist-packages/rw_interfaces
[49.886s] -- Installing: /mnt/c/ROS2/robotic-waitress/install/rw_interfaces/local/lib/python3.10/dist-packages/rw_interfaces/librw_interfaces__rosidl_generator_py.so
[50.021s] -- Up-to-date: /mnt/c/ROS2/robotic-waitress/install/rw_interfaces/local/lib/python3.10/dist-packages/rw_interfaces/msg
[50.077s] -- Installing: /mnt/c/ROS2/robotic-waitress/install/rw_interfaces/local/lib/python3.10/dist-packages/rw_interfaces/msg/_detections_vector.py
[50.229s] -- Installing: /mnt/c/ROS2/robotic-waitress/install/rw_interfaces/local/lib/python3.10/dist-packages/rw_interfaces/msg/_detections_vector_s.c
[50.383s] -- Installing: /mnt/c/ROS2/robotic-waitress/install/rw_interfaces/local/lib/python3.10/dist-packages/rw_interfaces/msg/_ultrasonic.py
[50.540s] -- Installing: /mnt/c/ROS2/robotic-waitress/install/rw_interfaces/local/lib/python3.10/dist-packages/rw_interfaces/msg/_ultrasonic_s.c
[50.702s] -- Installing: /mnt/c/ROS2/robotic-waitress/install/rw_interfaces/local/lib/python3.10/dist-packages/rw_interfaces/msg/__init__.py
[50.853s] -- Installing: /mnt/c/ROS2/robotic-waitress/install/rw_interfaces/local/lib/python3.10/dist-packages/rw_interfaces/rw_interfaces_s__rosidl_typesupport_c.cpython-310-x86_64-linux-gnu.so
[50.994s] -- Installing: /mnt/c/ROS2/robotic-waitress/install/rw_interfaces/local/lib/python3.10/dist-packages/rw_interfaces/rw_interfaces_s__rosidl_typesupport_fastrtps_c.cpython-310-x86_64-linux-gnu.so
[51.133s] -- Installing: /mnt/c/ROS2/robotic-waitress/install/rw_interfaces/local/lib/python3.10/dist-packages/rw_interfaces/rw_interfaces_s__rosidl_typesupport_introspection_c.cpython-310-x86_64-linux-gnu.so
[51.273s] -- Installing: /mnt/c/ROS2/robotic-waitress/install/rw_interfaces/local/lib/python3.10/dist-packages/rw_interfaces/_rw_interfaces_s.ep.rosidl_typesupport_c.c
[51.419s] -- Installing: /mnt/c/ROS2/robotic-waitress/install/rw_interfaces/local/lib/python3.10/dist-packages/rw_interfaces/_rw_interfaces_s.ep.rosidl_typesupport_fastrtps_c.c
[51.562s] -- Installing: /mnt/c/ROS2/robotic-waitress/install/rw_interfaces/local/lib/python3.10/dist-packages/rw_interfaces/_rw_interfaces_s.ep.rosidl_typesupport_introspection_c.c
[51.701s] -- Installing: /mnt/c/ROS2/robotic-waitress/install/rw_interfaces/local/lib/python3.10/dist-packages/rw_interfaces/__init__.py
[52.488s] Listing '/mnt/c/ROS2/robotic-waitress/install/rw_interfaces/local/lib/python3.10/dist-packages/rw_interfaces'...
[52.490s] Compiling '/mnt/c/ROS2/robotic-waitress/install/rw_interfaces/local/lib/python3.10/dist-packages/rw_interfaces/__init__.py'...
[52.491s] Listing '/mnt/c/ROS2/robotic-waitress/install/rw_interfaces/local/lib/python3.10/dist-packages/rw_interfaces/msg'...
[52.493s] Compiling '/mnt/c/ROS2/robotic-waitress/install/rw_interfaces/local/lib/python3.10/dist-packages/rw_interfaces/msg/__init__.py'...
[52.495s] Compiling '/mnt/c/ROS2/robotic-waitress/install/rw_interfaces/local/lib/python3.10/dist-packages/rw_interfaces/msg/_detections_vector.py'...
[52.496s] Compiling '/mnt/c/ROS2/robotic-waitress/install/rw_interfaces/local/lib/python3.10/dist-packages/rw_interfaces/msg/_ultrasonic.py'...
[52.588s] -- Installing: /mnt/c/ROS2/robotic-waitress/install/rw_interfaces/local/lib/python3.10/dist-packages/rw_interfaces/rw_interfaces_s__rosidl_typesupport_fastrtps_c.cpython-310-x86_64-linux-gnu.so
[52.763s] -- Set runtime path of "/mnt/c/ROS2/robotic-waitress/install/rw_interfaces/local/lib/python3.10/dist-packages/rw_interfaces/rw_interfaces_s__rosidl_typesupport_fastrtps_c.cpython-310-x86_64-linux-gnu.so" to ""
[52.853s] -- Installing: /mnt/c/ROS2/robotic-waitress/install/rw_interfaces/local/lib/python3.10/dist-packages/rw_interfaces/rw_interfaces_s__rosidl_typesupport_introspection_c.cpython-310-x86_64-linux-gnu.so
[53.058s] -- Set runtime path of "/mnt/c/ROS2/robotic-waitress/install/rw_interfaces/local/lib/python3.10/dist-packages/rw_interfaces/rw_interfaces_s__rosidl_typesupport_introspection_c.cpython-310-x86_64-linux-gnu.so" to ""
[53.151s] -- Installing: /mnt/c/ROS2/robotic-waitress/install/rw_interfaces/local/lib/python3.10/dist-packages/rw_interfaces/rw_interfaces_s__rosidl_typesupport_c.cpython-310-x86_64-linux-gnu.so
[53.352s] -- Set runtime path of "/mnt/c/ROS2/robotic-waitress/install/rw_interfaces/local/lib/python3.10/dist-packages/rw_interfaces/rw_interfaces_s__rosidl_typesupport_c.cpython-310-x86_64-linux-gnu.so" to ""
[53.411s] -- Installing: /mnt/c/ROS2/robotic-waitress/install/rw_interfaces/lib/librw_interfaces__rosidl_generator_py.so
[53.521s] -- Set runtime path of "/mnt/c/ROS2/robotic-waitress/install/rw_interfaces/lib/librw_interfaces__rosidl_generator_py.so" to ""
[53.552s] -- Installing: /mnt/c/ROS2/robotic-waitress/install/rw_interfaces/share/rw_interfaces/msg/Ultrasonic.idl
[53.656s] -- Up-to-date: /mnt/c/ROS2/robotic-waitress/install/rw_interfaces/share/rw_interfaces/msg/DetectionsVector.idl
[53.691s] -- Installing: /mnt/c/ROS2/robotic-waitress/install/rw_interfaces/share/rw_interfaces/msg/Ultrasonic.msg
[53.794s] -- Up-to-date: /mnt/c/ROS2/robotic-waitress/install/rw_interfaces/share/rw_interfaces/msg/DetectionsVector.msg
[53.839s] -- Up-to-date: /mnt/c/ROS2/robotic-waitress/install/rw_interfaces/share/ament_index/resource_index/package_run_dependencies/rw_interfaces
[53.883s] -- Up-to-date: /mnt/c/ROS2/robotic-waitress/install/rw_interfaces/share/ament_index/resource_index/parent_prefix_path/rw_interfaces
[53.904s] -- Up-to-date: /mnt/c/ROS2/robotic-waitress/install/rw_interfaces/share/rw_interfaces/environment/ament_prefix_path.sh
[53.930s] -- Installing: /mnt/c/ROS2/robotic-waitress/install/rw_interfaces/share/rw_interfaces/environment/ament_prefix_path.dsv
[54.013s] -- Up-to-date: /mnt/c/ROS2/robotic-waitress/install/rw_interfaces/share/rw_interfaces/environment/path.sh
[54.038s] -- Installing: /mnt/c/ROS2/robotic-waitress/install/rw_interfaces/share/rw_interfaces/environment/path.dsv
[54.124s] -- Up-to-date: /mnt/c/ROS2/robotic-waitress/install/rw_interfaces/share/rw_interfaces/local_setup.bash
[54.150s] -- Up-to-date: /mnt/c/ROS2/robotic-waitress/install/rw_interfaces/share/rw_interfaces/local_setup.sh
[54.176s] -- Up-to-date: /mnt/c/ROS2/robotic-waitress/install/rw_interfaces/share/rw_interfaces/local_setup.zsh
[54.199s] -- Installing: /mnt/c/ROS2/robotic-waitress/install/rw_interfaces/share/rw_interfaces/local_setup.dsv
[54.277s] -- Installing: /mnt/c/ROS2/robotic-waitress/install/rw_interfaces/share/rw_interfaces/package.dsv
[54.368s] -- Up-to-date: /mnt/c/ROS2/robotic-waitress/install/rw_interfaces/share/ament_index/resource_index/packages/rw_interfaces
[54.435s] -- Up-to-date: /mnt/c/ROS2/robotic-waitress/install/rw_interfaces/share/rw_interfaces/cmake/export_rw_interfaces__rosidl_generator_cExport.cmake
[54.474s] -- Up-to-date: /mnt/c/ROS2/robotic-waitress/install/rw_interfaces/share/rw_interfaces/cmake/export_rw_interfaces__rosidl_generator_cExport-noconfig.cmake
[54.538s] -- Up-to-date: /mnt/c/ROS2/robotic-waitress/install/rw_interfaces/share/rw_interfaces/cmake/export_rw_interfaces__rosidl_typesupport_fastrtps_cExport.cmake
[54.572s] -- Up-to-date: /mnt/c/ROS2/robotic-waitress/install/rw_interfaces/share/rw_interfaces/cmake/export_rw_interfaces__rosidl_typesupport_fastrtps_cExport-noconfig.cmake
[54.640s] -- Up-to-date: /mnt/c/ROS2/robotic-waitress/install/rw_interfaces/share/rw_interfaces/cmake/rw_interfaces__rosidl_typesupport_introspection_cExport.cmake
[54.679s] -- Up-to-date: /mnt/c/ROS2/robotic-waitress/install/rw_interfaces/share/rw_interfaces/cmake/rw_interfaces__rosidl_typesupport_introspection_cExport-noconfig.cmake
[54.744s] -- Up-to-date: /mnt/c/ROS2/robotic-waitress/install/rw_interfaces/share/rw_interfaces/cmake/rw_interfaces__rosidl_typesupport_cExport.cmake
[54.783s] -- Up-to-date: /mnt/c/ROS2/robotic-waitress/install/rw_interfaces/share/rw_interfaces/cmake/rw_interfaces__rosidl_typesupport_cExport-noconfig.cmake
[54.844s] -- Up-to-date: /mnt/c/ROS2/robotic-waitress/install/rw_interfaces/share/rw_interfaces/cmake/export_rw_interfaces__rosidl_generator_cppExport.cmake
[54.910s] -- Up-to-date: /mnt/c/ROS2/robotic-waitress/install/rw_interfaces/share/rw_interfaces/cmake/export_rw_interfaces__rosidl_typesupport_fastrtps_cppExport.cmake
[54.946s] -- Up-to-date: /mnt/c/ROS2/robotic-waitress/install/rw_interfaces/share/rw_interfaces/cmake/export_rw_interfaces__rosidl_typesupport_fastrtps_cppExport-noconfig.cmake
[55.010s] -- Up-to-date: /mnt/c/ROS2/robotic-waitress/install/rw_interfaces/share/rw_interfaces/cmake/rw_interfaces__rosidl_typesupport_introspection_cppExport.cmake
[55.045s] -- Up-to-date: /mnt/c/ROS2/robotic-waitress/install/rw_interfaces/share/rw_interfaces/cmake/rw_interfaces__rosidl_typesupport_introspection_cppExport-noconfig.cmake
[55.110s] -- Up-to-date: /mnt/c/ROS2/robotic-waitress/install/rw_interfaces/share/rw_interfaces/cmake/rw_interfaces__rosidl_typesupport_cppExport.cmake
[55.146s] -- Up-to-date: /mnt/c/ROS2/robotic-waitress/install/rw_interfaces/share/rw_interfaces/cmake/rw_interfaces__rosidl_typesupport_cppExport-noconfig.cmake
[55.212s] -- Up-to-date: /mnt/c/ROS2/robotic-waitress/install/rw_interfaces/share/rw_interfaces/cmake/export_rw_interfaces__rosidl_generator_pyExport.cmake
[55.251s] -- Up-to-date: /mnt/c/ROS2/robotic-waitress/install/rw_interfaces/share/rw_interfaces/cmake/export_rw_interfaces__rosidl_generator_pyExport-noconfig.cmake
[55.279s] -- Up-to-date: /mnt/c/ROS2/robotic-waitress/install/rw_interfaces/share/rw_interfaces/cmake/rosidl_cmake-extras.cmake
[55.305s] -- Up-to-date: /mnt/c/ROS2/robotic-waitress/install/rw_interfaces/share/rw_interfaces/cmake/ament_cmake_export_dependencies-extras.cmake
[55.331s] -- Up-to-date: /mnt/c/ROS2/robotic-waitress/install/rw_interfaces/share/rw_interfaces/cmake/ament_cmake_export_include_directories-extras.cmake
[55.357s] -- Up-to-date: /mnt/c/ROS2/robotic-waitress/install/rw_interfaces/share/rw_interfaces/cmake/ament_cmake_export_libraries-extras.cmake
[55.387s] -- Up-to-date: /mnt/c/ROS2/robotic-waitress/install/rw_interfaces/share/rw_interfaces/cmake/ament_cmake_export_targets-extras.cmake
[55.420s] -- Up-to-date: /mnt/c/ROS2/robotic-waitress/install/rw_interfaces/share/rw_interfaces/cmake/rosidl_cmake_export_typesupport_targets-extras.cmake
[55.453s] -- Up-to-date: /mnt/c/ROS2/robotic-waitress/install/rw_interfaces/share/rw_interfaces/cmake/rosidl_cmake_export_typesupport_libraries-extras.cmake
[55.491s] -- Up-to-date: /mnt/c/ROS2/robotic-waitress/install/rw_interfaces/share/rw_interfaces/cmake/rw_interfacesConfig.cmake
[55.518s] -- Up-to-date: /mnt/c/ROS2/robotic-waitress/install/rw_interfaces/share/rw_interfaces/cmake/rw_interfacesConfig-version.cmake
[55.553s] -- Up-to-date: /mnt/c/ROS2/robotic-waitress/install/rw_interfaces/share/rw_interfaces/package.xml
[55.583s] Invoked command in '/mnt/c/ROS2/robotic-waitress/build/rw_interfaces' returned '0': CMAKE_PREFIX_PATH=/opt/ros/humble /usr/bin/cmake --install /mnt/c/ROS2/robotic-waitress/build/rw_interfaces
