[0.973s] DEBUG:colcon:Command line arguments: ['/usr/bin/colcon', 'build']
[0.974s] DEBUG:colcon:Parsed command line arguments: Namespace(log_base=None, log_level=None, verb_name='build', build_base='build', install_base='install', merge_install=False, symlink_install=False, test_result_base=None, continue_on_error=False, executor='parallel', parallel_workers=4, event_handlers=None, ignore_user_meta=False, metas=['./colcon.meta'], base_paths=['.'], packages_ignore=None, packages_ignore_regex=None, paths=None, packages_up_to=None, packages_up_to_regex=None, packages_above=None, packages_above_and_dependencies=None, packages_above_depth=None, packages_select_by_dep=None, packages_skip_by_dep=None, packages_skip_up_to=None, packages_select_build_failed=False, packages_skip_build_finished=False, packages_select_test_failures=False, packages_skip_test_passed=False, packages_select=None, packages_skip=None, packages_select_regex=None, packages_skip_regex=None, packages_start=None, packages_end=None, allow_overriding=[], cmake_args=None, cmake_target=None, cmake_target_skip_unavailable=False, cmake_clean_cache=False, cmake_clean_first=False, cmake_force_configure=False, ament_cmake_args=None, catkin_cmake_args=None, catkin_skip_building_tests=False, verb_parser=<colcon_defaults.argument_parser.defaults.DefaultArgumentsDecorator object at 0x7fac3963da20>, verb_extension=<colcon_core.verb.build.BuildVerb object at 0x7fac39e34b20>, main=<bound method BuildVerb.main of <colcon_core.verb.build.BuildVerb object at 0x7fac39e34b20>>)
[1.069s] Level 1:colcon.colcon_core.package_discovery:discover_packages(colcon_meta) check parameters
[1.070s] Level 1:colcon.colcon_core.package_discovery:discover_packages(recursive) check parameters
[1.071s] Level 1:colcon.colcon_core.package_discovery:discover_packages(ignore) check parameters
[1.071s] Level 1:colcon.colcon_core.package_discovery:discover_packages(path) check parameters
[1.071s] Level 1:colcon.colcon_core.package_discovery:discover_packages(colcon_meta) discover
[1.072s] Level 1:colcon.colcon_core.package_discovery:discover_packages(recursive) discover
[1.073s] INFO:colcon.colcon_core.package_discovery:Crawling recursively for packages in '/mnt/c/ROS2/robotic-waitress'
[1.078s] Level 1:colcon.colcon_core.package_identification:_identify(.) by extensions ['ignore', 'ignore_ament_install']
[1.078s] Level 1:colcon.colcon_core.package_identification:_identify(.) by extension 'ignore'
[1.079s] Level 1:colcon.colcon_core.package_identification:_identify(.) by extension 'ignore_ament_install'
[1.080s] Level 1:colcon.colcon_core.package_identification:_identify(.) by extensions ['colcon_pkg']
[1.081s] Level 1:colcon.colcon_core.package_identification:_identify(.) by extension 'colcon_pkg'
[1.082s] Level 1:colcon.colcon_core.package_identification:_identify(.) by extensions ['colcon_meta']
[1.083s] Level 1:colcon.colcon_core.package_identification:_identify(.) by extension 'colcon_meta'
[1.083s] Level 1:colcon.colcon_core.package_identification:_identify(.) by extensions ['ros']
[1.083s] Level 1:colcon.colcon_core.package_identification:_identify(.) by extension 'ros'
[1.126s] Level 1:colcon.colcon_core.package_identification:_identify(.) by extensions ['cmake', 'python']
[1.127s] Level 1:colcon.colcon_core.package_identification:_identify(.) by extension 'cmake'
[1.128s] Level 1:colcon.colcon_core.package_identification:_identify(.) by extension 'python'
[1.129s] Level 1:colcon.colcon_core.package_identification:_identify(.) by extensions ['python_setup_py']
[1.129s] Level 1:colcon.colcon_core.package_identification:_identify(.) by extension 'python_setup_py'
[1.134s] Level 1:colcon.colcon_core.package_identification:_identify(build) by extensions ['ignore', 'ignore_ament_install']
[1.134s] Level 1:colcon.colcon_core.package_identification:_identify(build) by extension 'ignore'
[1.138s] Level 1:colcon.colcon_core.package_identification:_identify(build) ignored
[1.143s] Level 1:colcon.colcon_core.package_identification:_identify(install) by extensions ['ignore', 'ignore_ament_install']
[1.143s] Level 1:colcon.colcon_core.package_identification:_identify(install) by extension 'ignore'
[1.145s] Level 1:colcon.colcon_core.package_identification:_identify(install) ignored
[1.151s] Level 1:colcon.colcon_core.package_identification:_identify(log) by extensions ['ignore', 'ignore_ament_install']
[1.152s] Level 1:colcon.colcon_core.package_identification:_identify(log) by extension 'ignore'
[1.153s] Level 1:colcon.colcon_core.package_identification:_identify(log) ignored
[1.157s] Level 1:colcon.colcon_core.package_identification:_identify(src) by extensions ['ignore', 'ignore_ament_install']
[1.158s] Level 1:colcon.colcon_core.package_identification:_identify(src) by extension 'ignore'
[1.159s] Level 1:colcon.colcon_core.package_identification:_identify(src) by extension 'ignore_ament_install'
[1.162s] Level 1:colcon.colcon_core.package_identification:_identify(src) by extensions ['colcon_pkg']
[1.163s] Level 1:colcon.colcon_core.package_identification:_identify(src) by extension 'colcon_pkg'
[1.164s] Level 1:colcon.colcon_core.package_identification:_identify(src) by extensions ['colcon_meta']
[1.165s] Level 1:colcon.colcon_core.package_identification:_identify(src) by extension 'colcon_meta'
[1.166s] Level 1:colcon.colcon_core.package_identification:_identify(src) by extensions ['ros']
[1.166s] Level 1:colcon.colcon_core.package_identification:_identify(src) by extension 'ros'
[1.172s] Level 1:colcon.colcon_core.package_identification:_identify(src) by extensions ['cmake', 'python']
[1.172s] Level 1:colcon.colcon_core.package_identification:_identify(src) by extension 'cmake'
[1.174s] Level 1:colcon.colcon_core.package_identification:_identify(src) by extension 'python'
[1.175s] Level 1:colcon.colcon_core.package_identification:_identify(src) by extensions ['python_setup_py']
[1.176s] Level 1:colcon.colcon_core.package_identification:_identify(src) by extension 'python_setup_py'
[1.184s] Level 1:colcon.colcon_core.package_identification:_identify(src/rw_distance_sensors) by extensions ['ignore', 'ignore_ament_install']
[1.185s] Level 1:colcon.colcon_core.package_identification:_identify(src/rw_distance_sensors) by extension 'ignore'
[1.187s] Level 1:colcon.colcon_core.package_identification:_identify(src/rw_distance_sensors) by extension 'ignore_ament_install'
[1.191s] Level 1:colcon.colcon_core.package_identification:_identify(src/rw_distance_sensors) by extensions ['colcon_pkg']
[1.191s] Level 1:colcon.colcon_core.package_identification:_identify(src/rw_distance_sensors) by extension 'colcon_pkg'
[1.193s] Level 1:colcon.colcon_core.package_identification:_identify(src/rw_distance_sensors) by extensions ['colcon_meta']
[1.194s] Level 1:colcon.colcon_core.package_identification:_identify(src/rw_distance_sensors) by extension 'colcon_meta'
[1.197s] Level 1:colcon.colcon_core.package_identification:_identify(src/rw_distance_sensors) by extensions ['ros']
[1.197s] Level 1:colcon.colcon_core.package_identification:_identify(src/rw_distance_sensors) by extension 'ros'
[1.224s] DEBUG:colcon.colcon_core.package_identification:Package 'src/rw_distance_sensors' with type 'ros.ament_python' and name 'rw_distance_sensors'
[1.231s] Level 1:colcon.colcon_core.package_identification:_identify(src/rw_interfaces) by extensions ['ignore', 'ignore_ament_install']
[1.231s] Level 1:colcon.colcon_core.package_identification:_identify(src/rw_interfaces) by extension 'ignore'
[1.234s] Level 1:colcon.colcon_core.package_identification:_identify(src/rw_interfaces) by extension 'ignore_ament_install'
[1.237s] Level 1:colcon.colcon_core.package_identification:_identify(src/rw_interfaces) by extensions ['colcon_pkg']
[1.237s] Level 1:colcon.colcon_core.package_identification:_identify(src/rw_interfaces) by extension 'colcon_pkg'
[1.240s] Level 1:colcon.colcon_core.package_identification:_identify(src/rw_interfaces) by extensions ['colcon_meta']
[1.240s] Level 1:colcon.colcon_core.package_identification:_identify(src/rw_interfaces) by extension 'colcon_meta'
[1.243s] Level 1:colcon.colcon_core.package_identification:_identify(src/rw_interfaces) by extensions ['ros']
[1.244s] Level 1:colcon.colcon_core.package_identification:_identify(src/rw_interfaces) by extension 'ros'
[1.265s] DEBUG:colcon.colcon_core.package_identification:Package 'src/rw_interfaces' with type 'ros.ament_cmake' and name 'rw_interfaces'
[1.266s] Level 1:colcon.colcon_core.package_discovery:discover_packages(recursive) using defaults
[1.266s] Level 1:colcon.colcon_core.package_discovery:discover_packages(ignore) discover
[1.267s] Level 1:colcon.colcon_core.package_discovery:discover_packages(ignore) using defaults
[1.267s] Level 1:colcon.colcon_core.package_discovery:discover_packages(path) discover
[1.267s] Level 1:colcon.colcon_core.package_discovery:discover_packages(path) using defaults
[1.348s] Level 1:colcon.colcon_core.package_discovery:discover_packages(prefix_path) check parameters
[1.348s] Level 1:colcon.colcon_core.package_discovery:discover_packages(prefix_path) discover
[1.353s] DEBUG:colcon.colcon_installed_package_information.package_discovery:Found 182 installed packages in /opt/ros/humble
[1.357s] Level 1:colcon.colcon_core.package_discovery:discover_packages(prefix_path) using defaults
[1.447s] Level 5:colcon.colcon_core.verb:set package 'rw_interfaces' build argument 'cmake_args' from command line to 'None'
[1.447s] Level 5:colcon.colcon_core.verb:set package 'rw_interfaces' build argument 'cmake_target' from command line to 'None'
[1.448s] Level 5:colcon.colcon_core.verb:set package 'rw_interfaces' build argument 'cmake_target_skip_unavailable' from command line to 'False'
[1.448s] Level 5:colcon.colcon_core.verb:set package 'rw_interfaces' build argument 'cmake_clean_cache' from command line to 'False'
[1.448s] Level 5:colcon.colcon_core.verb:set package 'rw_interfaces' build argument 'cmake_clean_first' from command line to 'False'
[1.449s] Level 5:colcon.colcon_core.verb:set package 'rw_interfaces' build argument 'cmake_force_configure' from command line to 'False'
[1.449s] Level 5:colcon.colcon_core.verb:set package 'rw_interfaces' build argument 'ament_cmake_args' from command line to 'None'
[1.449s] Level 5:colcon.colcon_core.verb:set package 'rw_interfaces' build argument 'catkin_cmake_args' from command line to 'None'
[1.450s] Level 5:colcon.colcon_core.verb:set package 'rw_interfaces' build argument 'catkin_skip_building_tests' from command line to 'False'
[1.450s] DEBUG:colcon.colcon_core.verb:Building package 'rw_interfaces' with the following arguments: {'ament_cmake_args': None, 'build_base': '/mnt/c/ROS2/robotic-waitress/build/rw_interfaces', 'catkin_cmake_args': None, 'catkin_skip_building_tests': False, 'cmake_args': None, 'cmake_clean_cache': False, 'cmake_clean_first': False, 'cmake_force_configure': False, 'cmake_target': None, 'cmake_target_skip_unavailable': False, 'install_base': '/mnt/c/ROS2/robotic-waitress/install/rw_interfaces', 'merge_install': False, 'path': '/mnt/c/ROS2/robotic-waitress/src/rw_interfaces', 'symlink_install': False, 'test_result_base': None}
[1.452s] Level 5:colcon.colcon_core.verb:set package 'rw_distance_sensors' build argument 'cmake_args' from command line to 'None'
[1.452s] Level 5:colcon.colcon_core.verb:set package 'rw_distance_sensors' build argument 'cmake_target' from command line to 'None'
[1.453s] Level 5:colcon.colcon_core.verb:set package 'rw_distance_sensors' build argument 'cmake_target_skip_unavailable' from command line to 'False'
[1.453s] Level 5:colcon.colcon_core.verb:set package 'rw_distance_sensors' build argument 'cmake_clean_cache' from command line to 'False'
[1.453s] Level 5:colcon.colcon_core.verb:set package 'rw_distance_sensors' build argument 'cmake_clean_first' from command line to 'False'
[1.454s] Level 5:colcon.colcon_core.verb:set package 'rw_distance_sensors' build argument 'cmake_force_configure' from command line to 'False'
[1.454s] Level 5:colcon.colcon_core.verb:set package 'rw_distance_sensors' build argument 'ament_cmake_args' from command line to 'None'
[1.455s] Level 5:colcon.colcon_core.verb:set package 'rw_distance_sensors' build argument 'catkin_cmake_args' from command line to 'None'
[1.455s] Level 5:colcon.colcon_core.verb:set package 'rw_distance_sensors' build argument 'catkin_skip_building_tests' from command line to 'False'
[1.455s] DEBUG:colcon.colcon_core.verb:Building package 'rw_distance_sensors' with the following arguments: {'ament_cmake_args': None, 'build_base': '/mnt/c/ROS2/robotic-waitress/build/rw_distance_sensors', 'catkin_cmake_args': None, 'catkin_skip_building_tests': False, 'cmake_args': None, 'cmake_clean_cache': False, 'cmake_clean_first': False, 'cmake_force_configure': False, 'cmake_target': None, 'cmake_target_skip_unavailable': False, 'install_base': '/mnt/c/ROS2/robotic-waitress/install/rw_distance_sensors', 'merge_install': False, 'path': '/mnt/c/ROS2/robotic-waitress/src/rw_distance_sensors', 'symlink_install': False, 'test_result_base': None}
[1.457s] INFO:colcon.colcon_core.executor:Executing jobs using 'parallel' executor
[1.465s] DEBUG:colcon.colcon_parallel_executor.executor.parallel:run_until_complete
[1.466s] INFO:colcon.colcon_ros.task.ament_cmake.build:Building ROS package in '/mnt/c/ROS2/robotic-waitress/src/rw_interfaces' with build type 'ament_cmake'
[1.467s] INFO:colcon.colcon_cmake.task.cmake.build:Building CMake package in '/mnt/c/ROS2/robotic-waitress/src/rw_interfaces'
[1.477s] INFO:colcon.colcon_core.plugin_system:Skipping extension 'colcon_core.shell.bat': Not used on non-Windows systems
[1.478s] INFO:colcon.colcon_core.shell:Skip shell extension 'powershell' for command environment: Not usable outside of PowerShell
[1.478s] DEBUG:colcon.colcon_core.shell:Skip shell extension 'dsv' for command environment
[1.607s] DEBUG:colcon.colcon_core.event_handler.log_command:Invoking command in '/mnt/c/ROS2/robotic-waitress/build/rw_interfaces': CMAKE_PREFIX_PATH=/opt/ros/humble /usr/bin/cmake --build /mnt/c/ROS2/robotic-waitress/build/rw_interfaces -- -j4 -l4
[43.105s] DEBUG:colcon.colcon_core.event_handler.log_command:Invoked command in '/mnt/c/ROS2/robotic-waitress/build/rw_interfaces' returned '0': CMAKE_PREFIX_PATH=/opt/ros/humble /usr/bin/cmake --build /mnt/c/ROS2/robotic-waitress/build/rw_interfaces -- -j4 -l4
[43.312s] DEBUG:colcon.colcon_core.event_handler.log_command:Invoking command in '/mnt/c/ROS2/robotic-waitress/build/rw_interfaces': CMAKE_PREFIX_PATH=/opt/ros/humble /usr/bin/cmake --install /mnt/c/ROS2/robotic-waitress/build/rw_interfaces
[57.053s] Level 1:colcon.colcon_core.environment:create_environment_scripts_only(rw_interfaces)
[57.056s] DEBUG:colcon.colcon_core.event_handler.log_command:Invoked command in '/mnt/c/ROS2/robotic-waitress/build/rw_interfaces' returned '0': CMAKE_PREFIX_PATH=/opt/ros/humble /usr/bin/cmake --install /mnt/c/ROS2/robotic-waitress/build/rw_interfaces
[57.066s] Level 1:colcon.colcon_core.environment:checking '/mnt/c/ROS2/robotic-waitress/install/rw_interfaces' for CMake module files
[57.367s] Level 1:colcon.colcon_core.environment:checking '/mnt/c/ROS2/robotic-waitress/install/rw_interfaces' for CMake config files
[57.580s] Level 1:colcon.colcon_core.shell:create_environment_hook('rw_interfaces', 'cmake_prefix_path')
[57.582s] INFO:colcon.colcon_core.shell:Creating environment hook '/mnt/c/ROS2/robotic-waitress/install/rw_interfaces/share/rw_interfaces/hook/cmake_prefix_path.ps1'
[57.601s] INFO:colcon.colcon_core.shell:Creating environment descriptor '/mnt/c/ROS2/robotic-waitress/install/rw_interfaces/share/rw_interfaces/hook/cmake_prefix_path.dsv'
[57.623s] INFO:colcon.colcon_core.shell:Creating environment hook '/mnt/c/ROS2/robotic-waitress/install/rw_interfaces/share/rw_interfaces/hook/cmake_prefix_path.sh'
[57.650s] Level 1:colcon.colcon_core.environment:checking '/mnt/c/ROS2/robotic-waitress/install/rw_interfaces/lib'
[57.656s] Level 1:colcon.colcon_core.shell:create_environment_hook('rw_interfaces', 'ld_library_path_lib')
[57.658s] INFO:colcon.colcon_core.shell:Creating environment hook '/mnt/c/ROS2/robotic-waitress/install/rw_interfaces/share/rw_interfaces/hook/ld_library_path_lib.ps1'
[57.678s] INFO:colcon.colcon_core.shell:Creating environment descriptor '/mnt/c/ROS2/robotic-waitress/install/rw_interfaces/share/rw_interfaces/hook/ld_library_path_lib.dsv'
[57.699s] INFO:colcon.colcon_core.shell:Creating environment hook '/mnt/c/ROS2/robotic-waitress/install/rw_interfaces/share/rw_interfaces/hook/ld_library_path_lib.sh'
[57.716s] Level 1:colcon.colcon_core.environment:checking '/mnt/c/ROS2/robotic-waitress/install/rw_interfaces/bin'
[57.719s] Level 1:colcon.colcon_core.environment:checking '/mnt/c/ROS2/robotic-waitress/install/rw_interfaces/lib/pkgconfig/rw_interfaces.pc'
[57.722s] Level 1:colcon.colcon_core.environment:checking '/mnt/c/ROS2/robotic-waitress/install/rw_interfaces/lib/python3.10/site-packages'
[57.725s] Level 1:colcon.colcon_core.environment:checking '/mnt/c/ROS2/robotic-waitress/install/rw_interfaces/bin'
[57.729s] INFO:colcon.colcon_core.shell:Creating package script '/mnt/c/ROS2/robotic-waitress/install/rw_interfaces/share/rw_interfaces/package.ps1'
[57.744s] INFO:colcon.colcon_core.shell:Creating package descriptor '/mnt/c/ROS2/robotic-waitress/install/rw_interfaces/share/rw_interfaces/package.dsv'
[57.764s] INFO:colcon.colcon_core.shell:Creating package script '/mnt/c/ROS2/robotic-waitress/install/rw_interfaces/share/rw_interfaces/package.sh'
[57.783s] INFO:colcon.colcon_core.shell:Creating package script '/mnt/c/ROS2/robotic-waitress/install/rw_interfaces/share/rw_interfaces/package.bash'
[57.802s] INFO:colcon.colcon_core.shell:Creating package script '/mnt/c/ROS2/robotic-waitress/install/rw_interfaces/share/rw_interfaces/package.zsh'
[57.821s] Level 1:colcon.colcon_core.environment:create_file_with_runtime_dependencies(/mnt/c/ROS2/robotic-waitress/install/rw_interfaces/share/colcon-core/packages/rw_interfaces)
[57.991s] Level 1:colcon.colcon_core.environment:create_environment_scripts_only(rw_interfaces)
[57.994s] Level 1:colcon.colcon_core.environment:checking '/mnt/c/ROS2/robotic-waitress/install/rw_interfaces' for CMake module files
[58.274s] Level 1:colcon.colcon_core.environment:checking '/mnt/c/ROS2/robotic-waitress/install/rw_interfaces' for CMake config files
[58.493s] Level 1:colcon.colcon_core.shell:create_environment_hook('rw_interfaces', 'cmake_prefix_path')
[58.495s] INFO:colcon.colcon_core.shell:Creating environment hook '/mnt/c/ROS2/robotic-waitress/install/rw_interfaces/share/rw_interfaces/hook/cmake_prefix_path.ps1'
[58.513s] INFO:colcon.colcon_core.shell:Creating environment descriptor '/mnt/c/ROS2/robotic-waitress/install/rw_interfaces/share/rw_interfaces/hook/cmake_prefix_path.dsv'
[58.533s] INFO:colcon.colcon_core.shell:Creating environment hook '/mnt/c/ROS2/robotic-waitress/install/rw_interfaces/share/rw_interfaces/hook/cmake_prefix_path.sh'
[58.561s] Level 1:colcon.colcon_core.environment:checking '/mnt/c/ROS2/robotic-waitress/install/rw_interfaces/lib'
[58.571s] Level 1:colcon.colcon_core.shell:create_environment_hook('rw_interfaces', 'ld_library_path_lib')
[58.573s] INFO:colcon.colcon_core.shell:Creating environment hook '/mnt/c/ROS2/robotic-waitress/install/rw_interfaces/share/rw_interfaces/hook/ld_library_path_lib.ps1'
[58.594s] INFO:colcon.colcon_core.shell:Creating environment descriptor '/mnt/c/ROS2/robotic-waitress/install/rw_interfaces/share/rw_interfaces/hook/ld_library_path_lib.dsv'
[58.610s] INFO:colcon.colcon_core.shell:Creating environment hook '/mnt/c/ROS2/robotic-waitress/install/rw_interfaces/share/rw_interfaces/hook/ld_library_path_lib.sh'
[58.629s] Level 1:colcon.colcon_core.environment:checking '/mnt/c/ROS2/robotic-waitress/install/rw_interfaces/bin'
[58.631s] Level 1:colcon.colcon_core.environment:checking '/mnt/c/ROS2/robotic-waitress/install/rw_interfaces/lib/pkgconfig/rw_interfaces.pc'
[58.633s] Level 1:colcon.colcon_core.environment:checking '/mnt/c/ROS2/robotic-waitress/install/rw_interfaces/lib/python3.10/site-packages'
[58.636s] Level 1:colcon.colcon_core.environment:checking '/mnt/c/ROS2/robotic-waitress/install/rw_interfaces/bin'
[58.640s] INFO:colcon.colcon_core.shell:Creating package script '/mnt/c/ROS2/robotic-waitress/install/rw_interfaces/share/rw_interfaces/package.ps1'
[58.655s] INFO:colcon.colcon_core.shell:Creating package descriptor '/mnt/c/ROS2/robotic-waitress/install/rw_interfaces/share/rw_interfaces/package.dsv'
[58.674s] INFO:colcon.colcon_core.shell:Creating package script '/mnt/c/ROS2/robotic-waitress/install/rw_interfaces/share/rw_interfaces/package.sh'
[58.693s] INFO:colcon.colcon_core.shell:Creating package script '/mnt/c/ROS2/robotic-waitress/install/rw_interfaces/share/rw_interfaces/package.bash'
[58.711s] INFO:colcon.colcon_core.shell:Creating package script '/mnt/c/ROS2/robotic-waitress/install/rw_interfaces/share/rw_interfaces/package.zsh'
[58.729s] Level 1:colcon.colcon_core.environment:create_file_with_runtime_dependencies(/mnt/c/ROS2/robotic-waitress/install/rw_interfaces/share/colcon-core/packages/rw_interfaces)
[58.741s] INFO:colcon.colcon_ros.task.ament_python.build:Building ROS package in '/mnt/c/ROS2/robotic-waitress/src/rw_distance_sensors' with build type 'ament_python'
[58.742s] Level 1:colcon.colcon_core.shell:create_environment_hook('rw_distance_sensors', 'ament_prefix_path')
[58.745s] INFO:colcon.colcon_core.shell:Creating environment hook '/mnt/c/ROS2/robotic-waitress/install/rw_distance_sensors/share/rw_distance_sensors/hook/ament_prefix_path.ps1'
[58.793s] INFO:colcon.colcon_core.shell:Creating environment descriptor '/mnt/c/ROS2/robotic-waitress/install/rw_distance_sensors/share/rw_distance_sensors/hook/ament_prefix_path.dsv'
[58.818s] INFO:colcon.colcon_core.shell:Creating environment hook '/mnt/c/ROS2/robotic-waitress/install/rw_distance_sensors/share/rw_distance_sensors/hook/ament_prefix_path.sh'
[58.843s] INFO:colcon.colcon_core.shell:Skip shell extension 'powershell' for command environment: Not usable outside of PowerShell
[58.843s] DEBUG:colcon.colcon_core.shell:Skip shell extension 'dsv' for command environment
[60.096s] INFO:colcon.colcon_core.task.python.build:Building Python package in '/mnt/c/ROS2/robotic-waitress/src/rw_distance_sensors'
[60.098s] INFO:colcon.colcon_core.shell:Skip shell extension 'powershell' for command environment: Not usable outside of PowerShell
[60.099s] DEBUG:colcon.colcon_core.shell:Skip shell extension 'dsv' for command environment
[62.738s] DEBUG:colcon.colcon_core.event_handler.log_command:Invoking command in '/mnt/c/ROS2/robotic-waitress/src/rw_distance_sensors': AMENT_PREFIX_PATH=/mnt/c/ROS2/robotic-waitress/install/rw_interfaces:${AMENT_PREFIX_PATH} CMAKE_PREFIX_PATH=/mnt/c/ROS2/robotic-waitress/install/rw_interfaces LD_LIBRARY_PATH=/mnt/c/ROS2/robotic-waitress/install/rw_interfaces/lib:${LD_LIBRARY_PATH} PYTHONPATH=/mnt/c/ROS2/robotic-waitress/build/rw_distance_sensors/prefix_override:/mnt/c/ROS2/robotic-waitress/install/rw_distance_sensors/lib/python3.10/site-packages:/mnt/c/ROS2/robotic-waitress/install/rw_interfaces/local/lib/python3.10/dist-packages:${PYTHONPATH} /usr/bin/python3 setup.py egg_info --egg-base ../../build/rw_distance_sensors build --build-base /mnt/c/ROS2/robotic-waitress/build/rw_distance_sensors/build install --record /mnt/c/ROS2/robotic-waitress/build/rw_distance_sensors/install.log --single-version-externally-managed
[66.305s] Level 1:colcon.colcon_core.environment:checking '/mnt/c/ROS2/robotic-waitress/install/rw_distance_sensors' for CMake module files
[66.307s] DEBUG:colcon.colcon_core.event_handler.log_command:Invoked command in '/mnt/c/ROS2/robotic-waitress/src/rw_distance_sensors' returned '0': AMENT_PREFIX_PATH=/mnt/c/ROS2/robotic-waitress/install/rw_interfaces:${AMENT_PREFIX_PATH} CMAKE_PREFIX_PATH=/mnt/c/ROS2/robotic-waitress/install/rw_interfaces LD_LIBRARY_PATH=/mnt/c/ROS2/robotic-waitress/install/rw_interfaces/lib:${LD_LIBRARY_PATH} PYTHONPATH=/mnt/c/ROS2/robotic-waitress/build/rw_distance_sensors/prefix_override:/mnt/c/ROS2/robotic-waitress/install/rw_distance_sensors/lib/python3.10/site-packages:/mnt/c/ROS2/robotic-waitress/install/rw_interfaces/local/lib/python3.10/dist-packages:${PYTHONPATH} /usr/bin/python3 setup.py egg_info --egg-base ../../build/rw_distance_sensors build --build-base /mnt/c/ROS2/robotic-waitress/build/rw_distance_sensors/build install --record /mnt/c/ROS2/robotic-waitress/build/rw_distance_sensors/install.log --single-version-externally-managed
[66.375s] Level 1:colcon.colcon_core.environment:checking '/mnt/c/ROS2/robotic-waitress/install/rw_distance_sensors' for CMake config files
[66.511s] Level 1:colcon.colcon_core.environment:checking '/mnt/c/ROS2/robotic-waitress/install/rw_distance_sensors/lib'
[66.517s] Level 1:colcon.colcon_core.environment:checking '/mnt/c/ROS2/robotic-waitress/install/rw_distance_sensors/bin'
[66.520s] Level 1:colcon.colcon_core.environment:checking '/mnt/c/ROS2/robotic-waitress/install/rw_distance_sensors/lib/pkgconfig/rw_distance_sensors.pc'
[66.523s] Level 1:colcon.colcon_core.environment:checking '/mnt/c/ROS2/robotic-waitress/install/rw_distance_sensors/lib/python3.10/site-packages'
[66.527s] Level 1:colcon.colcon_core.shell:create_environment_hook('rw_distance_sensors', 'pythonpath')
[66.529s] INFO:colcon.colcon_core.shell:Creating environment hook '/mnt/c/ROS2/robotic-waitress/install/rw_distance_sensors/share/rw_distance_sensors/hook/pythonpath.ps1'
[66.552s] INFO:colcon.colcon_core.shell:Creating environment descriptor '/mnt/c/ROS2/robotic-waitress/install/rw_distance_sensors/share/rw_distance_sensors/hook/pythonpath.dsv'
[66.577s] INFO:colcon.colcon_core.shell:Creating environment hook '/mnt/c/ROS2/robotic-waitress/install/rw_distance_sensors/share/rw_distance_sensors/hook/pythonpath.sh'
[66.600s] Level 1:colcon.colcon_core.environment:checking '/mnt/c/ROS2/robotic-waitress/install/rw_distance_sensors/bin'
[66.603s] Level 1:colcon.colcon_core.environment:create_environment_scripts_only(rw_distance_sensors)
[66.606s] INFO:colcon.colcon_core.shell:Creating package script '/mnt/c/ROS2/robotic-waitress/install/rw_distance_sensors/share/rw_distance_sensors/package.ps1'
[66.625s] INFO:colcon.colcon_core.shell:Creating package descriptor '/mnt/c/ROS2/robotic-waitress/install/rw_distance_sensors/share/rw_distance_sensors/package.dsv'
[66.646s] INFO:colcon.colcon_core.shell:Creating package script '/mnt/c/ROS2/robotic-waitress/install/rw_distance_sensors/share/rw_distance_sensors/package.sh'
[66.669s] INFO:colcon.colcon_core.shell:Creating package script '/mnt/c/ROS2/robotic-waitress/install/rw_distance_sensors/share/rw_distance_sensors/package.bash'
[66.691s] INFO:colcon.colcon_core.shell:Creating package script '/mnt/c/ROS2/robotic-waitress/install/rw_distance_sensors/share/rw_distance_sensors/package.zsh'
[66.712s] Level 1:colcon.colcon_core.environment:create_file_with_runtime_dependencies(/mnt/c/ROS2/robotic-waitress/install/rw_distance_sensors/share/colcon-core/packages/rw_distance_sensors)
[66.730s] DEBUG:colcon.colcon_parallel_executor.executor.parallel:closing loop
[66.731s] DEBUG:colcon.colcon_parallel_executor.executor.parallel:loop closed
[66.732s] DEBUG:colcon.colcon_parallel_executor.executor.parallel:run_until_complete finished with '0'
[66.733s] DEBUG:colcon.colcon_core.event_reactor:joining thread
[66.879s] INFO:colcon.colcon_core.plugin_system:Skipping extension 'colcon_notification.desktop_notification.notify_send': Could not find 'notify-send'
[66.880s] INFO:colcon.colcon_core.plugin_system:Skipping extension 'colcon_notification.desktop_notification.terminal_notifier': Not used on non-Darwin systems
[66.880s] INFO:colcon.colcon_core.plugin_system:Skipping extension 'colcon_notification.desktop_notification.win32': Not used on non-Windows systems
[66.880s] INFO:colcon.colcon_notification.desktop_notification:Sending desktop notification using 'notify2'
[66.882s] DEBUG:colcon.colcon_notification.desktop_notification.notify2:Failed to initialize notify2: org.freedesktop.DBus.Error.NotSupported: Unable to autolaunch a dbus-daemon without a $DISPLAY for X11
[66.883s] DEBUG:colcon.colcon_core.event_reactor:joined thread
[66.885s] INFO:colcon.colcon_core.shell:Creating prefix script '/mnt/c/ROS2/robotic-waitress/install/local_setup.ps1'
[66.895s] INFO:colcon.colcon_core.shell:Creating prefix util module '/mnt/c/ROS2/robotic-waitress/install/_local_setup_util_ps1.py'
[66.908s] INFO:colcon.colcon_core.shell:Creating prefix chain script '/mnt/c/ROS2/robotic-waitress/install/setup.ps1'
[66.921s] INFO:colcon.colcon_core.shell:Creating prefix script '/mnt/c/ROS2/robotic-waitress/install/local_setup.sh'
[66.933s] INFO:colcon.colcon_core.shell:Creating prefix util module '/mnt/c/ROS2/robotic-waitress/install/_local_setup_util_sh.py'
[66.945s] INFO:colcon.colcon_core.shell:Creating prefix chain script '/mnt/c/ROS2/robotic-waitress/install/setup.sh'
[66.957s] INFO:colcon.colcon_core.shell:Creating prefix script '/mnt/c/ROS2/robotic-waitress/install/local_setup.bash'
[66.968s] INFO:colcon.colcon_core.shell:Creating prefix chain script '/mnt/c/ROS2/robotic-waitress/install/setup.bash'
[66.981s] INFO:colcon.colcon_core.shell:Creating prefix script '/mnt/c/ROS2/robotic-waitress/install/local_setup.zsh'
[66.992s] INFO:colcon.colcon_core.shell:Creating prefix chain script '/mnt/c/ROS2/robotic-waitress/install/setup.zsh'
