[3.961s] Invoking command in '/mnt/c/ROS2/robotic-waitress/src/rw_distance_sensors': AMENT_PREFIX_PATH=/mnt/c/ROS2/robotic-waitress/install/rw_interfaces:${AMENT_PREFIX_PATH} CMAKE_PREFIX_PATH=/mnt/c/ROS2/robotic-waitress/install/rw_interfaces LD_LIBRARY_PATH=/mnt/c/ROS2/robotic-waitress/install/rw_interfaces/lib:${LD_LIBRARY_PATH} PYTHONPATH=/mnt/c/ROS2/robotic-waitress/build/rw_distance_sensors/prefix_override:/mnt/c/ROS2/robotic-waitress/install/rw_distance_sensors/lib/python3.10/site-packages:/mnt/c/ROS2/robotic-waitress/install/rw_interfaces/local/lib/python3.10/dist-packages:${PYTHONPATH} /usr/bin/python3 setup.py egg_info --egg-base ../../build/rw_distance_sensors build --build-base /mnt/c/ROS2/robotic-waitress/build/rw_distance_sensors/build install --record /mnt/c/ROS2/robotic-waitress/build/rw_distance_sensors/install.log --single-version-externally-managed
[5.692s] running egg_info
[5.702s] writing ../../build/rw_distance_sensors/rw_distance_sensors.egg-info/PKG-INFO
[5.744s] writing dependency_links to ../../build/rw_distance_sensors/rw_distance_sensors.egg-info/dependency_links.txt
[5.753s] writing entry points to ../../build/rw_distance_sensors/rw_distance_sensors.egg-info/entry_points.txt
[5.762s] writing requirements to ../../build/rw_distance_sensors/rw_distance_sensors.egg-info/requires.txt
[5.769s] writing top-level names to ../../build/rw_distance_sensors/rw_distance_sensors.egg-info/top_level.txt
[5.824s] reading manifest file '../../build/rw_distance_sensors/rw_distance_sensors.egg-info/SOURCES.txt'
[5.922s] writing manifest file '../../build/rw_distance_sensors/rw_distance_sensors.egg-info/SOURCES.txt'
[5.929s] running build
[5.932s] running build_py
[5.957s] copying rw_distance_sensors/ROS_sonar.py -> /mnt/c/ROS2/robotic-waitress/build/rw_distance_sensors/build/lib/rw_distance_sensors
[6.021s] copying rw_distance_sensors/Sonar.py -> /mnt/c/ROS2/robotic-waitress/build/rw_distance_sensors/build/lib/rw_distance_sensors
[6.084s] running install
[6.085s] /usr/lib/python3/dist-packages/setuptools/command/install.py:34: SetuptoolsDeprecationWarning: setup.py install is deprecated. Use build and pip and other standards-based tools.
[6.087s]   warnings.warn(
[6.089s] running install_lib
[6.155s] copying /mnt/c/ROS2/robotic-waitress/build/rw_distance_sensors/build/lib/rw_distance_sensors/ROS_sonar.py -> /mnt/c/ROS2/robotic-waitress/install/rw_distance_sensors/lib/python3.10/site-packages/rw_distance_sensors
[6.229s] copying /mnt/c/ROS2/robotic-waitress/build/rw_distance_sensors/build/lib/rw_distance_sensors/Sonar.py -> /mnt/c/ROS2/robotic-waitress/install/rw_distance_sensors/lib/python3.10/site-packages/rw_distance_sensors
[6.344s] byte-compiling /mnt/c/ROS2/robotic-waitress/install/rw_distance_sensors/lib/python3.10/site-packages/rw_distance_sensors/ROS_sonar.py to ROS_sonar.cpython-310.pyc
[6.434s] byte-compiling /mnt/c/ROS2/robotic-waitress/install/rw_distance_sensors/lib/python3.10/site-packages/rw_distance_sensors/Sonar.py to Sonar.cpython-310.pyc
[6.464s] Sorry: IndentationError: expected an indented block after 'case' statement on line 20 (Sonar.py, line 21)
[6.489s] running install_data
[6.539s] running install_egg_info
[6.563s] removing '/mnt/c/ROS2/robotic-waitress/install/rw_distance_sensors/lib/python3.10/site-packages/rw_distance_sensors-0.0.0-py3.10.egg-info' (and everything under it)
[6.662s] Copying ../../build/rw_distance_sensors/rw_distance_sensors.egg-info to /mnt/c/ROS2/robotic-waitress/install/rw_distance_sensors/lib/python3.10/site-packages/rw_distance_sensors-0.0.0-py3.10.egg-info
[7.287s] running install_scripts
[7.457s] Installing sonar script to /mnt/c/ROS2/robotic-waitress/install/rw_distance_sensors/lib/rw_distance_sensors
[7.483s] writing list of installed files to '/mnt/c/ROS2/robotic-waitress/build/rw_distance_sensors/install.log'
[7.531s] Invoked command in '/mnt/c/ROS2/robotic-waitress/src/rw_distance_sensors' returned '0': AMENT_PREFIX_PATH=/mnt/c/ROS2/robotic-waitress/install/rw_interfaces:${AMENT_PREFIX_PATH} CMAKE_PREFIX_PATH=/mnt/c/ROS2/robotic-waitress/install/rw_interfaces LD_LIBRARY_PATH=/mnt/c/ROS2/robotic-waitress/install/rw_interfaces/lib:${LD_LIBRARY_PATH} PYTHONPATH=/mnt/c/ROS2/robotic-waitress/build/rw_distance_sensors/prefix_override:/mnt/c/ROS2/robotic-waitress/install/rw_distance_sensors/lib/python3.10/site-packages:/mnt/c/ROS2/robotic-waitress/install/rw_interfaces/local/lib/python3.10/dist-packages:${PYTHONPATH} /usr/bin/python3 setup.py egg_info --egg-base ../../build/rw_distance_sensors build --build-base /mnt/c/ROS2/robotic-waitress/build/rw_distance_sensors/build install --record /mnt/c/ROS2/robotic-waitress/build/rw_distance_sensors/install.log --single-version-externally-managed
