[  2%] Built target rw_interfaces__cpp
[35m[1mConsolidate compiler generated dependencies of target rw_interfaces__rosidl_generator_c[0m
[35m[1mConsolidate compiler generated dependencies of target rw_interfaces__rosidl_typesupport_cpp[0m
[35m[1mConsolidate compiler generated dependencies of target rw_interfaces__rosidl_typesupport_fastrtps_cpp[0m
[ 12%] Built target rw_interfaces__rosidl_generator_c
[35m[1mConsolidate compiler generated dependencies of target rw_interfaces__rosidl_typesupport_introspection_cpp[0m
[ 23%] Built target rw_interfaces__rosidl_typesupport_cpp
[ 33%] Built target rw_interfaces__rosidl_typesupport_fastrtps_cpp
[35m[1mConsolidate compiler generated dependencies of target rw_interfaces__rosidl_typesupport_fastrtps_c[0m
[35m[1mConsolidate compiler generated dependencies of target rw_interfaces__rosidl_typesupport_introspection_c[0m
[ 33%] Built target ament_cmake_python_copy_rw_interfaces
[ 43%] Built target rw_interfaces__rosidl_typesupport_introspection_cpp
[35m[1mConsolidate compiler generated dependencies of target rw_interfaces__rosidl_typesupport_c[0m
[ 53%] Built target rw_interfaces__rosidl_typesupport_introspection_c
[ 64%] Built target rw_interfaces__rosidl_typesupport_c
[ 74%] Built target rw_interfaces__rosidl_typesupport_fastrtps_c
[ 74%] Built target rw_interfaces
[ 76%] Built target rw_interfaces__py
[35m[1mConsolidate compiler generated dependencies of target rw_interfaces__rosidl_generator_py[0m
running egg_info
writing rw_interfaces.egg-info/PKG-INFO
writing dependency_links to rw_interfaces.egg-info/dependency_links.txt
writing top-level names to rw_interfaces.egg-info/top_level.txt
reading manifest file 'rw_interfaces.egg-info/SOURCES.txt'
writing manifest file 'rw_interfaces.egg-info/SOURCES.txt'
[ 76%] Built target ament_cmake_python_build_rw_interfaces_egg
[ 84%] Built target rw_interfaces__rosidl_generator_py
[35m[1mConsolidate compiler generated dependencies of target rw_interfaces__rosidl_typesupport_introspection_c__pyext[0m
[35m[1mConsolidate compiler generated dependencies of target rw_interfaces__rosidl_typesupport_fastrtps_c__pyext[0m
[35m[1mConsolidate compiler generated dependencies of target rw_interfaces__rosidl_typesupport_c__pyext[0m
[ 89%] Built target rw_interfaces__rosidl_typesupport_c__pyext
[ 94%] Built target rw_interfaces__rosidl_typesupport_fastrtps_c__pyext
[100%] Built target rw_interfaces__rosidl_typesupport_introspection_c__pyext
-- Install configuration: ""
-- Up-to-date: /mnt/c/ROS2/robotic-waitress/install/rw_interfaces/share/ament_index/resource_index/rosidl_interfaces/rw_interfaces
-- Up-to-date: /mnt/c/ROS2/robotic-waitress/install/rw_interfaces/include/rw_interfaces/rw_interfaces
-- Up-to-date: /mnt/c/ROS2/robotic-waitress/install/rw_interfaces/include/rw_interfaces/rw_interfaces/msg
-- Up-to-date: /mnt/c/ROS2/robotic-waitress/install/rw_interfaces/include/rw_interfaces/rw_interfaces/msg/detail
-- Up-to-date: /mnt/c/ROS2/robotic-waitress/install/rw_interfaces/include/rw_interfaces/rw_interfaces/msg/detail/detections_vector__functions.c
-- Up-to-date: /mnt/c/ROS2/robotic-waitress/install/rw_interfaces/include/rw_interfaces/rw_interfaces/msg/detail/detections_vector__functions.h
-- Up-to-date: /mnt/c/ROS2/robotic-waitress/install/rw_interfaces/include/rw_interfaces/rw_interfaces/msg/detail/detections_vector__struct.h
-- Up-to-date: /mnt/c/ROS2/robotic-waitress/install/rw_interfaces/include/rw_interfaces/rw_interfaces/msg/detail/detections_vector__type_support.h
-- Up-to-date: /mnt/c/ROS2/robotic-waitress/install/rw_interfaces/include/rw_interfaces/rw_interfaces/msg/detail/ultrasonic__functions.c
-- Up-to-date: /mnt/c/ROS2/robotic-waitress/install/rw_interfaces/include/rw_interfaces/rw_interfaces/msg/detail/ultrasonic__functions.h
-- Up-to-date: /mnt/c/ROS2/robotic-waitress/install/rw_interfaces/include/rw_interfaces/rw_interfaces/msg/detail/ultrasonic__struct.h
-- Up-to-date: /mnt/c/ROS2/robotic-waitress/install/rw_interfaces/include/rw_interfaces/rw_interfaces/msg/detail/ultrasonic__type_support.h
-- Up-to-date: /mnt/c/ROS2/robotic-waitress/install/rw_interfaces/include/rw_interfaces/rw_interfaces/msg/detections_vector.h
-- Up-to-date: /mnt/c/ROS2/robotic-waitress/install/rw_interfaces/include/rw_interfaces/rw_interfaces/msg/rosidl_generator_c__visibility_control.h
-- Up-to-date: /mnt/c/ROS2/robotic-waitress/install/rw_interfaces/include/rw_interfaces/rw_interfaces/msg/ultrasonic.h
-- Up-to-date: /mnt/c/ROS2/robotic-waitress/install/rw_interfaces/share/rw_interfaces/environment/library_path.sh
-- Up-to-date: /mnt/c/ROS2/robotic-waitress/install/rw_interfaces/share/rw_interfaces/environment/library_path.dsv
-- Up-to-date: /mnt/c/ROS2/robotic-waitress/install/rw_interfaces/lib/librw_interfaces__rosidl_generator_c.so
-- Up-to-date: /mnt/c/ROS2/robotic-waitress/install/rw_interfaces/include/rw_interfaces/rw_interfaces
-- Up-to-date: /mnt/c/ROS2/robotic-waitress/install/rw_interfaces/include/rw_interfaces/rw_interfaces/msg
-- Up-to-date: /mnt/c/ROS2/robotic-waitress/install/rw_interfaces/include/rw_interfaces/rw_interfaces/msg/detail
-- Up-to-date: /mnt/c/ROS2/robotic-waitress/install/rw_interfaces/include/rw_interfaces/rw_interfaces/msg/detail/detections_vector__rosidl_typesupport_fastrtps_c.h
-- Up-to-date: /mnt/c/ROS2/robotic-waitress/install/rw_interfaces/include/rw_interfaces/rw_interfaces/msg/detail/ultrasonic__rosidl_typesupport_fastrtps_c.h
-- Up-to-date: /mnt/c/ROS2/robotic-waitress/install/rw_interfaces/include/rw_interfaces/rw_interfaces/msg/rosidl_typesupport_fastrtps_c__visibility_control.h
-- Up-to-date: /mnt/c/ROS2/robotic-waitress/install/rw_interfaces/lib/librw_interfaces__rosidl_typesupport_fastrtps_c.so
-- Up-to-date: /mnt/c/ROS2/robotic-waitress/install/rw_interfaces/include/rw_interfaces/rw_interfaces
-- Up-to-date: /mnt/c/ROS2/robotic-waitress/install/rw_interfaces/include/rw_interfaces/rw_interfaces/msg
-- Up-to-date: /mnt/c/ROS2/robotic-waitress/install/rw_interfaces/include/rw_interfaces/rw_interfaces/msg/detail
-- Up-to-date: /mnt/c/ROS2/robotic-waitress/install/rw_interfaces/include/rw_interfaces/rw_interfaces/msg/detail/detections_vector__rosidl_typesupport_introspection_c.h
-- Up-to-date: /mnt/c/ROS2/robotic-waitress/install/rw_interfaces/include/rw_interfaces/rw_interfaces/msg/detail/detections_vector__type_support.c
-- Up-to-date: /mnt/c/ROS2/robotic-waitress/install/rw_interfaces/include/rw_interfaces/rw_interfaces/msg/detail/ultrasonic__rosidl_typesupport_introspection_c.h
-- Up-to-date: /mnt/c/ROS2/robotic-waitress/install/rw_interfaces/include/rw_interfaces/rw_interfaces/msg/detail/ultrasonic__type_support.c
-- Up-to-date: /mnt/c/ROS2/robotic-waitress/install/rw_interfaces/include/rw_interfaces/rw_interfaces/msg/rosidl_typesupport_introspection_c__visibility_control.h
-- Up-to-date: /mnt/c/ROS2/robotic-waitress/install/rw_interfaces/lib/librw_interfaces__rosidl_typesupport_introspection_c.so
-- Up-to-date: /mnt/c/ROS2/robotic-waitress/install/rw_interfaces/lib/librw_interfaces__rosidl_typesupport_c.so
-- Up-to-date: /mnt/c/ROS2/robotic-waitress/install/rw_interfaces/include/rw_interfaces/rw_interfaces
-- Up-to-date: /mnt/c/ROS2/robotic-waitress/install/rw_interfaces/include/rw_interfaces/rw_interfaces/msg
-- Up-to-date: /mnt/c/ROS2/robotic-waitress/install/rw_interfaces/include/rw_interfaces/rw_interfaces/msg/detail
-- Up-to-date: /mnt/c/ROS2/robotic-waitress/install/rw_interfaces/include/rw_interfaces/rw_interfaces/msg/detail/detections_vector__builder.hpp
-- Up-to-date: /mnt/c/ROS2/robotic-waitress/install/rw_interfaces/include/rw_interfaces/rw_interfaces/msg/detail/detections_vector__struct.hpp
-- Up-to-date: /mnt/c/ROS2/robotic-waitress/install/rw_interfaces/include/rw_interfaces/rw_interfaces/msg/detail/detections_vector__traits.hpp
-- Up-to-date: /mnt/c/ROS2/robotic-waitress/install/rw_interfaces/include/rw_interfaces/rw_interfaces/msg/detail/ultrasonic__builder.hpp
-- Up-to-date: /mnt/c/ROS2/robotic-waitress/install/rw_interfaces/include/rw_interfaces/rw_interfaces/msg/detail/ultrasonic__struct.hpp
-- Up-to-date: /mnt/c/ROS2/robotic-waitress/install/rw_interfaces/include/rw_interfaces/rw_interfaces/msg/detail/ultrasonic__traits.hpp
-- Up-to-date: /mnt/c/ROS2/robotic-waitress/install/rw_interfaces/include/rw_interfaces/rw_interfaces/msg/detections_vector.hpp
-- Up-to-date: /mnt/c/ROS2/robotic-waitress/install/rw_interfaces/include/rw_interfaces/rw_interfaces/msg/ultrasonic.hpp
-- Up-to-date: /mnt/c/ROS2/robotic-waitress/install/rw_interfaces/include/rw_interfaces/rw_interfaces
-- Up-to-date: /mnt/c/ROS2/robotic-waitress/install/rw_interfaces/include/rw_interfaces/rw_interfaces/msg
-- Up-to-date: /mnt/c/ROS2/robotic-waitress/install/rw_interfaces/include/rw_interfaces/rw_interfaces/msg/detail
-- Up-to-date: /mnt/c/ROS2/robotic-waitress/install/rw_interfaces/include/rw_interfaces/rw_interfaces/msg/detail/dds_fastrtps
-- Up-to-date: /mnt/c/ROS2/robotic-waitress/install/rw_interfaces/include/rw_interfaces/rw_interfaces/msg/detail/detections_vector__rosidl_typesupport_fastrtps_cpp.hpp
-- Up-to-date: /mnt/c/ROS2/robotic-waitress/install/rw_interfaces/include/rw_interfaces/rw_interfaces/msg/detail/ultrasonic__rosidl_typesupport_fastrtps_cpp.hpp
-- Up-to-date: /mnt/c/ROS2/robotic-waitress/install/rw_interfaces/include/rw_interfaces/rw_interfaces/msg/rosidl_typesupport_fastrtps_cpp__visibility_control.h
-- Up-to-date: /mnt/c/ROS2/robotic-waitress/install/rw_interfaces/lib/librw_interfaces__rosidl_typesupport_fastrtps_cpp.so
-- Up-to-date: /mnt/c/ROS2/robotic-waitress/install/rw_interfaces/include/rw_interfaces/rw_interfaces
-- Up-to-date: /mnt/c/ROS2/robotic-waitress/install/rw_interfaces/include/rw_interfaces/rw_interfaces/msg
-- Up-to-date: /mnt/c/ROS2/robotic-waitress/install/rw_interfaces/include/rw_interfaces/rw_interfaces/msg/detail
-- Up-to-date: /mnt/c/ROS2/robotic-waitress/install/rw_interfaces/include/rw_interfaces/rw_interfaces/msg/detail/detections_vector__rosidl_typesupport_introspection_cpp.hpp
-- Up-to-date: /mnt/c/ROS2/robotic-waitress/install/rw_interfaces/include/rw_interfaces/rw_interfaces/msg/detail/detections_vector__type_support.cpp
-- Up-to-date: /mnt/c/ROS2/robotic-waitress/install/rw_interfaces/include/rw_interfaces/rw_interfaces/msg/detail/ultrasonic__rosidl_typesupport_introspection_cpp.hpp
-- Up-to-date: /mnt/c/ROS2/robotic-waitress/install/rw_interfaces/include/rw_interfaces/rw_interfaces/msg/detail/ultrasonic__type_support.cpp
-- Up-to-date: /mnt/c/ROS2/robotic-waitress/install/rw_interfaces/lib/librw_interfaces__rosidl_typesupport_introspection_cpp.so
-- Up-to-date: /mnt/c/ROS2/robotic-waitress/install/rw_interfaces/lib/librw_interfaces__rosidl_typesupport_cpp.so
-- Up-to-date: /mnt/c/ROS2/robotic-waitress/install/rw_interfaces/share/rw_interfaces/environment/pythonpath.sh
-- Up-to-date: /mnt/c/ROS2/robotic-waitress/install/rw_interfaces/share/rw_interfaces/environment/pythonpath.dsv
-- Up-to-date: /mnt/c/ROS2/robotic-waitress/install/rw_interfaces/local/lib/python3.10/dist-packages/rw_interfaces-0.0.0-py3.10.egg-info
-- Installing: /mnt/c/ROS2/robotic-waitress/install/rw_interfaces/local/lib/python3.10/dist-packages/rw_interfaces-0.0.0-py3.10.egg-info/dependency_links.txt
-- Installing: /mnt/c/ROS2/robotic-waitress/install/rw_interfaces/local/lib/python3.10/dist-packages/rw_interfaces-0.0.0-py3.10.egg-info/PKG-INFO
-- Installing: /mnt/c/ROS2/robotic-waitress/install/rw_interfaces/local/lib/python3.10/dist-packages/rw_interfaces-0.0.0-py3.10.egg-info/SOURCES.txt
-- Installing: /mnt/c/ROS2/robotic-waitress/install/rw_interfaces/local/lib/python3.10/dist-packages/rw_interfaces-0.0.0-py3.10.egg-info/top_level.txt
-- Up-to-date: /mnt/c/ROS2/robotic-waitress/install/rw_interfaces/local/lib/python3.10/dist-packages/rw_interfaces
-- Up-to-date: /mnt/c/ROS2/robotic-waitress/install/rw_interfaces/local/lib/python3.10/dist-packages/rw_interfaces/librw_interfaces__rosidl_generator_py.so
-- Up-to-date: /mnt/c/ROS2/robotic-waitress/install/rw_interfaces/local/lib/python3.10/dist-packages/rw_interfaces/msg
-- Up-to-date: /mnt/c/ROS2/robotic-waitress/install/rw_interfaces/local/lib/python3.10/dist-packages/rw_interfaces/msg/_detections_vector.py
-- Up-to-date: /mnt/c/ROS2/robotic-waitress/install/rw_interfaces/local/lib/python3.10/dist-packages/rw_interfaces/msg/_detections_vector_s.c
-- Up-to-date: /mnt/c/ROS2/robotic-waitress/install/rw_interfaces/local/lib/python3.10/dist-packages/rw_interfaces/msg/_ultrasonic.py
-- Up-to-date: /mnt/c/ROS2/robotic-waitress/install/rw_interfaces/local/lib/python3.10/dist-packages/rw_interfaces/msg/_ultrasonic_s.c
-- Up-to-date: /mnt/c/ROS2/robotic-waitress/install/rw_interfaces/local/lib/python3.10/dist-packages/rw_interfaces/msg/__init__.py
-- Up-to-date: /mnt/c/ROS2/robotic-waitress/install/rw_interfaces/local/lib/python3.10/dist-packages/rw_interfaces/rw_interfaces_s__rosidl_typesupport_c.cpython-310-x86_64-linux-gnu.so
-- Up-to-date: /mnt/c/ROS2/robotic-waitress/install/rw_interfaces/local/lib/python3.10/dist-packages/rw_interfaces/rw_interfaces_s__rosidl_typesupport_fastrtps_c.cpython-310-x86_64-linux-gnu.so
-- Up-to-date: /mnt/c/ROS2/robotic-waitress/install/rw_interfaces/local/lib/python3.10/dist-packages/rw_interfaces/rw_interfaces_s__rosidl_typesupport_introspection_c.cpython-310-x86_64-linux-gnu.so
-- Up-to-date: /mnt/c/ROS2/robotic-waitress/install/rw_interfaces/local/lib/python3.10/dist-packages/rw_interfaces/_rw_interfaces_s.ep.rosidl_typesupport_c.c
-- Up-to-date: /mnt/c/ROS2/robotic-waitress/install/rw_interfaces/local/lib/python3.10/dist-packages/rw_interfaces/_rw_interfaces_s.ep.rosidl_typesupport_fastrtps_c.c
-- Up-to-date: /mnt/c/ROS2/robotic-waitress/install/rw_interfaces/local/lib/python3.10/dist-packages/rw_interfaces/_rw_interfaces_s.ep.rosidl_typesupport_introspection_c.c
-- Up-to-date: /mnt/c/ROS2/robotic-waitress/install/rw_interfaces/local/lib/python3.10/dist-packages/rw_interfaces/__init__.py
Listing '/mnt/c/ROS2/robotic-waitress/install/rw_interfaces/local/lib/python3.10/dist-packages/rw_interfaces'...
Listing '/mnt/c/ROS2/robotic-waitress/install/rw_interfaces/local/lib/python3.10/dist-packages/rw_interfaces/msg'...
-- Up-to-date: /mnt/c/ROS2/robotic-waitress/install/rw_interfaces/local/lib/python3.10/dist-packages/rw_interfaces/rw_interfaces_s__rosidl_typesupport_fastrtps_c.cpython-310-x86_64-linux-gnu.so
-- Up-to-date: /mnt/c/ROS2/robotic-waitress/install/rw_interfaces/local/lib/python3.10/dist-packages/rw_interfaces/rw_interfaces_s__rosidl_typesupport_introspection_c.cpython-310-x86_64-linux-gnu.so
-- Up-to-date: /mnt/c/ROS2/robotic-waitress/install/rw_interfaces/local/lib/python3.10/dist-packages/rw_interfaces/rw_interfaces_s__rosidl_typesupport_c.cpython-310-x86_64-linux-gnu.so
-- Up-to-date: /mnt/c/ROS2/robotic-waitress/install/rw_interfaces/lib/librw_interfaces__rosidl_generator_py.so
-- Up-to-date: /mnt/c/ROS2/robotic-waitress/install/rw_interfaces/share/rw_interfaces/msg/Ultrasonic.idl
-- Up-to-date: /mnt/c/ROS2/robotic-waitress/install/rw_interfaces/share/rw_interfaces/msg/DetectionsVector.idl
-- Up-to-date: /mnt/c/ROS2/robotic-waitress/install/rw_interfaces/share/rw_interfaces/msg/Ultrasonic.msg
-- Up-to-date: /mnt/c/ROS2/robotic-waitress/install/rw_interfaces/share/rw_interfaces/msg/DetectionsVector.msg
-- Up-to-date: /mnt/c/ROS2/robotic-waitress/install/rw_interfaces/share/ament_index/resource_index/package_run_dependencies/rw_interfaces
-- Up-to-date: /mnt/c/ROS2/robotic-waitress/install/rw_interfaces/share/ament_index/resource_index/parent_prefix_path/rw_interfaces
-- Up-to-date: /mnt/c/ROS2/robotic-waitress/install/rw_interfaces/share/rw_interfaces/environment/ament_prefix_path.sh
-- Up-to-date: /mnt/c/ROS2/robotic-waitress/install/rw_interfaces/share/rw_interfaces/environment/ament_prefix_path.dsv
-- Up-to-date: /mnt/c/ROS2/robotic-waitress/install/rw_interfaces/share/rw_interfaces/environment/path.sh
-- Up-to-date: /mnt/c/ROS2/robotic-waitress/install/rw_interfaces/share/rw_interfaces/environment/path.dsv
-- Up-to-date: /mnt/c/ROS2/robotic-waitress/install/rw_interfaces/share/rw_interfaces/local_setup.bash
-- Up-to-date: /mnt/c/ROS2/robotic-waitress/install/rw_interfaces/share/rw_interfaces/local_setup.sh
-- Up-to-date: /mnt/c/ROS2/robotic-waitress/install/rw_interfaces/share/rw_interfaces/local_setup.zsh
-- Up-to-date: /mnt/c/ROS2/robotic-waitress/install/rw_interfaces/share/rw_interfaces/local_setup.dsv
-- Installing: /mnt/c/ROS2/robotic-waitress/install/rw_interfaces/share/rw_interfaces/package.dsv
-- Up-to-date: /mnt/c/ROS2/robotic-waitress/install/rw_interfaces/share/ament_index/resource_index/packages/rw_interfaces
-- Up-to-date: /mnt/c/ROS2/robotic-waitress/install/rw_interfaces/share/rw_interfaces/cmake/export_rw_interfaces__rosidl_generator_cExport.cmake
-- Up-to-date: /mnt/c/ROS2/robotic-waitress/install/rw_interfaces/share/rw_interfaces/cmake/export_rw_interfaces__rosidl_generator_cExport-noconfig.cmake
-- Up-to-date: /mnt/c/ROS2/robotic-waitress/install/rw_interfaces/share/rw_interfaces/cmake/export_rw_interfaces__rosidl_typesupport_fastrtps_cExport.cmake
-- Up-to-date: /mnt/c/ROS2/robotic-waitress/install/rw_interfaces/share/rw_interfaces/cmake/export_rw_interfaces__rosidl_typesupport_fastrtps_cExport-noconfig.cmake
-- Up-to-date: /mnt/c/ROS2/robotic-waitress/install/rw_interfaces/share/rw_interfaces/cmake/rw_interfaces__rosidl_typesupport_introspection_cExport.cmake
-- Up-to-date: /mnt/c/ROS2/robotic-waitress/install/rw_interfaces/share/rw_interfaces/cmake/rw_interfaces__rosidl_typesupport_introspection_cExport-noconfig.cmake
-- Up-to-date: /mnt/c/ROS2/robotic-waitress/install/rw_interfaces/share/rw_interfaces/cmake/rw_interfaces__rosidl_typesupport_cExport.cmake
-- Up-to-date: /mnt/c/ROS2/robotic-waitress/install/rw_interfaces/share/rw_interfaces/cmake/rw_interfaces__rosidl_typesupport_cExport-noconfig.cmake
-- Up-to-date: /mnt/c/ROS2/robotic-waitress/install/rw_interfaces/share/rw_interfaces/cmake/export_rw_interfaces__rosidl_generator_cppExport.cmake
-- Up-to-date: /mnt/c/ROS2/robotic-waitress/install/rw_interfaces/share/rw_interfaces/cmake/export_rw_interfaces__rosidl_typesupport_fastrtps_cppExport.cmake
-- Up-to-date: /mnt/c/ROS2/robotic-waitress/install/rw_interfaces/share/rw_interfaces/cmake/export_rw_interfaces__rosidl_typesupport_fastrtps_cppExport-noconfig.cmake
-- Up-to-date: /mnt/c/ROS2/robotic-waitress/install/rw_interfaces/share/rw_interfaces/cmake/rw_interfaces__rosidl_typesupport_introspection_cppExport.cmake
-- Up-to-date: /mnt/c/ROS2/robotic-waitress/install/rw_interfaces/share/rw_interfaces/cmake/rw_interfaces__rosidl_typesupport_introspection_cppExport-noconfig.cmake
-- Up-to-date: /mnt/c/ROS2/robotic-waitress/install/rw_interfaces/share/rw_interfaces/cmake/rw_interfaces__rosidl_typesupport_cppExport.cmake
-- Up-to-date: /mnt/c/ROS2/robotic-waitress/install/rw_interfaces/share/rw_interfaces/cmake/rw_interfaces__rosidl_typesupport_cppExport-noconfig.cmake
-- Up-to-date: /mnt/c/ROS2/robotic-waitress/install/rw_interfaces/share/rw_interfaces/cmake/export_rw_interfaces__rosidl_generator_pyExport.cmake
-- Up-to-date: /mnt/c/ROS2/robotic-waitress/install/rw_interfaces/share/rw_interfaces/cmake/export_rw_interfaces__rosidl_generator_pyExport-noconfig.cmake
-- Up-to-date: /mnt/c/ROS2/robotic-waitress/install/rw_interfaces/share/rw_interfaces/cmake/rosidl_cmake-extras.cmake
-- Up-to-date: /mnt/c/ROS2/robotic-waitress/install/rw_interfaces/share/rw_interfaces/cmake/ament_cmake_export_dependencies-extras.cmake
-- Up-to-date: /mnt/c/ROS2/robotic-waitress/install/rw_interfaces/share/rw_interfaces/cmake/ament_cmake_export_include_directories-extras.cmake
-- Up-to-date: /mnt/c/ROS2/robotic-waitress/install/rw_interfaces/share/rw_interfaces/cmake/ament_cmake_export_libraries-extras.cmake
-- Up-to-date: /mnt/c/ROS2/robotic-waitress/install/rw_interfaces/share/rw_interfaces/cmake/ament_cmake_export_targets-extras.cmake
-- Up-to-date: /mnt/c/ROS2/robotic-waitress/install/rw_interfaces/share/rw_interfaces/cmake/rosidl_cmake_export_typesupport_targets-extras.cmake
-- Up-to-date: /mnt/c/ROS2/robotic-waitress/install/rw_interfaces/share/rw_interfaces/cmake/rosidl_cmake_export_typesupport_libraries-extras.cmake
-- Up-to-date: /mnt/c/ROS2/robotic-waitress/install/rw_interfaces/share/rw_interfaces/cmake/rw_interfacesConfig.cmake
-- Up-to-date: /mnt/c/ROS2/robotic-waitress/install/rw_interfaces/share/rw_interfaces/cmake/rw_interfacesConfig-version.cmake
-- Up-to-date: /mnt/c/ROS2/robotic-waitress/install/rw_interfaces/share/rw_interfaces/package.xml
