[0.093s] Invoking command in '/mnt/c/ROS2/robotic-waitress/build/rw_interfaces': CMAKE_PREFIX_PATH=/opt/ros/humble /usr/bin/cmake --build /mnt/c/ROS2/robotic-waitress/build/rw_interfaces -- -j4 -l4
[0.610s] [  2%] Built target rw_interfaces__cpp
[0.656s] [35m[1mConsolidate compiler generated dependencies of target rw_interfaces__rosidl_generator_c[0m
[0.877s] [35m[1mConsolidate compiler generated dependencies of target rw_interfaces__rosidl_typesupport_cpp[0m
[0.987s] [35m[1mConsolidate compiler generated dependencies of target rw_interfaces__rosidl_typesupport_fastrtps_cpp[0m
[1.252s] [ 12%] Built target rw_interfaces__rosidl_generator_c
[1.627s] [35m[1mConsolidate compiler generated dependencies of target rw_interfaces__rosidl_typesupport_introspection_cpp[0m
[1.781s] [ 23%] Built target rw_interfaces__rosidl_typesupport_cpp
[2.043s] [ 33%] Built target rw_interfaces__rosidl_typesupport_fastrtps_cpp
[2.130s] [35m[1mConsolidate compiler generated dependencies of target rw_interfaces__rosidl_typesupport_fastrtps_c[0m
[2.368s] [35m[1mConsolidate compiler generated dependencies of target rw_interfaces__rosidl_typesupport_introspection_c[0m
[2.405s] [ 33%] Built target ament_cmake_python_copy_rw_interfaces
[2.573s] [ 43%] Built target rw_interfaces__rosidl_typesupport_introspection_cpp
[2.690s] [35m[1mConsolidate compiler generated dependencies of target rw_interfaces__rosidl_typesupport_c[0m
[3.119s] [ 53%] Built target rw_interfaces__rosidl_typesupport_introspection_c
[3.197s] [ 64%] Built target rw_interfaces__rosidl_typesupport_c
[3.260s] [ 74%] Built target rw_interfaces__rosidl_typesupport_fastrtps_c
[3.368s] [ 74%] Built target rw_interfaces
[3.596s] [ 76%] Built target rw_interfaces__py
[3.702s] [35m[1mConsolidate compiler generated dependencies of target rw_interfaces__rosidl_generator_py[0m
[3.895s] running egg_info
[3.902s] writing rw_interfaces.egg-info/PKG-INFO
[3.914s] writing dependency_links to rw_interfaces.egg-info/dependency_links.txt
[3.930s] writing top-level names to rw_interfaces.egg-info/top_level.txt
[4.008s] reading manifest file 'rw_interfaces.egg-info/SOURCES.txt'
[4.099s] writing manifest file 'rw_interfaces.egg-info/SOURCES.txt'
[4.188s] [ 76%] Built target ament_cmake_python_build_rw_interfaces_egg
[4.249s] [ 84%] Built target rw_interfaces__rosidl_generator_py
[4.366s] [35m[1mConsolidate compiler generated dependencies of target rw_interfaces__rosidl_typesupport_introspection_c__pyext[0m
[4.368s] [35m[1mConsolidate compiler generated dependencies of target rw_interfaces__rosidl_typesupport_fastrtps_c__pyext[0m
[4.372s] [35m[1mConsolidate compiler generated dependencies of target rw_interfaces__rosidl_typesupport_c__pyext[0m
[4.992s] [ 89%] Built target rw_interfaces__rosidl_typesupport_c__pyext
[5.013s] [ 94%] Built target rw_interfaces__rosidl_typesupport_fastrtps_c__pyext
[5.033s] [100%] Built target rw_interfaces__rosidl_typesupport_introspection_c__pyext
[5.262s] Invoked command in '/mnt/c/ROS2/robotic-waitress/build/rw_interfaces' returned '0': CMAKE_PREFIX_PATH=/opt/ros/humble /usr/bin/cmake --build /mnt/c/ROS2/robotic-waitress/build/rw_interfaces -- -j4 -l4
[5.445s] Invoking command in '/mnt/c/ROS2/robotic-waitress/build/rw_interfaces': CMAKE_PREFIX_PATH=/opt/ros/humble /usr/bin/cmake --install /mnt/c/ROS2/robotic-waitress/build/rw_interfaces
[5.464s] -- Install configuration: ""
[5.507s] -- Up-to-date: /mnt/c/ROS2/robotic-waitress/install/rw_interfaces/share/ament_index/resource_index/rosidl_interfaces/rw_interfaces
[5.532s] -- Up-to-date: /mnt/c/ROS2/robotic-waitress/install/rw_interfaces/include/rw_interfaces/rw_interfaces
[5.566s] -- Up-to-date: /mnt/c/ROS2/robotic-waitress/install/rw_interfaces/include/rw_interfaces/rw_interfaces/msg
[5.608s] -- Up-to-date: /mnt/c/ROS2/robotic-waitress/install/rw_interfaces/include/rw_interfaces/rw_interfaces/msg/detail
[5.663s] -- Up-to-date: /mnt/c/ROS2/robotic-waitress/install/rw_interfaces/include/rw_interfaces/rw_interfaces/msg/detail/detections_vector__functions.c
[5.704s] -- Up-to-date: /mnt/c/ROS2/robotic-waitress/install/rw_interfaces/include/rw_interfaces/rw_interfaces/msg/detail/detections_vector__functions.h
[5.749s] -- Up-to-date: /mnt/c/ROS2/robotic-waitress/install/rw_interfaces/include/rw_interfaces/rw_interfaces/msg/detail/detections_vector__struct.h
[5.791s] -- Up-to-date: /mnt/c/ROS2/robotic-waitress/install/rw_interfaces/include/rw_interfaces/rw_interfaces/msg/detail/detections_vector__type_support.h
[5.836s] -- Up-to-date: /mnt/c/ROS2/robotic-waitress/install/rw_interfaces/include/rw_interfaces/rw_interfaces/msg/detail/ultrasonic__functions.c
[5.876s] -- Up-to-date: /mnt/c/ROS2/robotic-waitress/install/rw_interfaces/include/rw_interfaces/rw_interfaces/msg/detail/ultrasonic__functions.h
[5.909s] -- Up-to-date: /mnt/c/ROS2/robotic-waitress/install/rw_interfaces/include/rw_interfaces/rw_interfaces/msg/detail/ultrasonic__struct.h
[5.942s] -- Up-to-date: /mnt/c/ROS2/robotic-waitress/install/rw_interfaces/include/rw_interfaces/rw_interfaces/msg/detail/ultrasonic__type_support.h
[5.969s] -- Up-to-date: /mnt/c/ROS2/robotic-waitress/install/rw_interfaces/include/rw_interfaces/rw_interfaces/msg/detections_vector.h
[5.996s] -- Up-to-date: /mnt/c/ROS2/robotic-waitress/install/rw_interfaces/include/rw_interfaces/rw_interfaces/msg/rosidl_generator_c__visibility_control.h
[6.025s] -- Up-to-date: /mnt/c/ROS2/robotic-waitress/install/rw_interfaces/include/rw_interfaces/rw_interfaces/msg/ultrasonic.h
[6.048s] -- Up-to-date: /mnt/c/ROS2/robotic-waitress/install/rw_interfaces/share/rw_interfaces/environment/library_path.sh
[6.074s] -- Up-to-date: /mnt/c/ROS2/robotic-waitress/install/rw_interfaces/share/rw_interfaces/environment/library_path.dsv
[6.129s] -- Up-to-date: /mnt/c/ROS2/robotic-waitress/install/rw_interfaces/lib/librw_interfaces__rosidl_generator_c.so
[6.174s] -- Up-to-date: /mnt/c/ROS2/robotic-waitress/install/rw_interfaces/include/rw_interfaces/rw_interfaces
[6.202s] -- Up-to-date: /mnt/c/ROS2/robotic-waitress/install/rw_interfaces/include/rw_interfaces/rw_interfaces/msg
[6.235s] -- Up-to-date: /mnt/c/ROS2/robotic-waitress/install/rw_interfaces/include/rw_interfaces/rw_interfaces/msg/detail
[6.278s] -- Up-to-date: /mnt/c/ROS2/robotic-waitress/install/rw_interfaces/include/rw_interfaces/rw_interfaces/msg/detail/detections_vector__rosidl_typesupport_fastrtps_c.h
[6.309s] -- Up-to-date: /mnt/c/ROS2/robotic-waitress/install/rw_interfaces/include/rw_interfaces/rw_interfaces/msg/detail/ultrasonic__rosidl_typesupport_fastrtps_c.h
[6.340s] -- Up-to-date: /mnt/c/ROS2/robotic-waitress/install/rw_interfaces/include/rw_interfaces/rw_interfaces/msg/rosidl_typesupport_fastrtps_c__visibility_control.h
[6.404s] -- Up-to-date: /mnt/c/ROS2/robotic-waitress/install/rw_interfaces/lib/librw_interfaces__rosidl_typesupport_fastrtps_c.so
[6.485s] -- Up-to-date: /mnt/c/ROS2/robotic-waitress/install/rw_interfaces/include/rw_interfaces/rw_interfaces
[6.523s] -- Up-to-date: /mnt/c/ROS2/robotic-waitress/install/rw_interfaces/include/rw_interfaces/rw_interfaces/msg
[6.565s] -- Up-to-date: /mnt/c/ROS2/robotic-waitress/install/rw_interfaces/include/rw_interfaces/rw_interfaces/msg/detail
[6.621s] -- Up-to-date: /mnt/c/ROS2/robotic-waitress/install/rw_interfaces/include/rw_interfaces/rw_interfaces/msg/detail/detections_vector__rosidl_typesupport_introspection_c.h
[6.663s] -- Up-to-date: /mnt/c/ROS2/robotic-waitress/install/rw_interfaces/include/rw_interfaces/rw_interfaces/msg/detail/detections_vector__type_support.c
[6.703s] -- Up-to-date: /mnt/c/ROS2/robotic-waitress/install/rw_interfaces/include/rw_interfaces/rw_interfaces/msg/detail/ultrasonic__rosidl_typesupport_introspection_c.h
[6.745s] -- Up-to-date: /mnt/c/ROS2/robotic-waitress/install/rw_interfaces/include/rw_interfaces/rw_interfaces/msg/detail/ultrasonic__type_support.c
[6.781s] -- Up-to-date: /mnt/c/ROS2/robotic-waitress/install/rw_interfaces/include/rw_interfaces/rw_interfaces/msg/rosidl_typesupport_introspection_c__visibility_control.h
[6.836s] -- Up-to-date: /mnt/c/ROS2/robotic-waitress/install/rw_interfaces/lib/librw_interfaces__rosidl_typesupport_introspection_c.so
[6.926s] -- Up-to-date: /mnt/c/ROS2/robotic-waitress/install/rw_interfaces/lib/librw_interfaces__rosidl_typesupport_c.so
[6.983s] -- Up-to-date: /mnt/c/ROS2/robotic-waitress/install/rw_interfaces/include/rw_interfaces/rw_interfaces
[7.019s] -- Up-to-date: /mnt/c/ROS2/robotic-waitress/install/rw_interfaces/include/rw_interfaces/rw_interfaces/msg
[7.063s] -- Up-to-date: /mnt/c/ROS2/robotic-waitress/install/rw_interfaces/include/rw_interfaces/rw_interfaces/msg/detail
[7.117s] -- Up-to-date: /mnt/c/ROS2/robotic-waitress/install/rw_interfaces/include/rw_interfaces/rw_interfaces/msg/detail/detections_vector__builder.hpp
[7.157s] -- Up-to-date: /mnt/c/ROS2/robotic-waitress/install/rw_interfaces/include/rw_interfaces/rw_interfaces/msg/detail/detections_vector__struct.hpp
[7.198s] -- Up-to-date: /mnt/c/ROS2/robotic-waitress/install/rw_interfaces/include/rw_interfaces/rw_interfaces/msg/detail/detections_vector__traits.hpp
[7.242s] -- Up-to-date: /mnt/c/ROS2/robotic-waitress/install/rw_interfaces/include/rw_interfaces/rw_interfaces/msg/detail/ultrasonic__builder.hpp
[7.282s] -- Up-to-date: /mnt/c/ROS2/robotic-waitress/install/rw_interfaces/include/rw_interfaces/rw_interfaces/msg/detail/ultrasonic__struct.hpp
[7.323s] -- Up-to-date: /mnt/c/ROS2/robotic-waitress/install/rw_interfaces/include/rw_interfaces/rw_interfaces/msg/detail/ultrasonic__traits.hpp
[7.362s] -- Up-to-date: /mnt/c/ROS2/robotic-waitress/install/rw_interfaces/include/rw_interfaces/rw_interfaces/msg/detections_vector.hpp
[7.399s] -- Up-to-date: /mnt/c/ROS2/robotic-waitress/install/rw_interfaces/include/rw_interfaces/rw_interfaces/msg/ultrasonic.hpp
[7.430s] -- Up-to-date: /mnt/c/ROS2/robotic-waitress/install/rw_interfaces/include/rw_interfaces/rw_interfaces
[7.467s] -- Up-to-date: /mnt/c/ROS2/robotic-waitress/install/rw_interfaces/include/rw_interfaces/rw_interfaces/msg
[7.509s] -- Up-to-date: /mnt/c/ROS2/robotic-waitress/install/rw_interfaces/include/rw_interfaces/rw_interfaces/msg/detail
[7.557s] -- Up-to-date: /mnt/c/ROS2/robotic-waitress/install/rw_interfaces/include/rw_interfaces/rw_interfaces/msg/detail/dds_fastrtps
[7.615s] -- Up-to-date: /mnt/c/ROS2/robotic-waitress/install/rw_interfaces/include/rw_interfaces/rw_interfaces/msg/detail/detections_vector__rosidl_typesupport_fastrtps_cpp.hpp
[7.657s] -- Up-to-date: /mnt/c/ROS2/robotic-waitress/install/rw_interfaces/include/rw_interfaces/rw_interfaces/msg/detail/ultrasonic__rosidl_typesupport_fastrtps_cpp.hpp
[7.692s] -- Up-to-date: /mnt/c/ROS2/robotic-waitress/install/rw_interfaces/include/rw_interfaces/rw_interfaces/msg/rosidl_typesupport_fastrtps_cpp__visibility_control.h
[7.750s] -- Up-to-date: /mnt/c/ROS2/robotic-waitress/install/rw_interfaces/lib/librw_interfaces__rosidl_typesupport_fastrtps_cpp.so
[7.805s] -- Up-to-date: /mnt/c/ROS2/robotic-waitress/install/rw_interfaces/include/rw_interfaces/rw_interfaces
[7.840s] -- Up-to-date: /mnt/c/ROS2/robotic-waitress/install/rw_interfaces/include/rw_interfaces/rw_interfaces/msg
[7.879s] -- Up-to-date: /mnt/c/ROS2/robotic-waitress/install/rw_interfaces/include/rw_interfaces/rw_interfaces/msg/detail
[7.933s] -- Up-to-date: /mnt/c/ROS2/robotic-waitress/install/rw_interfaces/include/rw_interfaces/rw_interfaces/msg/detail/detections_vector__rosidl_typesupport_introspection_cpp.hpp
[7.965s] -- Up-to-date: /mnt/c/ROS2/robotic-waitress/install/rw_interfaces/include/rw_interfaces/rw_interfaces/msg/detail/detections_vector__type_support.cpp
[7.999s] -- Up-to-date: /mnt/c/ROS2/robotic-waitress/install/rw_interfaces/include/rw_interfaces/rw_interfaces/msg/detail/ultrasonic__rosidl_typesupport_introspection_cpp.hpp
[8.033s] -- Up-to-date: /mnt/c/ROS2/robotic-waitress/install/rw_interfaces/include/rw_interfaces/rw_interfaces/msg/detail/ultrasonic__type_support.cpp
[8.080s] -- Up-to-date: /mnt/c/ROS2/robotic-waitress/install/rw_interfaces/lib/librw_interfaces__rosidl_typesupport_introspection_cpp.so
[8.152s] -- Up-to-date: /mnt/c/ROS2/robotic-waitress/install/rw_interfaces/lib/librw_interfaces__rosidl_typesupport_cpp.so
[8.205s] -- Up-to-date: /mnt/c/ROS2/robotic-waitress/install/rw_interfaces/share/rw_interfaces/environment/pythonpath.sh
[8.234s] -- Up-to-date: /mnt/c/ROS2/robotic-waitress/install/rw_interfaces/share/rw_interfaces/environment/pythonpath.dsv
[8.254s] -- Up-to-date: /mnt/c/ROS2/robotic-waitress/install/rw_interfaces/local/lib/python3.10/dist-packages/rw_interfaces-0.0.0-py3.10.egg-info
[8.299s] -- Installing: /mnt/c/ROS2/robotic-waitress/install/rw_interfaces/local/lib/python3.10/dist-packages/rw_interfaces-0.0.0-py3.10.egg-info/dependency_links.txt
[8.451s] -- Installing: /mnt/c/ROS2/robotic-waitress/install/rw_interfaces/local/lib/python3.10/dist-packages/rw_interfaces-0.0.0-py3.10.egg-info/PKG-INFO
[8.595s] -- Installing: /mnt/c/ROS2/robotic-waitress/install/rw_interfaces/local/lib/python3.10/dist-packages/rw_interfaces-0.0.0-py3.10.egg-info/SOURCES.txt
[8.738s] -- Installing: /mnt/c/ROS2/robotic-waitress/install/rw_interfaces/local/lib/python3.10/dist-packages/rw_interfaces-0.0.0-py3.10.egg-info/top_level.txt
[8.866s] -- Up-to-date: /mnt/c/ROS2/robotic-waitress/install/rw_interfaces/local/lib/python3.10/dist-packages/rw_interfaces
[8.914s] -- Up-to-date: /mnt/c/ROS2/robotic-waitress/install/rw_interfaces/local/lib/python3.10/dist-packages/rw_interfaces/librw_interfaces__rosidl_generator_py.so
[8.944s] -- Up-to-date: /mnt/c/ROS2/robotic-waitress/install/rw_interfaces/local/lib/python3.10/dist-packages/rw_interfaces/msg
[8.998s] -- Up-to-date: /mnt/c/ROS2/robotic-waitress/install/rw_interfaces/local/lib/python3.10/dist-packages/rw_interfaces/msg/_detections_vector.py
[9.041s] -- Up-to-date: /mnt/c/ROS2/robotic-waitress/install/rw_interfaces/local/lib/python3.10/dist-packages/rw_interfaces/msg/_detections_vector_s.c
[9.080s] -- Up-to-date: /mnt/c/ROS2/robotic-waitress/install/rw_interfaces/local/lib/python3.10/dist-packages/rw_interfaces/msg/_ultrasonic.py
[9.122s] -- Up-to-date: /mnt/c/ROS2/robotic-waitress/install/rw_interfaces/local/lib/python3.10/dist-packages/rw_interfaces/msg/_ultrasonic_s.c
[9.163s] -- Up-to-date: /mnt/c/ROS2/robotic-waitress/install/rw_interfaces/local/lib/python3.10/dist-packages/rw_interfaces/msg/__init__.py
[9.198s] -- Up-to-date: /mnt/c/ROS2/robotic-waitress/install/rw_interfaces/local/lib/python3.10/dist-packages/rw_interfaces/rw_interfaces_s__rosidl_typesupport_c.cpython-310-x86_64-linux-gnu.so
[9.232s] -- Up-to-date: /mnt/c/ROS2/robotic-waitress/install/rw_interfaces/local/lib/python3.10/dist-packages/rw_interfaces/rw_interfaces_s__rosidl_typesupport_fastrtps_c.cpython-310-x86_64-linux-gnu.so
[9.269s] -- Up-to-date: /mnt/c/ROS2/robotic-waitress/install/rw_interfaces/local/lib/python3.10/dist-packages/rw_interfaces/rw_interfaces_s__rosidl_typesupport_introspection_c.cpython-310-x86_64-linux-gnu.so
[9.303s] -- Up-to-date: /mnt/c/ROS2/robotic-waitress/install/rw_interfaces/local/lib/python3.10/dist-packages/rw_interfaces/_rw_interfaces_s.ep.rosidl_typesupport_c.c
[9.340s] -- Up-to-date: /mnt/c/ROS2/robotic-waitress/install/rw_interfaces/local/lib/python3.10/dist-packages/rw_interfaces/_rw_interfaces_s.ep.rosidl_typesupport_fastrtps_c.c
[9.381s] -- Up-to-date: /mnt/c/ROS2/robotic-waitress/install/rw_interfaces/local/lib/python3.10/dist-packages/rw_interfaces/_rw_interfaces_s.ep.rosidl_typesupport_introspection_c.c
[9.417s] -- Up-to-date: /mnt/c/ROS2/robotic-waitress/install/rw_interfaces/local/lib/python3.10/dist-packages/rw_interfaces/__init__.py
[9.705s] Listing '/mnt/c/ROS2/robotic-waitress/install/rw_interfaces/local/lib/python3.10/dist-packages/rw_interfaces'...
[9.707s] Listing '/mnt/c/ROS2/robotic-waitress/install/rw_interfaces/local/lib/python3.10/dist-packages/rw_interfaces/msg'...
[9.797s] -- Up-to-date: /mnt/c/ROS2/robotic-waitress/install/rw_interfaces/local/lib/python3.10/dist-packages/rw_interfaces/rw_interfaces_s__rosidl_typesupport_fastrtps_c.cpython-310-x86_64-linux-gnu.so
[9.950s] -- Up-to-date: /mnt/c/ROS2/robotic-waitress/install/rw_interfaces/local/lib/python3.10/dist-packages/rw_interfaces/rw_interfaces_s__rosidl_typesupport_introspection_c.cpython-310-x86_64-linux-gnu.so
[10.108s] -- Up-to-date: /mnt/c/ROS2/robotic-waitress/install/rw_interfaces/local/lib/python3.10/dist-packages/rw_interfaces/rw_interfaces_s__rosidl_typesupport_c.cpython-310-x86_64-linux-gnu.so
[10.240s] -- Up-to-date: /mnt/c/ROS2/robotic-waitress/install/rw_interfaces/lib/librw_interfaces__rosidl_generator_py.so
[10.317s] -- Up-to-date: /mnt/c/ROS2/robotic-waitress/install/rw_interfaces/share/rw_interfaces/msg/Ultrasonic.idl
[10.362s] -- Up-to-date: /mnt/c/ROS2/robotic-waitress/install/rw_interfaces/share/rw_interfaces/msg/DetectionsVector.idl
[10.413s] -- Up-to-date: /mnt/c/ROS2/robotic-waitress/install/rw_interfaces/share/rw_interfaces/msg/Ultrasonic.msg
[10.473s] -- Up-to-date: /mnt/c/ROS2/robotic-waitress/install/rw_interfaces/share/rw_interfaces/msg/DetectionsVector.msg
[10.535s] -- Up-to-date: /mnt/c/ROS2/robotic-waitress/install/rw_interfaces/share/ament_index/resource_index/package_run_dependencies/rw_interfaces
[10.585s] -- Up-to-date: /mnt/c/ROS2/robotic-waitress/install/rw_interfaces/share/ament_index/resource_index/parent_prefix_path/rw_interfaces
[10.612s] -- Up-to-date: /mnt/c/ROS2/robotic-waitress/install/rw_interfaces/share/rw_interfaces/environment/ament_prefix_path.sh
[10.646s] -- Up-to-date: /mnt/c/ROS2/robotic-waitress/install/rw_interfaces/share/rw_interfaces/environment/ament_prefix_path.dsv
[10.671s] -- Up-to-date: /mnt/c/ROS2/robotic-waitress/install/rw_interfaces/share/rw_interfaces/environment/path.sh
[10.703s] -- Up-to-date: /mnt/c/ROS2/robotic-waitress/install/rw_interfaces/share/rw_interfaces/environment/path.dsv
[10.735s] -- Up-to-date: /mnt/c/ROS2/robotic-waitress/install/rw_interfaces/share/rw_interfaces/local_setup.bash
[10.766s] -- Up-to-date: /mnt/c/ROS2/robotic-waitress/install/rw_interfaces/share/rw_interfaces/local_setup.sh
[10.794s] -- Up-to-date: /mnt/c/ROS2/robotic-waitress/install/rw_interfaces/share/rw_interfaces/local_setup.zsh
[10.823s] -- Up-to-date: /mnt/c/ROS2/robotic-waitress/install/rw_interfaces/share/rw_interfaces/local_setup.dsv
[10.852s] -- Installing: /mnt/c/ROS2/robotic-waitress/install/rw_interfaces/share/rw_interfaces/package.dsv
[10.945s] -- Up-to-date: /mnt/c/ROS2/robotic-waitress/install/rw_interfaces/share/ament_index/resource_index/packages/rw_interfaces
[10.999s] -- Up-to-date: /mnt/c/ROS2/robotic-waitress/install/rw_interfaces/share/rw_interfaces/cmake/export_rw_interfaces__rosidl_generator_cExport.cmake
[11.037s] -- Up-to-date: /mnt/c/ROS2/robotic-waitress/install/rw_interfaces/share/rw_interfaces/cmake/export_rw_interfaces__rosidl_generator_cExport-noconfig.cmake
[11.091s] -- Up-to-date: /mnt/c/ROS2/robotic-waitress/install/rw_interfaces/share/rw_interfaces/cmake/export_rw_interfaces__rosidl_typesupport_fastrtps_cExport.cmake
[11.128s] -- Up-to-date: /mnt/c/ROS2/robotic-waitress/install/rw_interfaces/share/rw_interfaces/cmake/export_rw_interfaces__rosidl_typesupport_fastrtps_cExport-noconfig.cmake
[11.185s] -- Up-to-date: /mnt/c/ROS2/robotic-waitress/install/rw_interfaces/share/rw_interfaces/cmake/rw_interfaces__rosidl_typesupport_introspection_cExport.cmake
[11.219s] -- Up-to-date: /mnt/c/ROS2/robotic-waitress/install/rw_interfaces/share/rw_interfaces/cmake/rw_interfaces__rosidl_typesupport_introspection_cExport-noconfig.cmake
[11.273s] -- Up-to-date: /mnt/c/ROS2/robotic-waitress/install/rw_interfaces/share/rw_interfaces/cmake/rw_interfaces__rosidl_typesupport_cExport.cmake
[11.308s] -- Up-to-date: /mnt/c/ROS2/robotic-waitress/install/rw_interfaces/share/rw_interfaces/cmake/rw_interfaces__rosidl_typesupport_cExport-noconfig.cmake
[11.376s] -- Up-to-date: /mnt/c/ROS2/robotic-waitress/install/rw_interfaces/share/rw_interfaces/cmake/export_rw_interfaces__rosidl_generator_cppExport.cmake
[11.434s] -- Up-to-date: /mnt/c/ROS2/robotic-waitress/install/rw_interfaces/share/rw_interfaces/cmake/export_rw_interfaces__rosidl_typesupport_fastrtps_cppExport.cmake
[11.468s] -- Up-to-date: /mnt/c/ROS2/robotic-waitress/install/rw_interfaces/share/rw_interfaces/cmake/export_rw_interfaces__rosidl_typesupport_fastrtps_cppExport-noconfig.cmake
[11.521s] -- Up-to-date: /mnt/c/ROS2/robotic-waitress/install/rw_interfaces/share/rw_interfaces/cmake/rw_interfaces__rosidl_typesupport_introspection_cppExport.cmake
[11.561s] -- Up-to-date: /mnt/c/ROS2/robotic-waitress/install/rw_interfaces/share/rw_interfaces/cmake/rw_interfaces__rosidl_typesupport_introspection_cppExport-noconfig.cmake
[11.614s] -- Up-to-date: /mnt/c/ROS2/robotic-waitress/install/rw_interfaces/share/rw_interfaces/cmake/rw_interfaces__rosidl_typesupport_cppExport.cmake
[11.654s] -- Up-to-date: /mnt/c/ROS2/robotic-waitress/install/rw_interfaces/share/rw_interfaces/cmake/rw_interfaces__rosidl_typesupport_cppExport-noconfig.cmake
[11.724s] -- Up-to-date: /mnt/c/ROS2/robotic-waitress/install/rw_interfaces/share/rw_interfaces/cmake/export_rw_interfaces__rosidl_generator_pyExport.cmake
[11.769s] -- Up-to-date: /mnt/c/ROS2/robotic-waitress/install/rw_interfaces/share/rw_interfaces/cmake/export_rw_interfaces__rosidl_generator_pyExport-noconfig.cmake
[11.802s] -- Up-to-date: /mnt/c/ROS2/robotic-waitress/install/rw_interfaces/share/rw_interfaces/cmake/rosidl_cmake-extras.cmake
[11.837s] -- Up-to-date: /mnt/c/ROS2/robotic-waitress/install/rw_interfaces/share/rw_interfaces/cmake/ament_cmake_export_dependencies-extras.cmake
[11.870s] -- Up-to-date: /mnt/c/ROS2/robotic-waitress/install/rw_interfaces/share/rw_interfaces/cmake/ament_cmake_export_include_directories-extras.cmake
[11.904s] -- Up-to-date: /mnt/c/ROS2/robotic-waitress/install/rw_interfaces/share/rw_interfaces/cmake/ament_cmake_export_libraries-extras.cmake
[11.936s] -- Up-to-date: /mnt/c/ROS2/robotic-waitress/install/rw_interfaces/share/rw_interfaces/cmake/ament_cmake_export_targets-extras.cmake
[11.969s] -- Up-to-date: /mnt/c/ROS2/robotic-waitress/install/rw_interfaces/share/rw_interfaces/cmake/rosidl_cmake_export_typesupport_targets-extras.cmake
[12.002s] -- Up-to-date: /mnt/c/ROS2/robotic-waitress/install/rw_interfaces/share/rw_interfaces/cmake/rosidl_cmake_export_typesupport_libraries-extras.cmake
[12.037s] -- Up-to-date: /mnt/c/ROS2/robotic-waitress/install/rw_interfaces/share/rw_interfaces/cmake/rw_interfacesConfig.cmake
[12.063s] -- Up-to-date: /mnt/c/ROS2/robotic-waitress/install/rw_interfaces/share/rw_interfaces/cmake/rw_interfacesConfig-version.cmake
[12.098s] -- Up-to-date: /mnt/c/ROS2/robotic-waitress/install/rw_interfaces/share/rw_interfaces/package.xml
[12.129s] Invoked command in '/mnt/c/ROS2/robotic-waitress/build/rw_interfaces' returned '0': CMAKE_PREFIX_PATH=/opt/ros/humble /usr/bin/cmake --install /mnt/c/ROS2/robotic-waitress/build/rw_interfaces
